
     Program THERMO_PW v.7.2 starts on 20Feb2024 at 11: 1:47 

     This program is part of the open-source Quantum ESPRESSO suite
     for quantum simulation of materials; please cite
         "P. Giannozzi et al., J. Phys.:Condens. Matter 21 395502 (2009);
         "P. Giannozzi et al., J. Phys.:Condens. Matter 29 465901 (2017);
         "P. Giannozzi et al., J. Chem. Phys. 152 154105 (2020);
          URL http://www.quantum-espresso.org", 
     in publications or presentations arising from this work. More details at
     http://www.quantum-espresso.org/quote

     Parallel version (MPI), running on    40 processors

     MPI processes distributed on     3 nodes
     K-points division:     npool     =       5
     R & G space division:  proc/nbgrp/npool/nimage =       8
     295635 MiB available memory on the printing compute node when the environment starts

     Reading input from _temporary_1
     file Sc.pz-spn-kjpaw_psl.1.0.0.UPF: wavefunction(s)  3S 3P 3D renormalized

   Info: using nr1, nr2, nr3 values from input


     Doing a phonon calculation

     FFT mesh: (   36,   36,   54 )

     Bravais lattice:

     ibrav=  4: hexagonal
     Cell parameters:

     alat=   6.093687 a.u., c/a=   1.546365


     Starting primitive lattice vectors:
     crystal axes: (cart. coord. in units of alat)

               a(1) = (   1.000000   0.000000   0.000000 )  
               a(2) = (  -0.500000   0.866025   0.000000 )  
               a(3) = (   0.000000   0.000000   1.546365 )  

     Starting reciprocal lattice vectors:
     reciprocal axes: (cart. coord. in units 2 pi/alat)

               b(1) = (  1.000000  0.577350 -0.000000 )  
               b(2) = (  0.000000  1.154701  0.000000 )  
               b(3) = (  0.000000 -0.000000  0.646678 )  

     Starting atomic positions in Cartesian axes:

     site n.     atom                  positions (alat units)
         1           Sc  tau(   1) = (   0.0000000   0.0000000   0.0000000  )
         2           Sc  tau(   2) = (   0.5000000   0.2886751   0.7731825  )

     Starting atomic positions in crystallographic axes:

     site n.     atom                  positions (cryst. coord.)
         1           Sc  tau(   1) = (  0.0000000  0.0000000  0.0000000  )
         2           Sc  tau(   2) = (  0.6666667  0.3333333  0.5000000  )

     The point group 111 D_6h(6/mmm) is compatible with the Bravais lattice.

     The rotation matrices with the order used inside thermo_pw are:

     24 Sym. Ops., with inversion, found (12 have fractional translation)


                          s                  frac. trans.

      isym =  1     identity                                     

 cryst.   s( 1) = (  1    0    0   )
                  (  0    1    0   )
                  (  0    0    1   )

 cart.    s( 1) = (  1.000  0.000  0.000 )
                  (  0.000  1.000  0.000 )
                  (  0.000  0.000  1.000 )


      isym =  2     180 deg rotation - cart. axis [0,0,1]        

 cryst.   s( 2) = ( -1      0      0     )    f =(   0.3333 )
                  (  0     -1      0     )       (  -0.3333 )
                  (  0      0      1     )       (  -0.5000 )

 cart.    s( 2) = ( -1.000  0.000  0.000 )    f =(   0.5000 )
                  (  0.000 -1.000  0.000 )       (  -0.2887 )
                  (  0.000  0.000  1.000 )       (  -0.7732 )


      isym =  3     180 deg rotation - cart. axis [0,1,0]        

 cryst.   s( 3) = ( -1    0    0   )
                  (  1    1    0   )
                  (  0    0   -1   )

 cart.    s( 3) = ( -1.000  0.000  0.000 )
                  (  0.000  1.000  0.000 )
                  (  0.000  0.000 -1.000 )


      isym =  4     180 deg rotation - cart. axis [1,0,0]        

 cryst.   s( 4) = (  1      0      0     )    f =(   0.3333 )
                  ( -1     -1      0     )       (  -0.3333 )
                  (  0      0     -1     )       (   0.5000 )

 cart.    s( 4) = (  1.000  0.000  0.000 )    f =(   0.5000 )
                  (  0.000 -1.000  0.000 )       (  -0.2887 )
                  (  0.000  0.000 -1.000 )       (   0.7732 )


      isym =  5      60 deg rotation - cryst. axis [0,0,1]       

 cryst.   s( 5) = (  1      1      0     )    f =(   0.3333 )
                  ( -1      0      0     )       (  -0.3333 )
                  (  0      0      1     )       (  -0.5000 )

 cart.    s( 5) = (  0.500 -0.866  0.000 )    f =(   0.5000 )
                  (  0.866  0.500  0.000 )       (  -0.2887 )
                  (  0.000  0.000  1.000 )       (  -0.7732 )


      isym =  6      60 deg rotation - cryst. axis [0,0,-1]      

 cryst.   s( 6) = (  0     -1      0     )    f =(   0.3333 )
                  (  1      1      0     )       (  -0.3333 )
                  (  0      0      1     )       (  -0.5000 )

 cart.    s( 6) = (  0.500  0.866  0.000 )    f =(   0.5000 )
                  ( -0.866  0.500  0.000 )       (  -0.2887 )
                  (  0.000  0.000  1.000 )       (  -0.7732 )


      isym =  7     120 deg rotation - cryst. axis [0,0,1]       

 cryst.   s( 7) = (  0    1    0   )
                  ( -1   -1    0   )
                  (  0    0    1   )

 cart.    s( 7) = ( -0.500 -0.866  0.000 )
                  (  0.866 -0.500  0.000 )
                  (  0.000  0.000  1.000 )


      isym =  8     120 deg rotation - cryst. axis [0,0,-1]      

 cryst.   s( 8) = ( -1   -1    0   )
                  (  1    0    0   )
                  (  0    0    1   )

 cart.    s( 8) = ( -0.500  0.866  0.000 )
                  ( -0.866 -0.500  0.000 )
                  (  0.000  0.000  1.000 )


      isym =  9     180 deg rotation - cryst. axis [1,-1,0]      

 cryst.   s( 9) = (  0   -1    0   )
                  ( -1    0    0   )
                  (  0    0   -1   )

 cart.    s( 9) = (  0.500 -0.866  0.000 )
                  ( -0.866 -0.500  0.000 )
                  (  0.000  0.000 -1.000 )


      isym = 10     180 deg rotation - cryst. axis [2,1,0]       

 cryst.   s(10) = (  1    1    0   )
                  (  0   -1    0   )
                  (  0    0   -1   )

 cart.    s(10) = (  0.500  0.866  0.000 )
                  (  0.866 -0.500  0.000 )
                  (  0.000  0.000 -1.000 )


      isym = 11     180 deg rotation - cryst. axis [0,1,0]       

 cryst.   s(11) = ( -1     -1      0     )    f =(   0.3333 )
                  (  0      1      0     )       (  -0.3333 )
                  (  0      0     -1     )       (   0.5000 )

 cart.    s(11) = ( -0.500 -0.866  0.000 )    f =(   0.5000 )
                  ( -0.866  0.500  0.000 )       (  -0.2887 )
                  (  0.000  0.000 -1.000 )       (   0.7732 )


      isym = 12     180 deg rotation - cryst. axis [1,1,0]       

 cryst.   s(12) = (  0      1      0     )    f =(   0.3333 )
                  (  1      0      0     )       (  -0.3333 )
                  (  0      0     -1     )       (   0.5000 )

 cart.    s(12) = ( -0.500  0.866  0.000 )    f =(   0.5000 )
                  (  0.866  0.500  0.000 )       (  -0.2887 )
                  (  0.000  0.000 -1.000 )       (   0.7732 )


      isym = 13     inversion                                    

 cryst.   s(13) = ( -1      0      0     )    f =(   0.3333 )
                  (  0     -1      0     )       (  -0.3333 )
                  (  0      0     -1     )       (   0.5000 )

 cart.    s(13) = ( -1.000  0.000  0.000 )    f =(   0.5000 )
                  (  0.000 -1.000  0.000 )       (  -0.2887 )
                  (  0.000  0.000 -1.000 )       (   0.7732 )


      isym = 14     inv. 180 deg rotation - cart. axis [0,0,1]   

 cryst.   s(14) = (  1    0    0   )
                  (  0    1    0   )
                  (  0    0   -1   )

 cart.    s(14) = (  1.000  0.000  0.000 )
                  (  0.000  1.000  0.000 )
                  (  0.000  0.000 -1.000 )


      isym = 15     inv. 180 deg rotation - cart. axis [0,1,0]   

 cryst.   s(15) = (  1      0      0     )    f =(   0.3333 )
                  ( -1     -1      0     )       (  -0.3333 )
                  (  0      0      1     )       (  -0.5000 )

 cart.    s(15) = (  1.000  0.000  0.000 )    f =(   0.5000 )
                  (  0.000 -1.000  0.000 )       (  -0.2887 )
                  (  0.000  0.000  1.000 )       (  -0.7732 )


      isym = 16     inv. 180 deg rotation - cart. axis [1,0,0]   

 cryst.   s(16) = ( -1    0    0   )
                  (  1    1    0   )
                  (  0    0    1   )

 cart.    s(16) = ( -1.000  0.000  0.000 )
                  (  0.000  1.000  0.000 )
                  (  0.000  0.000  1.000 )


      isym = 17     inv.  60 deg rotation - cryst. axis [0,0,1]  

 cryst.   s(17) = ( -1   -1    0   )
                  (  1    0    0   )
                  (  0    0   -1   )

 cart.    s(17) = ( -0.500  0.866  0.000 )
                  ( -0.866 -0.500  0.000 )
                  (  0.000  0.000 -1.000 )


      isym = 18     inv.  60 deg rotation - cryst. axis [0,0,-1] 

 cryst.   s(18) = (  0    1    0   )
                  ( -1   -1    0   )
                  (  0    0   -1   )

 cart.    s(18) = ( -0.500 -0.866  0.000 )
                  (  0.866 -0.500  0.000 )
                  (  0.000  0.000 -1.000 )


      isym = 19     inv. 120 deg rotation - cryst. axis [0,0,1]  

 cryst.   s(19) = (  0     -1      0     )    f =(   0.3333 )
                  (  1      1      0     )       (  -0.3333 )
                  (  0      0     -1     )       (   0.5000 )

 cart.    s(19) = (  0.500  0.866  0.000 )    f =(   0.5000 )
                  ( -0.866  0.500  0.000 )       (  -0.2887 )
                  (  0.000  0.000 -1.000 )       (   0.7732 )


      isym = 20     inv. 120 deg rotation - cryst. axis [0,0,-1] 

 cryst.   s(20) = (  1      1      0     )    f =(   0.3333 )
                  ( -1      0      0     )       (  -0.3333 )
                  (  0      0     -1     )       (   0.5000 )

 cart.    s(20) = (  0.500 -0.866  0.000 )    f =(   0.5000 )
                  (  0.866  0.500  0.000 )       (  -0.2887 )
                  (  0.000  0.000 -1.000 )       (   0.7732 )


      isym = 21     inv. 180 deg rotation - cryst. axis [1,-1,0] 

 cryst.   s(21) = (  0      1      0     )    f =(   0.3333 )
                  (  1      0      0     )       (  -0.3333 )
                  (  0      0      1     )       (  -0.5000 )

 cart.    s(21) = ( -0.500  0.866  0.000 )    f =(   0.5000 )
                  (  0.866  0.500  0.000 )       (  -0.2887 )
                  (  0.000  0.000  1.000 )       (  -0.7732 )


      isym = 22     inv. 180 deg rotation - cryst. axis [2,1,0]  

 cryst.   s(22) = ( -1     -1      0     )    f =(   0.3333 )
                  (  0      1      0     )       (  -0.3333 )
                  (  0      0      1     )       (  -0.5000 )

 cart.    s(22) = ( -0.500 -0.866  0.000 )    f =(   0.5000 )
                  ( -0.866  0.500  0.000 )       (  -0.2887 )
                  (  0.000  0.000  1.000 )       (  -0.7732 )


      isym = 23     inv. 180 deg rotation - cryst. axis [0,1,0]  

 cryst.   s(23) = (  1    1    0   )
                  (  0   -1    0   )
                  (  0    0    1   )

 cart.    s(23) = (  0.500  0.866  0.000 )
                  (  0.866 -0.500  0.000 )
                  (  0.000  0.000  1.000 )


      isym = 24     inv. 180 deg rotation - cryst. axis [1,1,0]  

 cryst.   s(24) = (  0   -1    0   )
                  ( -1    0    0   )
                  (  0    0    1   )

 cart.    s(24) = (  0.500 -0.866  0.000 )
                  ( -0.866 -0.500  0.000 )
                  (  0.000  0.000  1.000 )


     point group D_6h(6/mmm)
     there are 12 classes
     the character table:

       E     2C6   2C3   C2    3C2'  3C2'' i     2S3   2S6   s_h   3s_d  3s_v 
A_1g   1.00  1.00  1.00  1.00  1.00  1.00  1.00  1.00  1.00  1.00  1.00  1.00
A_2g   1.00  1.00  1.00  1.00 -1.00 -1.00  1.00  1.00  1.00  1.00 -1.00 -1.00
B_1g   1.00 -1.00  1.00 -1.00  1.00 -1.00  1.00 -1.00  1.00 -1.00  1.00 -1.00
B_2g   1.00 -1.00  1.00 -1.00 -1.00  1.00  1.00 -1.00  1.00 -1.00 -1.00  1.00
E_1g   2.00  1.00 -1.00 -2.00  0.00  0.00  2.00  1.00 -1.00 -2.00  0.00  0.00
E_2g   2.00 -1.00 -1.00  2.00  0.00  0.00  2.00 -1.00 -1.00  2.00  0.00  0.00
A_1u   1.00  1.00  1.00  1.00  1.00  1.00 -1.00 -1.00 -1.00 -1.00 -1.00 -1.00
A_2u   1.00  1.00  1.00  1.00 -1.00 -1.00 -1.00 -1.00 -1.00 -1.00  1.00  1.00
B_1u   1.00 -1.00  1.00 -1.00  1.00 -1.00 -1.00  1.00 -1.00  1.00 -1.00  1.00
B_2u   1.00 -1.00  1.00 -1.00 -1.00  1.00 -1.00  1.00 -1.00  1.00  1.00 -1.00
E_1u   2.00  1.00 -1.00 -2.00  0.00  0.00 -2.00 -1.00  1.00  2.00  0.00  0.00
E_2u   2.00 -1.00 -1.00  2.00  0.00  0.00 -2.00  1.00  1.00 -2.00  0.00  0.00

     the symmetry operations in each class and the name of the first element:

     E        1
          identity                                               
     2C6      5    6
           60 deg rotation - cryst. axis [0,0,1]                 
     2C3      7    8
          120 deg rotation - cryst. axis [0,0,1]                 
     C2       2
          180 deg rotation - cart. axis [0,0,1]                  
     3C2'     4   12   11
          180 deg rotation - cart. axis [1,0,0]                  
     3C2''    3    9   10
          180 deg rotation - cart. axis [0,1,0]                  
     i       13
          inversion                                              
     2S3     17   18
          inv.  60 deg rotation - cryst. axis [0,0,1]            
     2S6     19   20
          inv. 120 deg rotation - cryst. axis [0,0,1]            
     s_h     14
          inv. 180 deg rotation - cart. axis [0,0,1]             
     3s_d    16   24   23
          inv. 180 deg rotation - cart. axis [1,0,0]             
     3s_v    15   21   22
          inv. 180 deg rotation - cart. axis [0,1,0]             

     Space group identification,  24 symmetries:

     Bravais lattice   4  hexagonal                               
     Point group number  23 / 111  D_6h(6/mmm)

     The coset representatives of the space group with
     the standard order of operations are:

     Fractional translations in crystal coordinates

      PGS    Fract. transl. (all)          Fract. transl. (no shift)   SGS

        E   1 -0.0000 -0.0000 -0.0000      0.0000  0.0000  0.0000         E   1
       6z  25 -0.3333  0.3333  0.5000      0.0000  0.0000  0.5000       6z3 110
       3z  27 -0.0000 -0.0000 -0.0000      0.0000  0.0000  0.0000        3z  27
       2z   2 -0.3333  0.3333  0.5000      0.0000  0.0000  0.5000       2z1  65
      3-z  28 -0.0000 -0.0000 -0.0000     -0.0000  0.0000  0.0000       3-z  28
      6-z  26 -0.3333  0.3333  0.5000     -0.0000  0.0000  0.5000      6-z3 115
       2x   4 -0.3333  0.3333 -0.5000     -0.5000 -0.0000  0.0000       2x1  67
     2210  30 -0.0000 -0.0000 -0.0000      0.0000  0.0000  0.0000      2210  30
     2110  32 -0.3333  0.3333 -0.5000      0.0000  0.0000  0.0000      2110  32
       2y   3 -0.0000 -0.0000 -0.0000      0.0000  0.0000  0.0000        2y   3
     2010  31 -0.3333  0.3333 -0.5000      0.0000  0.5000  0.0000     20101 124
    21-10  29 -0.0000 -0.0000 -0.0000      0.0000  0.0000  0.0000     21-10  29
        i  33 -0.3333  0.3333 -0.5000      0.0000  0.0000  0.0000         i  33
      i6z  57 -0.0000 -0.0000 -0.0000      0.0000  0.0000  0.0000       i6z  57
      i3z  59 -0.3333  0.3333 -0.5000      0.0000  0.0000  0.0000       i3z  59
      i2z  34 -0.0000 -0.0000 -0.0000      0.0000  0.0000  0.0000       i2z  34
     i3-z  60 -0.3333  0.3333 -0.5000      0.0000  0.0000  0.0000      i3-z  60
     i6-z  58 -0.0000 -0.0000 -0.0000      0.0000  0.0000  0.0000      i6-z  58
      i2x  36 -0.0000 -0.0000 -0.0000      0.0000  0.0000  0.0000       i2x  36
    i2210  62 -0.3333  0.3333  0.5000     -0.0000  0.5000  0.5000    i2210n 167
    i2110  64 -0.0000 -0.0000 -0.0000      0.0000  0.0000  0.0000     i2110  64
      i2y  35 -0.3333  0.3333  0.5000     -0.5000  0.0000  0.5000      i2yn 132
    i2010  63 -0.0000 -0.0000 -0.0000      0.0000  0.0000  0.0000     i2010  63
   i21-10  61 -0.3333  0.3333  0.5000      0.0000 -0.0000  0.5000   i21-10c 163

     PGS = Point group symmetry, SGS = space group symmetry 
     (no shift) means the part of the fractional translation
     that cannot be removed by an origin shift

     Fractional translation shift and origin shift in crystal coordinates

      PGS      FT shift                    &Origin shift                 SGS

        E   1 -0.0000 -0.0000 -0.0000      0.0000  0.0000  0.0000         E   1
       6z  25 -0.3333  0.3333  0.0000     -0.6667 -0.3333  0.0000       6z3 110
       3z  27  0.0000  0.0000  0.0000      0.0000  0.0000  0.0000        3z  27
       2z   2 -0.3333  0.3333  0.0000     -0.1667  0.1667  0.0000       2z1  65
      3-z  28  0.0000  0.0000  0.0000      0.0000  0.0000  0.0000       3-z  28
      6-z  26 -0.3333  0.3333  0.0000      0.3333  0.6667  0.0000      6-z3 115
       2x   4  0.1667  0.3333 -0.5000      0.0833  0.1667 -0.2500       2x1  67
     2210  30  0.0000  0.0000  0.0000      0.0000  0.0000  0.0000      2210  30
     2110  32 -0.3333  0.3333 -0.5000     -0.1667  0.1667 -0.2500      2110  32
       2y   3  0.0000  0.0000  0.0000      0.0000  0.0000  0.0000        2y   3
     2010  31 -0.3333 -0.1667 -0.5000     -0.1667 -0.0833 -0.2500     20101 124
    21-10  29  0.0000  0.0000  0.0000      0.0000  0.0000  0.0000     21-10  29
        i  33 -0.3333  0.3333 -0.5000     -0.1667  0.1667 -0.2500         i  33
      i6z  57 -0.0000 -0.0000 -0.0000      0.0000  0.0000  0.0000       i6z  57
      i3z  59 -0.3333  0.3333 -0.5000      0.3333  0.6667 -0.2500       i3z  59
      i2z  34  0.0000  0.0000  0.0000      0.0000  0.0000  0.0000       i2z  34
     i3-z  60 -0.3333  0.3333 -0.5000     -0.6667 -0.3333 -0.2500      i3-z  60
     i6-z  58 -0.0000 -0.0000 -0.0000      0.0000  0.0000  0.0000      i6-z  58
      i2x  36  0.0000  0.0000  0.0000      0.0000  0.0000  0.0000       i2x  36
    i2210  62 -0.3333 -0.1667  0.0000     -0.1667 -0.0833  0.0000    i2210n 167
    i2110  64  0.0000  0.0000  0.0000      0.0000  0.0000  0.0000     i2110  64
      i2y  35  0.1667  0.3333  0.0000      0.0833  0.1667  0.0000      i2yn 132
    i2010  63  0.0000  0.0000  0.0000      0.0000  0.0000  0.0000     i2010  63
   i21-10  61 -0.3333  0.3333  0.0000     -0.1667  0.1667  0.0000   i21-10c 163


     The origin shift gives the point of application of the symmetry
     Subtract this vector from all atomic coordinates
     to have this symmetry centered at the origin


     Space group number  194

     Space group P6_3/mmc   (group number 194).
     The origin coincides with the ITA tables.

     The Laue class is D_6h(6/mmm)

     ----------------------------------------------------------------------
     Ions are relaxed in each calculation
     ----------------------------------------------------------------------

     Total mass of this unit cell         89.1920 a.m.u.
     Density of this solid                3298.29 kg/m^3         3.2983 g/cm^3

  ++++++++++++++++++++++++++++++++++++++++++++++++++++++++++++++++++++++++++++
     Doing a self-consistent calculation
  ++++++++++++++++++++++++++++++++++++++++++++++++++++++++++++++++++++++++++++


     Current dimensions of program PWSCF are:
     Max number of different atomic species (ntypx) = 10
     Max number of k-points (npk) = 120000
     Max angular momentum in pseudopotentials (lmaxx) =  4

     WARNING: check_stop already initialized

     K-points division:     npool     =       5
     R & G space division:  proc/nbgrp/npool/nimage =       8
     Subspace diagonalization in iterative solution of the eigenvalue problem:
     a serial algorithm will be used


     Parallelization info
     --------------------
     sticks:   dense  smooth     PW     G-vecs:    dense   smooth      PW
     Min         102      90     27                 3660     2998     516
     Max         103      91     29                 3663     3003     519
     Sum         823     721    223                29291    23991    4139

     Using Slab Decomposition



     bravais-lattice index     =            4
     lattice parameter (alat)  =       6.0937  a.u.
     unit-cell volume          =     303.0282 (a.u.)^3
     number of atoms/cell      =            2
     number of atomic types    =            1
     number of electrons       =        22.00
     number of Kohn-Sham states=           15
     kinetic-energy cutoff     =      70.0000  Ry
     charge density cutoff     =     320.0000  Ry
     scf convergence threshold =      1.0E-10
     mixing beta               =       0.7000
     number of iterations used =            8  plain     mixing
     Exchange-correlation= SLA  PZ   NOGX NOGC
                           (   1   1   0   0   0   0   0)

     celldm(1)=   6.093687  celldm(2)=   0.000000  celldm(3)=   1.546365
     celldm(4)=   0.000000  celldm(5)=   0.000000  celldm(6)=   0.000000

     crystal axes: (cart. coord. in units of alat)
               a(1) = (   1.000000   0.000000   0.000000 )  
               a(2) = (  -0.500000   0.866025   0.000000 )  
               a(3) = (   0.000000   0.000000   1.546365 )  

     reciprocal axes: (cart. coord. in units 2 pi/alat)
               b(1) = (  1.000000  0.577350 -0.000000 )  
               b(2) = (  0.000000  1.154701  0.000000 )  
               b(3) = (  0.000000 -0.000000  0.646678 )  


     PseudoPot. # 1 for Sc read from file:
     /home/atan/sissa_es02/Sc.pz-spn-kjpaw_psl.1.0.0.UPF
     MD5 check sum: 1f9095df0bb42a6568b4e9f256ff075f
     Pseudo is Projector augmented-wave + core cor, Zval = 11.0
     Generated using 'atomic' code by A. Dal Corso  v.7.1
     Shape of augmentation charge: PSQ
     Using radial grid of 1173 points,  6 beta functions with: 
                l(1) =   0
                l(2) =   0
                l(3) =   1
                l(4) =   1
                l(5) =   2
                l(6) =   2
     Q(r) pseudized with 0 coefficients 


     atomic species   valence    mass     pseudopotential
        Sc            11.00    44.59600     Sc( 1.00)

     24 Sym. Ops., with inversion, found (12 have fractional translation)



   Cartesian axes

     site n.     atom                  positions (alat units)
         1           Sc  tau(   1) = (   0.0000000   0.0000000   0.0000000  )
         2           Sc  tau(   2) = (   0.5000000   0.2886751   0.7731825  )

     number of k points=   168  Marzari-Vanderbilt smearing, width (Ry)=  0.0200

     Number of k-points >= 100: set verbosity='high' to print them.

     Dense  grid:    29291 G-vectors     FFT dimensions: (  36,  36,  54)

     Smooth grid:    23991 G-vectors     FFT dimensions: (  36,  36,  54)

     Estimated max dynamical RAM per process >       8.92 MB

     Estimated total dynamical RAM >     328.29 MB

     Check: negative core charge=   -0.000016

     Initial potential from superposition of free atoms

     starting charge      21.9956, renormalised to      22.0000
     Starting wfcs are   20 randomized atomic wfcs
     Checking if some PAW data can be deallocated... 

     total cpu time spent up to now is        1.1 secs

     Self-consistent Calculation

     iteration #  1     ecut=    70.00 Ry     beta= 0.70
     Davidson diagonalization with overlap
     ethr =  1.00E-02,  avg # of iterations =  2.4

     Threshold (ethr) on eigenvalues was too large:
     Diagonalizing with lowered threshold

     Davidson diagonalization with overlap
     c_bands:  1 eigenvalues not converged
     c_bands:  1 eigenvalues not converged
     c_bands:  1 eigenvalues not converged
     c_bands:  3 eigenvalues not converged
     c_bands:  2 eigenvalues not converged
     c_bands:  3 eigenvalues not converged
     c_bands:  1 eigenvalues not converged
     c_bands:  1 eigenvalues not converged
     c_bands:  3 eigenvalues not converged
     c_bands:  4 eigenvalues not converged
     c_bands:  1 eigenvalues not converged
     c_bands:  3 eigenvalues not converged
     c_bands:  3 eigenvalues not converged
     c_bands:  1 eigenvalues not converged
     c_bands:  2 eigenvalues not converged
     c_bands:  4 eigenvalues not converged
     c_bands:  2 eigenvalues not converged
     c_bands:  2 eigenvalues not converged
     c_bands:  1 eigenvalues not converged
     c_bands:  1 eigenvalues not converged
     ethr =  1.39E-05,  avg # of iterations = 17.9

     total cpu time spent up to now is        6.5 secs

     total energy              =    -306.87466100 Ry
     estimated scf accuracy    <       0.01670051 Ry

     iteration #  2     ecut=    70.00 Ry     beta= 0.70
     Davidson diagonalization with overlap
     ethr =  7.59E-05,  avg # of iterations =  4.3

     total cpu time spent up to now is        7.7 secs

     total energy              =    -306.87855294 Ry
     estimated scf accuracy    <       0.00102894 Ry

     iteration #  3     ecut=    70.00 Ry     beta= 0.70
     Davidson diagonalization with overlap
     c_bands:  1 eigenvalues not converged
     ethr =  4.68E-06,  avg # of iterations =  9.2

     total cpu time spent up to now is        9.6 secs

     total energy              =    -306.87937826 Ry
     estimated scf accuracy    <       0.00025523 Ry

     iteration #  4     ecut=    70.00 Ry     beta= 0.70
     Davidson diagonalization with overlap
     c_bands:  1 eigenvalues not converged
     ethr =  1.16E-06,  avg # of iterations =  7.0

     total cpu time spent up to now is       11.1 secs

     total energy              =    -306.87951403 Ry
     estimated scf accuracy    <       0.00011470 Ry

     iteration #  5     ecut=    70.00 Ry     beta= 0.70
     Davidson diagonalization with overlap
     ethr =  5.21E-07,  avg # of iterations =  6.0

     total cpu time spent up to now is       12.4 secs

     total energy              =    -306.87956552 Ry
     estimated scf accuracy    <       0.00000672 Ry

     iteration #  6     ecut=    70.00 Ry     beta= 0.70
     Davidson diagonalization with overlap
     ethr =  3.06E-08,  avg # of iterations = 10.4

     total cpu time spent up to now is       14.4 secs

     total energy              =    -306.87956934 Ry
     estimated scf accuracy    <       0.00000997 Ry

     iteration #  7     ecut=    70.00 Ry     beta= 0.70
     Davidson diagonalization with overlap
     ethr =  3.06E-08,  avg # of iterations =  6.5

     total cpu time spent up to now is       15.8 secs

     total energy              =    -306.87957290 Ry
     estimated scf accuracy    <       0.00000223 Ry

     iteration #  8     ecut=    70.00 Ry     beta= 0.70
     Davidson diagonalization with overlap
     ethr =  1.01E-08,  avg # of iterations =  4.7

     total cpu time spent up to now is       16.9 secs

     total energy              =    -306.87957351 Ry
     estimated scf accuracy    <          9.0E-09 Ry

     iteration #  9     ecut=    70.00 Ry     beta= 0.70
     Davidson diagonalization with overlap
     c_bands:  1 eigenvalues not converged
     c_bands:  1 eigenvalues not converged
     c_bands:  2 eigenvalues not converged
     c_bands:  1 eigenvalues not converged
     c_bands:  2 eigenvalues not converged
     c_bands:  2 eigenvalues not converged
     c_bands:  3 eigenvalues not converged
     c_bands:  2 eigenvalues not converged
     c_bands:  1 eigenvalues not converged
     c_bands:  3 eigenvalues not converged
     c_bands:  3 eigenvalues not converged
     c_bands:  3 eigenvalues not converged
     c_bands:  3 eigenvalues not converged
     c_bands:  2 eigenvalues not converged
     c_bands:  2 eigenvalues not converged
     c_bands:  2 eigenvalues not converged
     c_bands:  2 eigenvalues not converged
     c_bands:  3 eigenvalues not converged
     c_bands:  2 eigenvalues not converged
     c_bands:  4 eigenvalues not converged
     c_bands:  3 eigenvalues not converged
     c_bands:  1 eigenvalues not converged
     c_bands:  2 eigenvalues not converged
     c_bands:  1 eigenvalues not converged
     c_bands:  1 eigenvalues not converged
     c_bands:  3 eigenvalues not converged
     c_bands:  2 eigenvalues not converged
     c_bands:  3 eigenvalues not converged
     c_bands:  2 eigenvalues not converged
     ethr =  4.08E-11,  avg # of iterations = 20.1

     total cpu time spent up to now is       21.5 secs

     total energy              =    -306.87957379 Ry
     estimated scf accuracy    <          5.2E-09 Ry

     iteration # 10     ecut=    70.00 Ry     beta= 0.70
     Davidson diagonalization with overlap
     ethr =  2.38E-11,  avg # of iterations =  5.4

     total cpu time spent up to now is       22.7 secs

     total energy              =    -306.87957379 Ry
     estimated scf accuracy    <          1.5E-09 Ry

     iteration # 11     ecut=    70.00 Ry     beta= 0.70
     Davidson diagonalization with overlap
     ethr =  6.90E-12,  avg # of iterations = 10.5

     total cpu time spent up to now is       24.6 secs

     total energy              =    -306.87957379 Ry
     estimated scf accuracy    <          9.8E-09 Ry

     iteration # 12     ecut=    70.00 Ry     beta= 0.70
     Davidson diagonalization with overlap
     ethr =  6.90E-12,  avg # of iterations =  6.3

     total cpu time spent up to now is       26.0 secs

     total energy              =    -306.87957379 Ry
     estimated scf accuracy    <          6.2E-10 Ry

     iteration # 13     ecut=    70.00 Ry     beta= 0.70
     Davidson diagonalization with overlap
     ethr =  2.80E-12,  avg # of iterations =  2.4

     total cpu time spent up to now is       26.9 secs

     total energy              =    -306.87957379 Ry
     estimated scf accuracy    <          4.1E-10 Ry

     iteration # 14     ecut=    70.00 Ry     beta= 0.70
     Davidson diagonalization with overlap
     ethr =  1.87E-12,  avg # of iterations =  5.1

     total cpu time spent up to now is       28.1 secs

     End of self-consistent calculation

     Number of k-points >= 100: set verbosity='high' to print the bands.

     the Fermi energy is    10.0664 ev

!    total energy              =    -306.87957379 Ry
     total all-electron energy =     -3050.020345 Ry
     estimated scf accuracy    <          1.3E-11 Ry
     smearing contrib. (-TS)   =      -0.00084195 Ry
     internal energy E=F+TS    =    -306.87873184 Ry

     The total energy is F=E-TS. E is the sum of the following terms:
     one-electron contribution =     -67.48756932 Ry
     hartree contribution      =      40.08958536 Ry
     xc contribution           =     -34.67338400 Ry
     ewald contribution        =    -131.05084962 Ry
     one-center paw contrib.   =    -113.75651426 Ry

     convergence has been achieved in  14 iterations

     Writing all to output data dir ../tmp//g1/sc.save/

     %%%%%%%%%%%%%%%%%%%%%%%%%%%%%%%%%%%%%%%%
     Computing geometry     1
     %%%%%%%%%%%%%%%%%%%%%%%%%%%%%%%%%%%%%%%%

     Waiting for input...
     Reading input from standard input

     Reading xml data from directory:

     ../tmp//g1/sc.save/
     file Sc.pz-spn-kjpaw_psl.1.0.0.UPF: wavefunction(s)  3S 3P 3D renormalized

     IMPORTANT: XC functional enforced from input :
     Exchange-correlation= PZ
                           (   1   1   0   0   0   0   0)
     Any further DFT definition will be discarded
     Please, verify this is what you really want


     Parallelization info
     --------------------
     sticks:   dense  smooth     PW     G-vecs:    dense   smooth      PW
     Min         102      90     27                 3660     2998     516
     Max         103      91     29                 3663     3003     519
     Sum         823     721    223                29291    23991    4139

     Using Slab Decomposition


     Check: negative core charge=   -0.000016
     Reading collected, re-writing distributed wavefunctions

  ++++++++++++++++++++++++++++++++++++++++++++++++++++++++++++++++++++++++++++
     Doing work    1 /     1
     Doing the work of image    1 of geometry    1
      q point number     1, representations:
       0 1 2 3 4 5 6
  ++++++++++++++++++++++++++++++++++++++++++++++++++++++++++++++++++++++++++++


                          --------------------------
     Calculation of q =    0.6250000   0.0000000   0.0000000
                          --------------------------


     Parallelization info
     --------------------
     sticks:   dense  smooth     PW     G-vecs:    dense   smooth      PW
     Min         102      90     31                 3660     2998     635
     Max         104      91     32                 3663     3003     640
     Sum         823     721    253                29291    23991    5105

     Using Slab Decomposition


     Title: 
     phonons at Gamma                                                           


     bravais-lattice index     =            4
     lattice parameter (alat)  =       6.0937  a.u.
     unit-cell volume          =     303.0282 (a.u.)^3
     number of atoms/cell      =            2
     number of atomic types    =            1
     number of electrons       =        22.00
     number of Kohn-Sham states=           15
     kinetic-energy cutoff     =      70.0000  Ry
     charge density cutoff     =     320.0000  Ry
     Exchange-correlation= PZ
                           (   1   1   0   0   0   0   0)

     celldm(1)=   6.093687  celldm(2)=   0.000000  celldm(3)=   1.546365
     celldm(4)=   0.000000  celldm(5)=   0.000000  celldm(6)=   0.000000

     crystal axes: (cart. coord. in units of alat)
               a(1) = (   1.000000   0.000000   0.000000 )  
               a(2) = (  -0.500000   0.866025   0.000000 )  
               a(3) = (   0.000000   0.000000   1.546365 )  

     reciprocal axes: (cart. coord. in units 2 pi/alat)
               b(1) = (  1.000000  0.577350 -0.000000 )  
               b(2) = (  0.000000  1.154701  0.000000 )  
               b(3) = (  0.000000 -0.000000  0.646678 )  


     PseudoPot. # 1 for Sc read from file:
     /home/atan/sissa_es02/Sc.pz-spn-kjpaw_psl.1.0.0.UPF
     MD5 check sum: 1f9095df0bb42a6568b4e9f256ff075f
     Pseudo is Projector augmented-wave + core cor, Zval = 11.0
     Generated using 'atomic' code by A. Dal Corso  v.7.1
     Shape of augmentation charge: PSQ
     Using radial grid of 1173 points,  6 beta functions with: 
                l(1) =   0
                l(2) =   0
                l(3) =   1
                l(4) =   1
                l(5) =   2
                l(6) =   2
     Q(r) pseudized with 0 coefficients 


     atomic species   valence    mass     pseudopotential
        Sc            11.00    44.59600     Sc( 1.00)

     24 Sym. Ops., with inversion, found (12 have fractional translation)



   Cartesian axes

     site n.     atom                  positions (alat units)
         1           Sc  tau(   1) = (   0.0000000   0.0000000   0.0000000  )
         2           Sc  tau(   2) = (   0.5000000   0.2886751   0.7731825  )

     number of k points=  1776  Marzari-Vanderbilt smearing, width (Ry)=  0.0200

     Number of k-points >= 100: set verbosity='high' to print them.

     Dense  grid:    29291 G-vectors     FFT dimensions: (  36,  36,  54)

     Smooth grid:    23991 G-vectors     FFT dimensions: (  36,  36,  54)

     Estimated max dynamical RAM per process >       5.05 MB

     Estimated total dynamical RAM >     202.15 MB

     Check: negative core charge=   -0.000016

     The potential is recalculated from file :
     ../tmp//g1/_ph0/sc.save/charge-density

     Starting wfcs are   20 atomic wfcs
     Checking if some PAW data can be deallocated... 

     Band Structure Calculation
     Davidson diagonalization with overlap
     c_bands:  1 eigenvalues not converged

     ethr =  4.55E-11,  avg # of iterations = 38.4

     Total points 1776
     Diagonalized points 1776   Symmetrized points    0

     total cpu time spent up to now is      123.7 secs

     End of band structure calculation

     Number of k-points >= 100: set verbosity='high' to print the bands.

     the Fermi energy is    10.0664 ev
     (compare with:    10.0664 eV, computed in scf)

     Writing config to output data dir ../tmp//g1/_ph0/sc.save/

     phonons at Gamma                                                           

     bravais-lattice index     =            4
     lattice parameter (alat)  =       6.0937  a.u.
     unit-cell volume          =     303.0282 (a.u.)^3
     number of atoms/cell      =            2
     number of atomic types    =            1
     kinetic-energy cut-off    =      70.0000  Ry
     charge density cut-off    =     320.0000  Ry
     convergence threshold     =      1.0E-16
     beta                      =       0.7000
     number of iterations used =            4
     Exchange-correlation= PZ
                           (   1   1   0   0   0   0   0)


     celldm(1)=    6.09369  celldm(2)=    0.00000  celldm(3)=    1.54637
     celldm(4)=    0.00000  celldm(5)=    0.00000  celldm(6)=    0.00000

     crystal axes: (cart. coord. in units of alat)
               a(1) = (  1.0000  0.0000  0.0000 )  
               a(2) = ( -0.5000  0.8660  0.0000 )  
               a(3) = (  0.0000  0.0000  1.5464 )  

     reciprocal axes: (cart. coord. in units 2 pi/alat)
               b(1) = (  1.0000  0.5774 -0.0000 )  
               b(2) = (  0.0000  1.1547  0.0000 )  
               b(3) = (  0.0000 -0.0000  0.6467 )  


     Atoms inside the unit cell: 

     Cartesian axes

     site n.  atom      mass           positions (alat units)
        1     Sc  44.5960   tau(    1) = (    0.00000    0.00000    0.00000  )
        2     Sc  44.5960   tau(    2) = (    0.50000    0.28868    0.77318  )

     Computing dynamical matrix for 
                    q = (   0.6250000   0.0000000   0.0000000 )

      4 Sym.Ops. (no q -> -q+G )


     G cutoff =  300.9889  (   3663 G-vectors)     FFT grid: ( 36, 36, 54)
     G cutoff =  263.3653  (   3000 G-vectors)  smooth grid: ( 36, 36, 54)

     number of k points=  1776  Marzari-Vanderbilt smearing, width (Ry)=  0.0200

     PseudoPot. # 1 for Sc read from file:
     /home/atan/sissa_es02/Sc.pz-spn-kjpaw_psl.1.0.0.UPF
     MD5 check sum: 1f9095df0bb42a6568b4e9f256ff075f
     Pseudo is Projector augmented-wave + core cor, Zval = 11.0
     Generated using 'atomic' code by A. Dal Corso  v.7.1
     Shape of augmentation charge: PSQ
     Using radial grid of 1173 points,  6 beta functions with: 
                l(1) =   0
                l(2) =   0
                l(3) =   1
                l(4) =   1
                l(5) =   2
                l(6) =   2
     Q(r) pseudized with 0 coefficients 


     Mode symmetry, C_2v (mm2)  point group:


     Atomic displacements:
     There are   6 irreducible representations

     Representation     1      1 modes -  To be done

     Representation     2      1 modes -  To be done

     Representation     3      1 modes -  To be done

     Representation     4      1 modes -  To be done

     Representation     5      1 modes -  To be done

     Representation     6      1 modes -  To be done



     Alpha used in Ewald sum =   2.8000
     PHONON       :    101.67s CPU    103.80s WALL (       1 calls)


     Representation #   1 mode #   1

     Self-consistent Calculation

      iter #   1 total cpu time :   125.4 secs   av.it.:  15.3
      thresh= 1.000E-02 alpha_mix =  0.700 |ddv_scf|^2 =  2.165E-04

      iter #   2 total cpu time :   154.8 secs   av.it.:  22.4
      thresh= 1.471E-03 alpha_mix =  0.700 |ddv_scf|^2 =  3.329E-03

      iter #   3 total cpu time :   179.0 secs   av.it.:  18.0
      thresh= 5.769E-03 alpha_mix =  0.700 |ddv_scf|^2 =  1.880E-04

      iter #   4 total cpu time :   204.3 secs   av.it.:  18.7
      thresh= 1.371E-03 alpha_mix =  0.700 |ddv_scf|^2 =  8.559E-08

      iter #   5 total cpu time :   234.0 secs   av.it.:  22.5
      thresh= 2.926E-05 alpha_mix =  0.700 |ddv_scf|^2 =  5.308E-08

      iter #   6 total cpu time :   260.9 secs   av.it.:  20.3
      thresh= 2.304E-05 alpha_mix =  0.700 |ddv_scf|^2 =  9.950E-10

      iter #   7 total cpu time :   289.0 secs   av.it.:  21.3
      thresh= 3.154E-06 alpha_mix =  0.700 |ddv_scf|^2 =  6.533E-11

      iter #   8 total cpu time :   319.4 secs   av.it.:  23.2
      thresh= 8.082E-07 alpha_mix =  0.700 |ddv_scf|^2 =  8.459E-10

      iter #   9 total cpu time :   343.5 secs   av.it.:  17.8
      thresh= 2.908E-06 alpha_mix =  0.700 |ddv_scf|^2 =  8.856E-12

      iter #  10 total cpu time :   372.1 secs   av.it.:  21.6
      thresh= 2.976E-07 alpha_mix =  0.700 |ddv_scf|^2 =  2.305E-11

      iter #  11 total cpu time :   397.7 secs   av.it.:  19.1
      thresh= 4.801E-07 alpha_mix =  0.700 |ddv_scf|^2 =  6.772E-13

      iter #  12 total cpu time :   426.7 secs   av.it.:  22.0
      thresh= 8.229E-08 alpha_mix =  0.700 |ddv_scf|^2 =  6.397E-13

      iter #  13 total cpu time :   452.1 secs   av.it.:  19.0
      thresh= 7.998E-08 alpha_mix =  0.700 |ddv_scf|^2 =  5.535E-14

      iter #  14 total cpu time :   478.8 secs   av.it.:  20.0
      thresh= 2.353E-08 alpha_mix =  0.700 |ddv_scf|^2 =  1.699E-14

      iter #  15 total cpu time :   505.3 secs   av.it.:  19.9
      thresh= 1.303E-08 alpha_mix =  0.700 |ddv_scf|^2 =  1.856E-14

      iter #  16 total cpu time :   530.3 secs   av.it.:  18.7
      thresh= 1.362E-08 alpha_mix =  0.700 |ddv_scf|^2 =  9.939E-16

      iter #  17 total cpu time :   557.3 secs   av.it.:  20.2
      thresh= 3.153E-09 alpha_mix =  0.700 |ddv_scf|^2 =  1.305E-16

      iter #  18 total cpu time :   586.5 secs   av.it.:  22.2
      thresh= 1.142E-09 alpha_mix =  0.700 |ddv_scf|^2 =  5.409E-16

      iter #  19 total cpu time :   610.9 secs   av.it.:  18.2
      thresh= 2.326E-09 alpha_mix =  0.700 |ddv_scf|^2 =  2.435E-17

     End of self-consistent calculation

     Convergence has been achieved 


     Representation #   2 mode #   2

     Self-consistent Calculation

      iter #   1 total cpu time :   632.5 secs   av.it.:  15.2
      thresh= 1.000E-02 alpha_mix =  0.700 |ddv_scf|^2 =  1.229E-04

      iter #   2 total cpu time :   662.3 secs   av.it.:  22.7
      thresh= 1.109E-03 alpha_mix =  0.700 |ddv_scf|^2 =  1.758E-03

      iter #   3 total cpu time :   686.5 secs   av.it.:  18.1
      thresh= 4.192E-03 alpha_mix =  0.700 |ddv_scf|^2 =  1.245E-04

      iter #   4 total cpu time :   711.5 secs   av.it.:  18.8
      thresh= 1.116E-03 alpha_mix =  0.700 |ddv_scf|^2 =  2.504E-07

      iter #   5 total cpu time :   740.3 secs   av.it.:  21.9
      thresh= 5.004E-05 alpha_mix =  0.700 |ddv_scf|^2 =  9.471E-08

      iter #   6 total cpu time :   766.9 secs   av.it.:  20.1
      thresh= 3.077E-05 alpha_mix =  0.700 |ddv_scf|^2 =  5.031E-10

      iter #   7 total cpu time :   796.3 secs   av.it.:  21.8
      thresh= 2.243E-06 alpha_mix =  0.700 |ddv_scf|^2 =  3.625E-11

      iter #   8 total cpu time :   827.1 secs   av.it.:  23.1
      thresh= 6.021E-07 alpha_mix =  0.700 |ddv_scf|^2 =  3.558E-10

      iter #   9 total cpu time :   851.3 secs   av.it.:  18.1
      thresh= 1.886E-06 alpha_mix =  0.700 |ddv_scf|^2 =  1.392E-11

      iter #  10 total cpu time :   878.6 secs   av.it.:  20.2
      thresh= 3.731E-07 alpha_mix =  0.700 |ddv_scf|^2 =  1.242E-11

      iter #  11 total cpu time :   904.8 secs   av.it.:  19.3
      thresh= 3.524E-07 alpha_mix =  0.700 |ddv_scf|^2 =  2.029E-13

      iter #  12 total cpu time :   934.3 secs   av.it.:  22.2
      thresh= 4.505E-08 alpha_mix =  0.700 |ddv_scf|^2 =  2.748E-13

      iter #  13 total cpu time :   960.8 secs   av.it.:  19.6
      thresh= 5.242E-08 alpha_mix =  0.700 |ddv_scf|^2 =  1.059E-13

      iter #  14 total cpu time :   986.0 secs   av.it.:  19.0
      thresh= 3.254E-08 alpha_mix =  0.700 |ddv_scf|^2 =  1.208E-15

      iter #  15 total cpu time :  1015.3 secs   av.it.:  22.3
      thresh= 3.475E-09 alpha_mix =  0.700 |ddv_scf|^2 =  6.449E-15

      iter #  16 total cpu time :  1041.1 secs   av.it.:  18.5
      thresh= 8.030E-09 alpha_mix =  0.700 |ddv_scf|^2 =  5.094E-17

     End of self-consistent calculation

     Convergence has been achieved 


     Representation #   3 mode #   3

     Self-consistent Calculation

      iter #   1 total cpu time :  1062.4 secs   av.it.:  14.3
      thresh= 1.000E-02 alpha_mix =  0.700 |ddv_scf|^2 =  2.238E-05

      iter #   2 total cpu time :  1091.6 secs   av.it.:  21.2
      thresh= 4.731E-04 alpha_mix =  0.700 |ddv_scf|^2 =  1.019E-05

      iter #   3 total cpu time :  1119.1 secs   av.it.:  20.1
      thresh= 3.193E-04 alpha_mix =  0.700 |ddv_scf|^2 =  1.353E-08

      iter #   4 total cpu time :  1149.0 secs   av.it.:  21.9
      thresh= 1.163E-05 alpha_mix =  0.700 |ddv_scf|^2 =  7.335E-10

      iter #   5 total cpu time :  1177.3 secs   av.it.:  20.6
      thresh= 2.708E-06 alpha_mix =  0.700 |ddv_scf|^2 =  1.579E-11

      iter #   6 total cpu time :  1205.0 secs   av.it.:  20.6
      thresh= 3.974E-07 alpha_mix =  0.700 |ddv_scf|^2 =  1.181E-12

      iter #   7 total cpu time :  1231.7 secs   av.it.:  20.3
      thresh= 1.087E-07 alpha_mix =  0.700 |ddv_scf|^2 =  8.233E-14

      iter #   8 total cpu time :  1258.5 secs   av.it.:  20.3
      thresh= 2.869E-08 alpha_mix =  0.700 |ddv_scf|^2 =  1.579E-15

      iter #   9 total cpu time :  1286.6 secs   av.it.:  21.3
      thresh= 3.974E-09 alpha_mix =  0.700 |ddv_scf|^2 =  1.111E-16

      iter #  10 total cpu time :  1313.1 secs   av.it.:  20.0
      thresh= 1.054E-09 alpha_mix =  0.700 |ddv_scf|^2 =  1.989E-18

     End of self-consistent calculation

     Convergence has been achieved 


     Representation #   4 mode #   4

     Self-consistent Calculation

      iter #   1 total cpu time :  1333.3 secs   av.it.:  14.2
      thresh= 1.000E-02 alpha_mix =  0.700 |ddv_scf|^2 =  1.746E-05

      iter #   2 total cpu time :  1361.2 secs   av.it.:  21.1
      thresh= 4.179E-04 alpha_mix =  0.700 |ddv_scf|^2 =  5.812E-06

      iter #   3 total cpu time :  1388.1 secs   av.it.:  20.4
      thresh= 2.411E-04 alpha_mix =  0.700 |ddv_scf|^2 =  1.019E-08

      iter #   4 total cpu time :  1416.8 secs   av.it.:  21.9
      thresh= 1.010E-05 alpha_mix =  0.700 |ddv_scf|^2 =  5.653E-10

      iter #   5 total cpu time :  1444.0 secs   av.it.:  20.7
      thresh= 2.378E-06 alpha_mix =  0.700 |ddv_scf|^2 =  8.344E-12

      iter #   6 total cpu time :  1470.5 secs   av.it.:  20.0
      thresh= 2.889E-07 alpha_mix =  0.700 |ddv_scf|^2 =  4.991E-14

      iter #   7 total cpu time :  1498.0 secs   av.it.:  20.8
      thresh= 2.234E-08 alpha_mix =  0.700 |ddv_scf|^2 =  1.147E-15

      iter #   8 total cpu time :  1525.7 secs   av.it.:  21.0
      thresh= 3.387E-09 alpha_mix =  0.700 |ddv_scf|^2 =  4.864E-18

     End of self-consistent calculation

     Convergence has been achieved 


     Representation #   5 mode #   5

     Self-consistent Calculation

      iter #   1 total cpu time :  1546.8 secs   av.it.:  14.7
      thresh= 1.000E-02 alpha_mix =  0.700 |ddv_scf|^2 =  5.644E-05

      iter #   2 total cpu time :  1576.4 secs   av.it.:  22.6
      thresh= 7.512E-04 alpha_mix =  0.700 |ddv_scf|^2 =  5.884E-04

      iter #   3 total cpu time :  1601.1 secs   av.it.:  18.4
      thresh= 2.426E-03 alpha_mix =  0.700 |ddv_scf|^2 =  3.180E-05

      iter #   4 total cpu time :  1626.6 secs   av.it.:  19.3
      thresh= 5.639E-04 alpha_mix =  0.700 |ddv_scf|^2 =  4.888E-07

      iter #   5 total cpu time :  1653.2 secs   av.it.:  20.3
      thresh= 6.992E-05 alpha_mix =  0.700 |ddv_scf|^2 =  2.221E-09

      iter #   6 total cpu time :  1681.1 secs   av.it.:  21.4
      thresh= 4.713E-06 alpha_mix =  0.700 |ddv_scf|^2 =  8.260E-11

      iter #   7 total cpu time :  1709.9 secs   av.it.:  22.1
      thresh= 9.088E-07 alpha_mix =  0.700 |ddv_scf|^2 =  5.160E-12

      iter #   8 total cpu time :  1738.8 secs   av.it.:  22.2
      thresh= 2.272E-07 alpha_mix =  0.700 |ddv_scf|^2 =  4.827E-13

      iter #   9 total cpu time :  1767.8 secs   av.it.:  22.1
      thresh= 6.948E-08 alpha_mix =  0.700 |ddv_scf|^2 =  2.544E-12

      iter #  10 total cpu time :  1792.8 secs   av.it.:  18.8
      thresh= 1.595E-07 alpha_mix =  0.700 |ddv_scf|^2 =  6.872E-13

      iter #  11 total cpu time :  1817.8 secs   av.it.:  18.7
      thresh= 8.290E-08 alpha_mix =  0.700 |ddv_scf|^2 =  2.575E-14

      iter #  12 total cpu time :  1845.3 secs   av.it.:  20.8
      thresh= 1.605E-08 alpha_mix =  0.700 |ddv_scf|^2 =  7.923E-15

      iter #  13 total cpu time :  1871.6 secs   av.it.:  19.9
      thresh= 8.901E-09 alpha_mix =  0.700 |ddv_scf|^2 =  1.736E-16

      iter #  14 total cpu time :  1900.1 secs   av.it.:  21.7
      thresh= 1.317E-09 alpha_mix =  0.700 |ddv_scf|^2 =  6.665E-18

     End of self-consistent calculation

     Convergence has been achieved 


     Representation #   6 mode #   6

     Self-consistent Calculation

      iter #   1 total cpu time :  1921.3 secs   av.it.:  14.9
      thresh= 1.000E-02 alpha_mix =  0.700 |ddv_scf|^2 =  8.580E-05

      iter #   2 total cpu time :  1950.9 secs   av.it.:  22.5
      thresh= 9.263E-04 alpha_mix =  0.700 |ddv_scf|^2 =  8.912E-04

      iter #   3 total cpu time :  1975.5 secs   av.it.:  18.4
      thresh= 2.985E-03 alpha_mix =  0.700 |ddv_scf|^2 =  5.264E-05

      iter #   4 total cpu time :  2000.7 secs   av.it.:  19.0
      thresh= 7.256E-04 alpha_mix =  0.700 |ddv_scf|^2 =  3.461E-07

      iter #   5 total cpu time :  2027.8 secs   av.it.:  20.6
      thresh= 5.883E-05 alpha_mix =  0.700 |ddv_scf|^2 =  2.171E-09

      iter #   6 total cpu time :  2055.9 secs   av.it.:  21.3
      thresh= 4.660E-06 alpha_mix =  0.700 |ddv_scf|^2 =  8.163E-11

      iter #   7 total cpu time :  2084.6 secs   av.it.:  21.9
      thresh= 9.035E-07 alpha_mix =  0.700 |ddv_scf|^2 =  5.586E-12

      iter #   8 total cpu time :  2113.9 secs   av.it.:  22.4
      thresh= 2.363E-07 alpha_mix =  0.700 |ddv_scf|^2 =  1.660E-12

      iter #   9 total cpu time :  2142.9 secs   av.it.:  22.0
      thresh= 1.288E-07 alpha_mix =  0.700 |ddv_scf|^2 =  1.191E-11

      iter #  10 total cpu time :  2167.7 secs   av.it.:  18.5
      thresh= 3.450E-07 alpha_mix =  0.700 |ddv_scf|^2 =  5.819E-13

      iter #  11 total cpu time :  2193.2 secs   av.it.:  19.0
      thresh= 7.628E-08 alpha_mix =  0.700 |ddv_scf|^2 =  1.021E-13

      iter #  12 total cpu time :  2219.9 secs   av.it.:  20.1
      thresh= 3.195E-08 alpha_mix =  0.700 |ddv_scf|^2 =  1.510E-14

      iter #  13 total cpu time :  2246.7 secs   av.it.:  20.2
      thresh= 1.229E-08 alpha_mix =  0.700 |ddv_scf|^2 =  1.496E-16

      iter #  14 total cpu time :  2276.0 secs   av.it.:  22.3
      thresh= 1.223E-09 alpha_mix =  0.700 |ddv_scf|^2 =  3.122E-18

     End of self-consistent calculation

     Convergence has been achieved 

     Number of q in the star =    6
     List of q in the star:
          1   0.625000000   0.000000000   0.000000000
          2   0.312500000   0.541265877   0.000000000
          3   0.312500000  -0.541265877   0.000000000
          4  -0.312500000   0.541265877   0.000000000
          5  -0.312500000  -0.541265877   0.000000000
          6  -0.625000000   0.000000000   0.000000000

     Diagonalizing the dynamical matrix

     q = (    0.625000000   0.000000000   0.000000000 ) 

 **************************************************************************
     freq (    1) =       5.167474 [THz] =     172.368386 [cm-1]
     freq (    2) =       5.189270 [THz] =     173.095402 [cm-1]
     freq (    3) =       5.214724 [THz] =     173.944474 [cm-1]
     freq (    4) =       5.688216 [THz] =     189.738472 [cm-1]
     freq (    5) =       6.311150 [THz] =     210.517295 [cm-1]
     freq (    6) =       6.531354 [THz] =     217.862507 [cm-1]
 **************************************************************************

     Using the point group C_2v (mm2)  to classify the modes
     there are  4 classes
     the character table:

       E     C2    s_v   s_v' 
A_1    1.00  1.00  1.00  1.00
A_2    1.00  1.00 -1.00 -1.00
B_1    1.00 -1.00  1.00 -1.00
B_2    1.00 -1.00 -1.00  1.00

     the symmetry operations in each class and the name of the first element:

     E        1
          identity                                               
     C2       2
          180 deg rotation - cart. axis [1,0,0]                  
     s_v      4
          inv. 180 deg rotation - cart. axis [0,1,0]             
     s_v'     3
          inv. 180 deg rotation - cart. axis [0,0,1]             

     Mode symmetry, C_2v (mm2)  point group:

     freq (   1-   1) =        172.4  [cm-1]   --> B_1  D_3  S_3      
     freq (   2-   2) =        173.1  [cm-1]   --> B_2  D_4  S_4      
     freq (   3-   3) =        173.9  [cm-1]   --> A_1  D_1  S_1      
     freq (   4-   4) =        189.7  [cm-1]   --> A_2  D_2  S_2      
     freq (   5-   5) =        210.5  [cm-1]   --> B_2  D_4  S_4      
     freq (   6-   6) =        217.9  [cm-1]   --> A_1  D_1  S_1      

     THERMO_PW    :  37m22.44s CPU  38m24.90s WALL


   This run was terminated on:  11:40:12  20Feb2024            

=------------------------------------------------------------------------------=
   JOB DONE.
=------------------------------------------------------------------------------=
