
     Program THERMO_PW v.7.2 starts on 23Jan2024 at 13: 6:16 

     This program is part of the open-source Quantum ESPRESSO suite
     for quantum simulation of materials; please cite
         "P. Giannozzi et al., J. Phys.:Condens. Matter 21 395502 (2009);
         "P. Giannozzi et al., J. Phys.:Condens. Matter 29 465901 (2017);
         "P. Giannozzi et al., J. Chem. Phys. 152 154105 (2020);
          URL http://www.quantum-espresso.org", 
     in publications or presentations arising from this work. More details at
     http://www.quantum-espresso.org/quote

     Parallel version (MPI), running on    20 processors

     MPI processes distributed on     1 nodes
     K-points division:     npool     =       4
     R & G space division:  proc/nbgrp/npool/nimage =       5
     314452 MiB available memory on the printing compute node when the environment starts

     Reading input from _temporary_1
     file Sc.pz-spn-kjpaw_psl.1.0.0.UPF: wavefunction(s)  3S 3P 3D renormalized

   Info: using nr1, nr2, nr3 values from input

   Info: using nr1, nr2, nr3 values from input

   Info: using nr1, nr2, nr3 values from input


     Doing a phonon calculation

     FFT mesh: (   45,   45,   60 )

     Bravais lattice:

     ibrav=  4: hexagonal
     Cell parameters:

     alat=   6.093687 a.u., c/a=   1.546365


     Starting primitive lattice vectors:
     crystal axes: (cart. coord. in units of alat)

               a(1) = (   1.000000   0.000000   0.000000 )  
               a(2) = (  -0.500000   0.866025   0.000000 )  
               a(3) = (   0.000000   0.000000   1.546365 )  

     Starting reciprocal lattice vectors:
     reciprocal axes: (cart. coord. in units 2 pi/alat)

               b(1) = (  1.000000  0.577350 -0.000000 )  
               b(2) = (  0.000000  1.154701  0.000000 )  
               b(3) = (  0.000000 -0.000000  0.646678 )  

     Starting atomic positions in Cartesian axes:

     site n.     atom                  positions (alat units)
         1           Sc  tau(   1) = (   0.0000000   0.0000000   0.0000000  )
         2           Sc  tau(   2) = (   0.5000000   0.2886751   0.7731825  )

     Starting atomic positions in crystallographic axes:

     site n.     atom                  positions (cryst. coord.)
         1           Sc  tau(   1) = (  0.0000000  0.0000000  0.0000000  )
         2           Sc  tau(   2) = (  0.6666667  0.3333333  0.5000000  )

     The point group 111 D_6h(6/mmm) is compatible with the Bravais lattice.

     The rotation matrices with the order used inside thermo_pw are:

     24 Sym. Ops., with inversion, found (12 have fractional translation)


                          s                  frac. trans.

      isym =  1     identity                                     

 cryst.   s( 1) = (  1    0    0   )
                  (  0    1    0   )
                  (  0    0    1   )

 cart.    s( 1) = (  1.000  0.000  0.000 )
                  (  0.000  1.000  0.000 )
                  (  0.000  0.000  1.000 )


      isym =  2     180 deg rotation - cart. axis [0,0,1]        

 cryst.   s( 2) = ( -1      0      0     )    f =(   0.3333 )
                  (  0     -1      0     )       (  -0.3333 )
                  (  0      0      1     )       (  -0.5000 )

 cart.    s( 2) = ( -1.000  0.000  0.000 )    f =(   0.5000 )
                  (  0.000 -1.000  0.000 )       (  -0.2887 )
                  (  0.000  0.000  1.000 )       (  -0.7732 )


      isym =  3     180 deg rotation - cart. axis [0,1,0]        

 cryst.   s( 3) = ( -1    0    0   )
                  (  1    1    0   )
                  (  0    0   -1   )

 cart.    s( 3) = ( -1.000  0.000  0.000 )
                  (  0.000  1.000  0.000 )
                  (  0.000  0.000 -1.000 )


      isym =  4     180 deg rotation - cart. axis [1,0,0]        

 cryst.   s( 4) = (  1      0      0     )    f =(   0.3333 )
                  ( -1     -1      0     )       (  -0.3333 )
                  (  0      0     -1     )       (   0.5000 )

 cart.    s( 4) = (  1.000  0.000  0.000 )    f =(   0.5000 )
                  (  0.000 -1.000  0.000 )       (  -0.2887 )
                  (  0.000  0.000 -1.000 )       (   0.7732 )


      isym =  5      60 deg rotation - cryst. axis [0,0,1]       

 cryst.   s( 5) = (  1      1      0     )    f =(   0.3333 )
                  ( -1      0      0     )       (  -0.3333 )
                  (  0      0      1     )       (  -0.5000 )

 cart.    s( 5) = (  0.500 -0.866  0.000 )    f =(   0.5000 )
                  (  0.866  0.500  0.000 )       (  -0.2887 )
                  (  0.000  0.000  1.000 )       (  -0.7732 )


      isym =  6      60 deg rotation - cryst. axis [0,0,-1]      

 cryst.   s( 6) = (  0     -1      0     )    f =(   0.3333 )
                  (  1      1      0     )       (  -0.3333 )
                  (  0      0      1     )       (  -0.5000 )

 cart.    s( 6) = (  0.500  0.866  0.000 )    f =(   0.5000 )
                  ( -0.866  0.500  0.000 )       (  -0.2887 )
                  (  0.000  0.000  1.000 )       (  -0.7732 )


      isym =  7     120 deg rotation - cryst. axis [0,0,1]       

 cryst.   s( 7) = (  0    1    0   )
                  ( -1   -1    0   )
                  (  0    0    1   )

 cart.    s( 7) = ( -0.500 -0.866  0.000 )
                  (  0.866 -0.500  0.000 )
                  (  0.000  0.000  1.000 )


      isym =  8     120 deg rotation - cryst. axis [0,0,-1]      

 cryst.   s( 8) = ( -1   -1    0   )
                  (  1    0    0   )
                  (  0    0    1   )

 cart.    s( 8) = ( -0.500  0.866  0.000 )
                  ( -0.866 -0.500  0.000 )
                  (  0.000  0.000  1.000 )


      isym =  9     180 deg rotation - cryst. axis [1,-1,0]      

 cryst.   s( 9) = (  0   -1    0   )
                  ( -1    0    0   )
                  (  0    0   -1   )

 cart.    s( 9) = (  0.500 -0.866  0.000 )
                  ( -0.866 -0.500  0.000 )
                  (  0.000  0.000 -1.000 )


      isym = 10     180 deg rotation - cryst. axis [2,1,0]       

 cryst.   s(10) = (  1    1    0   )
                  (  0   -1    0   )
                  (  0    0   -1   )

 cart.    s(10) = (  0.500  0.866  0.000 )
                  (  0.866 -0.500  0.000 )
                  (  0.000  0.000 -1.000 )


      isym = 11     180 deg rotation - cryst. axis [0,1,0]       

 cryst.   s(11) = ( -1     -1      0     )    f =(   0.3333 )
                  (  0      1      0     )       (  -0.3333 )
                  (  0      0     -1     )       (   0.5000 )

 cart.    s(11) = ( -0.500 -0.866  0.000 )    f =(   0.5000 )
                  ( -0.866  0.500  0.000 )       (  -0.2887 )
                  (  0.000  0.000 -1.000 )       (   0.7732 )


      isym = 12     180 deg rotation - cryst. axis [1,1,0]       

 cryst.   s(12) = (  0      1      0     )    f =(   0.3333 )
                  (  1      0      0     )       (  -0.3333 )
                  (  0      0     -1     )       (   0.5000 )

 cart.    s(12) = ( -0.500  0.866  0.000 )    f =(   0.5000 )
                  (  0.866  0.500  0.000 )       (  -0.2887 )
                  (  0.000  0.000 -1.000 )       (   0.7732 )


      isym = 13     inversion                                    

 cryst.   s(13) = ( -1      0      0     )    f =(   0.3333 )
                  (  0     -1      0     )       (  -0.3333 )
                  (  0      0     -1     )       (   0.5000 )

 cart.    s(13) = ( -1.000  0.000  0.000 )    f =(   0.5000 )
                  (  0.000 -1.000  0.000 )       (  -0.2887 )
                  (  0.000  0.000 -1.000 )       (   0.7732 )


      isym = 14     inv. 180 deg rotation - cart. axis [0,0,1]   

 cryst.   s(14) = (  1    0    0   )
                  (  0    1    0   )
                  (  0    0   -1   )

 cart.    s(14) = (  1.000  0.000  0.000 )
                  (  0.000  1.000  0.000 )
                  (  0.000  0.000 -1.000 )


      isym = 15     inv. 180 deg rotation - cart. axis [0,1,0]   

 cryst.   s(15) = (  1      0      0     )    f =(   0.3333 )
                  ( -1     -1      0     )       (  -0.3333 )
                  (  0      0      1     )       (  -0.5000 )

 cart.    s(15) = (  1.000  0.000  0.000 )    f =(   0.5000 )
                  (  0.000 -1.000  0.000 )       (  -0.2887 )
                  (  0.000  0.000  1.000 )       (  -0.7732 )


      isym = 16     inv. 180 deg rotation - cart. axis [1,0,0]   

 cryst.   s(16) = ( -1    0    0   )
                  (  1    1    0   )
                  (  0    0    1   )

 cart.    s(16) = ( -1.000  0.000  0.000 )
                  (  0.000  1.000  0.000 )
                  (  0.000  0.000  1.000 )


      isym = 17     inv.  60 deg rotation - cryst. axis [0,0,1]  

 cryst.   s(17) = ( -1   -1    0   )
                  (  1    0    0   )
                  (  0    0   -1   )

 cart.    s(17) = ( -0.500  0.866  0.000 )
                  ( -0.866 -0.500  0.000 )
                  (  0.000  0.000 -1.000 )


      isym = 18     inv.  60 deg rotation - cryst. axis [0,0,-1] 

 cryst.   s(18) = (  0    1    0   )
                  ( -1   -1    0   )
                  (  0    0   -1   )

 cart.    s(18) = ( -0.500 -0.866  0.000 )
                  (  0.866 -0.500  0.000 )
                  (  0.000  0.000 -1.000 )


      isym = 19     inv. 120 deg rotation - cryst. axis [0,0,1]  

 cryst.   s(19) = (  0     -1      0     )    f =(   0.3333 )
                  (  1      1      0     )       (  -0.3333 )
                  (  0      0     -1     )       (   0.5000 )

 cart.    s(19) = (  0.500  0.866  0.000 )    f =(   0.5000 )
                  ( -0.866  0.500  0.000 )       (  -0.2887 )
                  (  0.000  0.000 -1.000 )       (   0.7732 )


      isym = 20     inv. 120 deg rotation - cryst. axis [0,0,-1] 

 cryst.   s(20) = (  1      1      0     )    f =(   0.3333 )
                  ( -1      0      0     )       (  -0.3333 )
                  (  0      0     -1     )       (   0.5000 )

 cart.    s(20) = (  0.500 -0.866  0.000 )    f =(   0.5000 )
                  (  0.866  0.500  0.000 )       (  -0.2887 )
                  (  0.000  0.000 -1.000 )       (   0.7732 )


      isym = 21     inv. 180 deg rotation - cryst. axis [1,-1,0] 

 cryst.   s(21) = (  0      1      0     )    f =(   0.3333 )
                  (  1      0      0     )       (  -0.3333 )
                  (  0      0      1     )       (  -0.5000 )

 cart.    s(21) = ( -0.500  0.866  0.000 )    f =(   0.5000 )
                  (  0.866  0.500  0.000 )       (  -0.2887 )
                  (  0.000  0.000  1.000 )       (  -0.7732 )


      isym = 22     inv. 180 deg rotation - cryst. axis [2,1,0]  

 cryst.   s(22) = ( -1     -1      0     )    f =(   0.3333 )
                  (  0      1      0     )       (  -0.3333 )
                  (  0      0      1     )       (  -0.5000 )

 cart.    s(22) = ( -0.500 -0.866  0.000 )    f =(   0.5000 )
                  ( -0.866  0.500  0.000 )       (  -0.2887 )
                  (  0.000  0.000  1.000 )       (  -0.7732 )


      isym = 23     inv. 180 deg rotation - cryst. axis [0,1,0]  

 cryst.   s(23) = (  1    1    0   )
                  (  0   -1    0   )
                  (  0    0    1   )

 cart.    s(23) = (  0.500  0.866  0.000 )
                  (  0.866 -0.500  0.000 )
                  (  0.000  0.000  1.000 )


      isym = 24     inv. 180 deg rotation - cryst. axis [1,1,0]  

 cryst.   s(24) = (  0   -1    0   )
                  ( -1    0    0   )
                  (  0    0    1   )

 cart.    s(24) = (  0.500 -0.866  0.000 )
                  ( -0.866 -0.500  0.000 )
                  (  0.000  0.000  1.000 )


     point group D_6h(6/mmm)
     there are 12 classes
     the character table:

       E     2C6   2C3   C2    3C2'  3C2'' i     2S3   2S6   s_h   3s_d  3s_v 
A_1g   1.00  1.00  1.00  1.00  1.00  1.00  1.00  1.00  1.00  1.00  1.00  1.00
A_2g   1.00  1.00  1.00  1.00 -1.00 -1.00  1.00  1.00  1.00  1.00 -1.00 -1.00
B_1g   1.00 -1.00  1.00 -1.00  1.00 -1.00  1.00 -1.00  1.00 -1.00  1.00 -1.00
B_2g   1.00 -1.00  1.00 -1.00 -1.00  1.00  1.00 -1.00  1.00 -1.00 -1.00  1.00
E_1g   2.00  1.00 -1.00 -2.00  0.00  0.00  2.00  1.00 -1.00 -2.00  0.00  0.00
E_2g   2.00 -1.00 -1.00  2.00  0.00  0.00  2.00 -1.00 -1.00  2.00  0.00  0.00
A_1u   1.00  1.00  1.00  1.00  1.00  1.00 -1.00 -1.00 -1.00 -1.00 -1.00 -1.00
A_2u   1.00  1.00  1.00  1.00 -1.00 -1.00 -1.00 -1.00 -1.00 -1.00  1.00  1.00
B_1u   1.00 -1.00  1.00 -1.00  1.00 -1.00 -1.00  1.00 -1.00  1.00 -1.00  1.00
B_2u   1.00 -1.00  1.00 -1.00 -1.00  1.00 -1.00  1.00 -1.00  1.00  1.00 -1.00
E_1u   2.00  1.00 -1.00 -2.00  0.00  0.00 -2.00 -1.00  1.00  2.00  0.00  0.00
E_2u   2.00 -1.00 -1.00  2.00  0.00  0.00 -2.00  1.00  1.00 -2.00  0.00  0.00

     the symmetry operations in each class and the name of the first element:

     E        1
          identity                                               
     2C6      5    6
           60 deg rotation - cryst. axis [0,0,1]                 
     2C3      7    8
          120 deg rotation - cryst. axis [0,0,1]                 
     C2       2
          180 deg rotation - cart. axis [0,0,1]                  
     3C2'     4   12   11
          180 deg rotation - cart. axis [1,0,0]                  
     3C2''    3    9   10
          180 deg rotation - cart. axis [0,1,0]                  
     i       13
          inversion                                              
     2S3     17   18
          inv.  60 deg rotation - cryst. axis [0,0,1]            
     2S6     19   20
          inv. 120 deg rotation - cryst. axis [0,0,1]            
     s_h     14
          inv. 180 deg rotation - cart. axis [0,0,1]             
     3s_d    16   24   23
          inv. 180 deg rotation - cart. axis [1,0,0]             
     3s_v    15   21   22
          inv. 180 deg rotation - cart. axis [0,1,0]             

     Space group identification,  24 symmetries:

     Bravais lattice   4  hexagonal                               
     Point group number  23 / 111  D_6h(6/mmm)

     The coset representatives of the space group with
     the standard order of operations are:

     Fractional translations in crystal coordinates

      PGS    Fract. transl. (all)          Fract. transl. (no shift)   SGS

        E   1 -0.0000 -0.0000 -0.0000      0.0000  0.0000  0.0000         E   1
       6z  25 -0.3333  0.3333  0.5000      0.0000  0.0000  0.5000       6z3 110
       3z  27 -0.0000 -0.0000 -0.0000      0.0000  0.0000  0.0000        3z  27
       2z   2 -0.3333  0.3333  0.5000      0.0000  0.0000  0.5000       2z1  65
      3-z  28 -0.0000 -0.0000 -0.0000     -0.0000  0.0000  0.0000       3-z  28
      6-z  26 -0.3333  0.3333  0.5000     -0.0000  0.0000  0.5000      6-z3 115
       2x   4 -0.3333  0.3333 -0.5000     -0.5000 -0.0000  0.0000       2x1  67
     2210  30 -0.0000 -0.0000 -0.0000      0.0000  0.0000  0.0000      2210  30
     2110  32 -0.3333  0.3333 -0.5000      0.0000  0.0000  0.0000      2110  32
       2y   3 -0.0000 -0.0000 -0.0000      0.0000  0.0000  0.0000        2y   3
     2010  31 -0.3333  0.3333 -0.5000      0.0000  0.5000  0.0000     20101 124
    21-10  29 -0.0000 -0.0000 -0.0000      0.0000  0.0000  0.0000     21-10  29
        i  33 -0.3333  0.3333 -0.5000      0.0000  0.0000  0.0000         i  33
      i6z  57 -0.0000 -0.0000 -0.0000      0.0000  0.0000  0.0000       i6z  57
      i3z  59 -0.3333  0.3333 -0.5000      0.0000  0.0000  0.0000       i3z  59
      i2z  34 -0.0000 -0.0000 -0.0000      0.0000  0.0000  0.0000       i2z  34
     i3-z  60 -0.3333  0.3333 -0.5000      0.0000  0.0000  0.0000      i3-z  60
     i6-z  58 -0.0000 -0.0000 -0.0000      0.0000  0.0000  0.0000      i6-z  58
      i2x  36 -0.0000 -0.0000 -0.0000      0.0000  0.0000  0.0000       i2x  36
    i2210  62 -0.3333  0.3333  0.5000     -0.0000  0.5000  0.5000    i2210n 167
    i2110  64 -0.0000 -0.0000 -0.0000      0.0000  0.0000  0.0000     i2110  64
      i2y  35 -0.3333  0.3333  0.5000     -0.5000  0.0000  0.5000      i2yn 132
    i2010  63 -0.0000 -0.0000 -0.0000      0.0000  0.0000  0.0000     i2010  63
   i21-10  61 -0.3333  0.3333  0.5000      0.0000 -0.0000  0.5000   i21-10c 163

     PGS = Point group symmetry, SGS = space group symmetry 
     (no shift) means the part of the fractional translation
     that cannot be removed by an origin shift

     Fractional translation shift and origin shift in crystal coordinates

      PGS      FT shift                    &Origin shift                 SGS

        E   1 -0.0000 -0.0000 -0.0000      0.0000  0.0000  0.0000         E   1
       6z  25 -0.3333  0.3333  0.0000     -0.6667 -0.3333  0.0000       6z3 110
       3z  27  0.0000  0.0000  0.0000      0.0000  0.0000  0.0000        3z  27
       2z   2 -0.3333  0.3333  0.0000     -0.1667  0.1667  0.0000       2z1  65
      3-z  28  0.0000  0.0000  0.0000      0.0000  0.0000  0.0000       3-z  28
      6-z  26 -0.3333  0.3333  0.0000      0.3333  0.6667  0.0000      6-z3 115
       2x   4  0.1667  0.3333 -0.5000      0.0833  0.1667 -0.2500       2x1  67
     2210  30  0.0000  0.0000  0.0000      0.0000  0.0000  0.0000      2210  30
     2110  32 -0.3333  0.3333 -0.5000     -0.1667  0.1667 -0.2500      2110  32
       2y   3  0.0000  0.0000  0.0000      0.0000  0.0000  0.0000        2y   3
     2010  31 -0.3333 -0.1667 -0.5000     -0.1667 -0.0833 -0.2500     20101 124
    21-10  29  0.0000  0.0000  0.0000      0.0000  0.0000  0.0000     21-10  29
        i  33 -0.3333  0.3333 -0.5000     -0.1667  0.1667 -0.2500         i  33
      i6z  57 -0.0000 -0.0000 -0.0000      0.0000  0.0000  0.0000       i6z  57
      i3z  59 -0.3333  0.3333 -0.5000      0.3333  0.6667 -0.2500       i3z  59
      i2z  34  0.0000  0.0000  0.0000      0.0000  0.0000  0.0000       i2z  34
     i3-z  60 -0.3333  0.3333 -0.5000     -0.6667 -0.3333 -0.2500      i3-z  60
     i6-z  58 -0.0000 -0.0000 -0.0000      0.0000  0.0000  0.0000      i6-z  58
      i2x  36  0.0000  0.0000  0.0000      0.0000  0.0000  0.0000       i2x  36
    i2210  62 -0.3333 -0.1667  0.0000     -0.1667 -0.0833  0.0000    i2210n 167
    i2110  64  0.0000  0.0000  0.0000      0.0000  0.0000  0.0000     i2110  64
      i2y  35  0.1667  0.3333  0.0000      0.0833  0.1667  0.0000      i2yn 132
    i2010  63  0.0000  0.0000  0.0000      0.0000  0.0000  0.0000     i2010  63
   i21-10  61 -0.3333  0.3333  0.0000     -0.1667  0.1667  0.0000   i21-10c 163


     The origin shift gives the point of application of the symmetry
     Subtract this vector from all atomic coordinates
     to have this symmetry centered at the origin


     Space group number  194

     Space group P6_3/mmc   (group number 194).
     The origin coincides with the ITA tables.

     The Laue class is D_6h(6/mmm)

     ----------------------------------------------------------------------
     Ions are relaxed in each calculation
     ----------------------------------------------------------------------

     Total mass of this unit cell         89.1920 a.m.u.
     Density of this solid                3298.29 kg/m^3         3.2983 g/cm^3

  ++++++++++++++++++++++++++++++++++++++++++++++++++++++++++++++++++++++++++++
     Doing a self-consistent calculation
  ++++++++++++++++++++++++++++++++++++++++++++++++++++++++++++++++++++++++++++


     Current dimensions of program PWSCF are:
     Max number of different atomic species (ntypx) = 10
     Max number of k-points (npk) = 120000
     Max angular momentum in pseudopotentials (lmaxx) =  4

     WARNING: check_stop already initialized

     K-points division:     npool     =       4
     R & G space division:  proc/nbgrp/npool/nimage =       5
     Subspace diagonalization in iterative solution of the eigenvalue problem:
     a serial algorithm will be used


     Parallelization info
     --------------------
     sticks:   dense  smooth     PW     G-vecs:    dense   smooth      PW
     Min         205     205     62                 8187     8187    1364
     Max         206     206     63                 8194     8194    1366
     Sum        1027    1027    313                40949    40949    6825

     Using Slab Decomposition



     bravais-lattice index     =            4
     lattice parameter (alat)  =       6.0937  a.u.
     unit-cell volume          =     303.0282 (a.u.)^3
     number of atoms/cell      =            2
     number of atomic types    =            1
     number of electrons       =        22.00
     number of Kohn-Sham states=           15
     kinetic-energy cutoff     =     100.0000  Ry
     charge density cutoff     =     400.0000  Ry
     scf convergence threshold =      1.0E-10
     mixing beta               =       0.7000
     number of iterations used =            8  plain     mixing
     Exchange-correlation= SLA  PZ   NOGX NOGC
                           (   1   1   0   0   0   0   0)

     celldm(1)=   6.093687  celldm(2)=   0.000000  celldm(3)=   1.546365
     celldm(4)=   0.000000  celldm(5)=   0.000000  celldm(6)=   0.000000

     crystal axes: (cart. coord. in units of alat)
               a(1) = (   1.000000   0.000000   0.000000 )  
               a(2) = (  -0.500000   0.866025   0.000000 )  
               a(3) = (   0.000000   0.000000   1.546365 )  

     reciprocal axes: (cart. coord. in units 2 pi/alat)
               b(1) = (  1.000000  0.577350 -0.000000 )  
               b(2) = (  0.000000  1.154701  0.000000 )  
               b(3) = (  0.000000 -0.000000  0.646678 )  


     PseudoPot. # 1 for Sc read from file:
     /home/atan/sissa_es02/Sc.pz-spn-kjpaw_psl.1.0.0.UPF
     MD5 check sum: 1f9095df0bb42a6568b4e9f256ff075f
     Pseudo is Projector augmented-wave + core cor, Zval = 11.0
     Generated using 'atomic' code by A. Dal Corso  v.7.1
     Shape of augmentation charge: PSQ
     Using radial grid of 1173 points,  6 beta functions with: 
                l(1) =   0
                l(2) =   0
                l(3) =   1
                l(4) =   1
                l(5) =   2
                l(6) =   2
     Q(r) pseudized with 0 coefficients 


     atomic species   valence    mass     pseudopotential
        Sc            11.00    44.59600     Sc( 1.00)

     24 Sym. Ops., with inversion, found (12 have fractional translation)



   Cartesian axes

     site n.     atom                  positions (alat units)
         1           Sc  tau(   1) = (   0.0000000   0.0000000   0.0000000  )
         2           Sc  tau(   2) = (   0.5000000   0.2886751   0.7731825  )

     number of k points=   168  Marzari-Vanderbilt smearing, width (Ry)=  0.0200

     Number of k-points >= 100: set verbosity='high' to print them.

     Dense  grid:    40949 G-vectors     FFT dimensions: (  45,  45,  60)

     Estimated max dynamical RAM per process >      23.28 MB

     Estimated total dynamical RAM >     435.59 MB

     Check: negative core charge=   -0.000013

     Initial potential from superposition of free atoms

     starting charge      21.9956, renormalised to      22.0000
     Starting wfcs are   20 randomized atomic wfcs
     Checking if some PAW data can be deallocated... 

     total cpu time spent up to now is        1.8 secs

     Self-consistent Calculation

     iteration #  1     ecut=   100.00 Ry     beta= 0.70
     Davidson diagonalization with overlap
     ethr =  1.00E-02,  avg # of iterations =  2.1

     Threshold (ethr) on eigenvalues was too large:
     Diagonalizing with lowered threshold

     Davidson diagonalization with overlap
     c_bands:  2 eigenvalues not converged
     c_bands:  1 eigenvalues not converged
     c_bands:  2 eigenvalues not converged
     c_bands:  1 eigenvalues not converged
     c_bands:  2 eigenvalues not converged
     c_bands:  1 eigenvalues not converged
     c_bands:  1 eigenvalues not converged
     c_bands:  4 eigenvalues not converged
     c_bands:  1 eigenvalues not converged
     c_bands:  4 eigenvalues not converged
     c_bands:  4 eigenvalues not converged
     c_bands:  1 eigenvalues not converged
     c_bands:  2 eigenvalues not converged
     c_bands:  4 eigenvalues not converged
     c_bands:  5 eigenvalues not converged
     c_bands:  1 eigenvalues not converged
     c_bands:  2 eigenvalues not converged
     c_bands:  1 eigenvalues not converged
     c_bands:  3 eigenvalues not converged
     c_bands:  2 eigenvalues not converged
     c_bands:  1 eigenvalues not converged
     ethr =  1.80E-05,  avg # of iterations = 18.1

     total cpu time spent up to now is       18.4 secs

     total energy              =    -306.87577259 Ry
     estimated scf accuracy    <       0.01647059 Ry

     iteration #  2     ecut=   100.00 Ry     beta= 0.70
     Davidson diagonalization with overlap
     ethr =  7.49E-05,  avg # of iterations =  4.4

     total cpu time spent up to now is       21.8 secs

     total energy              =    -306.87965641 Ry
     estimated scf accuracy    <       0.00087564 Ry

     iteration #  3     ecut=   100.00 Ry     beta= 0.70
     Davidson diagonalization with overlap
     c_bands:  2 eigenvalues not converged
     c_bands:  1 eigenvalues not converged
     ethr =  3.98E-06,  avg # of iterations =  9.2

     total cpu time spent up to now is       27.5 secs

     total energy              =    -306.88051957 Ry
     estimated scf accuracy    <       0.00028875 Ry

     iteration #  4     ecut=   100.00 Ry     beta= 0.70
     Davidson diagonalization with overlap
     c_bands:  1 eigenvalues not converged
     c_bands:  1 eigenvalues not converged
     ethr =  1.31E-06,  avg # of iterations =  6.6

     total cpu time spent up to now is       31.7 secs

     total energy              =    -306.88066140 Ry
     estimated scf accuracy    <       0.00013356 Ry

     iteration #  5     ecut=   100.00 Ry     beta= 0.70
     Davidson diagonalization with overlap
     ethr =  6.07E-07,  avg # of iterations =  6.0

     total cpu time spent up to now is       35.5 secs

     total energy              =    -306.88072112 Ry
     estimated scf accuracy    <       0.00000630 Ry

     iteration #  6     ecut=   100.00 Ry     beta= 0.70
     Davidson diagonalization with overlap
     c_bands:  1 eigenvalues not converged
     ethr =  2.86E-08,  avg # of iterations = 11.8

     total cpu time spent up to now is       42.7 secs

     total energy              =    -306.88072830 Ry
     estimated scf accuracy    <       0.00001142 Ry

     iteration #  7     ecut=   100.00 Ry     beta= 0.70
     Davidson diagonalization with overlap
     ethr =  2.86E-08,  avg # of iterations =  6.4

     total cpu time spent up to now is       46.8 secs

     total energy              =    -306.88073188 Ry
     estimated scf accuracy    <       0.00000615 Ry

     iteration #  8     ecut=   100.00 Ry     beta= 0.70
     Davidson diagonalization with overlap
     ethr =  2.80E-08,  avg # of iterations =  3.0

     total cpu time spent up to now is       49.8 secs

     total energy              =    -306.88073288 Ry
     estimated scf accuracy    <       0.00000013 Ry

     iteration #  9     ecut=   100.00 Ry     beta= 0.70
     Davidson diagonalization with overlap
     ethr =  5.97E-10,  avg # of iterations = 13.9

     total cpu time spent up to now is       57.9 secs

     total energy              =    -306.88073368 Ry
     estimated scf accuracy    <       0.00000033 Ry

     iteration # 10     ecut=   100.00 Ry     beta= 0.70
     Davidson diagonalization with overlap
     ethr =  5.97E-10,  avg # of iterations =  5.3

     total cpu time spent up to now is       61.6 secs

     total energy              =    -306.88073390 Ry
     estimated scf accuracy    <       0.00000002 Ry

     iteration # 11     ecut=   100.00 Ry     beta= 0.70
     Davidson diagonalization with overlap
     ethr =  7.47E-11,  avg # of iterations = 10.4

     total cpu time spent up to now is       67.7 secs

     total energy              =    -306.88073356 Ry
     estimated scf accuracy    <       0.00000058 Ry

     iteration # 12     ecut=   100.00 Ry     beta= 0.70
     Davidson diagonalization with overlap
     ethr =  7.47E-11,  avg # of iterations = 12.8

     total cpu time spent up to now is       75.0 secs

     total energy              =    -306.88073378 Ry
     estimated scf accuracy    <       0.00000005 Ry

     iteration # 13     ecut=   100.00 Ry     beta= 0.70
     Davidson diagonalization with overlap
     ethr =  7.47E-11,  avg # of iterations =  1.6

     total cpu time spent up to now is       77.5 secs

     total energy              =    -306.88073378 Ry
     estimated scf accuracy    <       0.00000007 Ry

     iteration # 14     ecut=   100.00 Ry     beta= 0.70
     Davidson diagonalization with overlap
     ethr =  7.47E-11,  avg # of iterations =  1.0

     total cpu time spent up to now is       79.7 secs

     total energy              =    -306.88073379 Ry
     estimated scf accuracy    <       0.00000007 Ry

     iteration # 15     ecut=   100.00 Ry     beta= 0.70
     Davidson diagonalization with overlap
     ethr =  7.47E-11,  avg # of iterations =  1.1

     total cpu time spent up to now is       82.0 secs

     total energy              =    -306.88073375 Ry
     estimated scf accuracy    <       0.00000010 Ry

     iteration # 16     ecut=   100.00 Ry     beta= 0.70
     Davidson diagonalization with overlap
     ethr =  7.47E-11,  avg # of iterations =  3.8

     total cpu time spent up to now is       85.4 secs

     total energy              =    -306.88073375 Ry
     estimated scf accuracy    <       0.00000002 Ry

     iteration # 17     ecut=   100.00 Ry     beta= 0.70
     Davidson diagonalization with overlap
     ethr =  7.47E-11,  avg # of iterations =  1.0

     total cpu time spent up to now is       87.7 secs

     total energy              =    -306.88073374 Ry
     estimated scf accuracy    <       0.00000002 Ry

     iteration # 18     ecut=   100.00 Ry     beta= 0.70
     Davidson diagonalization with overlap
     ethr =  7.47E-11,  avg # of iterations =  2.2

     total cpu time spent up to now is       90.6 secs

     total energy              =    -306.88073375 Ry
     estimated scf accuracy    <          2.0E-09 Ry

     iteration # 19     ecut=   100.00 Ry     beta= 0.70
     Davidson diagonalization with overlap
     ethr =  9.11E-12,  avg # of iterations =  7.3

     total cpu time spent up to now is       95.0 secs

     total energy              =    -306.88073375 Ry
     estimated scf accuracy    <          1.8E-10 Ry

     iteration # 20     ecut=   100.00 Ry     beta= 0.70
     Davidson diagonalization with overlap
     ethr =  7.97E-13,  avg # of iterations =  8.9

     total cpu time spent up to now is      100.4 secs

     total energy              =    -306.88073375 Ry
     estimated scf accuracy    <          1.7E-09 Ry

     iteration # 21     ecut=   100.00 Ry     beta= 0.70
     Davidson diagonalization with overlap
     ethr =  7.97E-13,  avg # of iterations =  4.9

     total cpu time spent up to now is      104.0 secs

     total energy              =    -306.88073375 Ry
     estimated scf accuracy    <          3.1E-09 Ry

     iteration # 22     ecut=   100.00 Ry     beta= 0.70
     Davidson diagonalization with overlap
     ethr =  7.97E-13,  avg # of iterations =  1.4

     total cpu time spent up to now is      106.4 secs

     total energy              =    -306.88073375 Ry
     estimated scf accuracy    <          2.5E-09 Ry

     iteration # 23     ecut=   100.00 Ry     beta= 0.70
     Davidson diagonalization with overlap
     ethr =  7.97E-13,  avg # of iterations =  5.5

     total cpu time spent up to now is      110.0 secs

     total energy              =    -306.88073375 Ry
     estimated scf accuracy    <          1.2E-09 Ry

     iteration # 24     ecut=   100.00 Ry     beta= 0.70
     Davidson diagonalization with overlap
     ethr =  7.97E-13,  avg # of iterations =  9.6

     total cpu time spent up to now is      115.5 secs

     total energy              =    -306.88073375 Ry
     estimated scf accuracy    <          1.9E-10 Ry

     iteration # 25     ecut=   100.00 Ry     beta= 0.70
     Davidson diagonalization with overlap
     ethr =  7.97E-13,  avg # of iterations =  4.8

     total cpu time spent up to now is      119.2 secs

     End of self-consistent calculation

     Number of k-points >= 100: set verbosity='high' to print the bands.

     the Fermi energy is    10.0647 ev

!    total energy              =    -306.88073375 Ry
     total all-electron energy =     -3050.021505 Ry
     estimated scf accuracy    <          3.2E-11 Ry
     smearing contrib. (-TS)   =      -0.00084327 Ry
     internal energy E=F+TS    =    -306.87989048 Ry

     The total energy is F=E-TS. E is the sum of the following terms:
     one-electron contribution =     -67.49007821 Ry
     hartree contribution      =      40.09051770 Ry
     xc contribution           =     -34.67320227 Ry
     ewald contribution        =    -131.05084962 Ry
     one-center paw contrib.   =    -113.75627808 Ry

     convergence has been achieved in  25 iterations

     Writing all to output data dir ../tmp//g1/sc.save/

     %%%%%%%%%%%%%%%%%%%%%%%%%%%%%%%%%%%%%%%%
     Computing geometry     1
     %%%%%%%%%%%%%%%%%%%%%%%%%%%%%%%%%%%%%%%%

     Waiting for input...
     Reading input from standard input

     Reading xml data from directory:

     ../tmp//g1/sc.save/
     file Sc.pz-spn-kjpaw_psl.1.0.0.UPF: wavefunction(s)  3S 3P 3D renormalized

     IMPORTANT: XC functional enforced from input :
     Exchange-correlation= PZ
                           (   1   1   0   0   0   0   0)
     Any further DFT definition will be discarded
     Please, verify this is what you really want


     Parallelization info
     --------------------
     sticks:   dense  smooth     PW     G-vecs:    dense   smooth      PW
     Min         205     205     62                 8187     8187    1364
     Max         206     206     63                 8194     8194    1366
     Sum        1027    1027    313                40949    40949    6825

     Using Slab Decomposition


     Check: negative core charge=   -0.000013
     Reading collected, re-writing distributed wavefunctions

  ++++++++++++++++++++++++++++++++++++++++++++++++++++++++++++++++++++++++++++
     Doing work    1 /     1
     Doing the work of image    1 of geometry    1
      q point number     1, representations:
       0 1 2 3 4
  ++++++++++++++++++++++++++++++++++++++++++++++++++++++++++++++++++++++++++++


                          --------------------------
     Calculation of q =    0.0000000   0.0000000   0.0000000
                          --------------------------


     Parallelization info
     --------------------
     sticks:   dense  smooth     PW     G-vecs:    dense   smooth      PW
     Min         205     205     62                 8187     8187    1364
     Max         206     206     63                 8194     8194    1366
     Sum        1027    1027    313                40949    40949    6825

     Using Slab Decomposition


     Title: 
     phonons at Gamma                                                           


     bravais-lattice index     =            4
     lattice parameter (alat)  =       6.0937  a.u.
     unit-cell volume          =     303.0282 (a.u.)^3
     number of atoms/cell      =            2
     number of atomic types    =            1
     number of electrons       =        22.00
     number of Kohn-Sham states=           15
     kinetic-energy cutoff     =     100.0000  Ry
     charge density cutoff     =     400.0000  Ry
     Exchange-correlation= PZ
                           (   1   1   0   0   0   0   0)

     celldm(1)=   6.093687  celldm(2)=   0.000000  celldm(3)=   1.546365
     celldm(4)=   0.000000  celldm(5)=   0.000000  celldm(6)=   0.000000

     crystal axes: (cart. coord. in units of alat)
               a(1) = (   1.000000   0.000000   0.000000 )  
               a(2) = (  -0.500000   0.866025   0.000000 )  
               a(3) = (   0.000000   0.000000   1.546365 )  

     reciprocal axes: (cart. coord. in units 2 pi/alat)
               b(1) = (  1.000000  0.577350 -0.000000 )  
               b(2) = (  0.000000  1.154701  0.000000 )  
               b(3) = (  0.000000 -0.000000  0.646678 )  


     PseudoPot. # 1 for Sc read from file:
     /home/atan/sissa_es02/Sc.pz-spn-kjpaw_psl.1.0.0.UPF
     MD5 check sum: 1f9095df0bb42a6568b4e9f256ff075f
     Pseudo is Projector augmented-wave + core cor, Zval = 11.0
     Generated using 'atomic' code by A. Dal Corso  v.7.1
     Shape of augmentation charge: PSQ
     Using radial grid of 1173 points,  6 beta functions with: 
                l(1) =   0
                l(2) =   0
                l(3) =   1
                l(4) =   1
                l(5) =   2
                l(6) =   2
     Q(r) pseudized with 0 coefficients 


     atomic species   valence    mass     pseudopotential
        Sc            11.00    44.59600     Sc( 1.00)

     24 Sym. Ops., with inversion, found (12 have fractional translation)



   Cartesian axes

     site n.     atom                  positions (alat units)
         1           Sc  tau(   1) = (   0.0000000   0.0000000   0.0000000  )
         2           Sc  tau(   2) = (   0.5000000   0.2886751   0.7731825  )

     number of k points=   168  Marzari-Vanderbilt smearing, width (Ry)=  0.0200

     Number of k-points >= 100: set verbosity='high' to print them.

     Dense  grid:    40949 G-vectors     FFT dimensions: (  45,  45,  60)

     Estimated max dynamical RAM per process >      11.15 MB

     Estimated total dynamical RAM >     222.96 MB

     Check: negative core charge=   -0.000013

     The potential is recalculated from file :
     ../tmp//g1/_ph0/sc.save/charge-density

     Starting wfcs are   20 atomic wfcs
     Checking if some PAW data can be deallocated... 

     Band Structure Calculation
     Davidson diagonalization with overlap

     ethr =  4.55E-11,  avg # of iterations = 37.8

     Total points  168
     Diagonalized points  168   Symmetrized points    0

     total cpu time spent up to now is      145.8 secs

     End of band structure calculation

     Number of k-points >= 100: set verbosity='high' to print the bands.

     the Fermi energy is    10.0647 ev
     (compare with:    10.0647 eV, computed in scf)

     Writing config to output data dir ../tmp//g1/_ph0/sc.save/

     phonons at Gamma                                                           

     bravais-lattice index     =            4
     lattice parameter (alat)  =       6.0937  a.u.
     unit-cell volume          =     303.0282 (a.u.)^3
     number of atoms/cell      =            2
     number of atomic types    =            1
     kinetic-energy cut-off    =     100.0000  Ry
     charge density cut-off    =     400.0000  Ry
     convergence threshold     =      1.0E-16
     beta                      =       0.7000
     number of iterations used =            4
     Exchange-correlation= PZ
                           (   1   1   0   0   0   0   0)


     celldm(1)=    6.09369  celldm(2)=    0.00000  celldm(3)=    1.54637
     celldm(4)=    0.00000  celldm(5)=    0.00000  celldm(6)=    0.00000

     crystal axes: (cart. coord. in units of alat)
               a(1) = (  1.0000  0.0000  0.0000 )  
               a(2) = ( -0.5000  0.8660  0.0000 )  
               a(3) = (  0.0000  0.0000  1.5464 )  

     reciprocal axes: (cart. coord. in units 2 pi/alat)
               b(1) = (  1.0000  0.5774 -0.0000 )  
               b(2) = (  0.0000  1.1547  0.0000 )  
               b(3) = (  0.0000 -0.0000  0.6467 )  


     Atoms inside the unit cell: 

     Cartesian axes

     site n.  atom      mass           positions (alat units)
        1     Sc  44.5960   tau(    1) = (    0.00000    0.00000    0.00000  )
        2     Sc  44.5960   tau(    2) = (    0.50000    0.28868    0.77318  )

     Computing dynamical matrix for 
                    q = (   0.0000000   0.0000000   0.0000000 )

     25 Sym.Ops. (with q -> -q+G )


     G cutoff =  376.2362  (   8194 G-vectors)     FFT grid: ( 45, 45, 60)

     number of k points=   168  Marzari-Vanderbilt smearing, width (Ry)=  0.0200

     PseudoPot. # 1 for Sc read from file:
     /home/atan/sissa_es02/Sc.pz-spn-kjpaw_psl.1.0.0.UPF
     MD5 check sum: 1f9095df0bb42a6568b4e9f256ff075f
     Pseudo is Projector augmented-wave + core cor, Zval = 11.0
     Generated using 'atomic' code by A. Dal Corso  v.7.1
     Shape of augmentation charge: PSQ
     Using radial grid of 1173 points,  6 beta functions with: 
                l(1) =   0
                l(2) =   0
                l(3) =   1
                l(4) =   1
                l(5) =   2
                l(6) =   2
     Q(r) pseudized with 0 coefficients 


     Mode symmetry, D_6h(6/mmm) point group:


     Atomic displacements:
     There are   4 irreducible representations

     Representation     1      1 modes -  To be done

     Representation     2      2 modes -  To be done

     Representation     3      1 modes -  To be done

     Representation     4      2 modes -  To be done



     Alpha used in Ewald sum =   2.8000
     PHONON       :     31.11s CPU     31.67s WALL (       1 calls)


     Representation #   1 mode #   1

     Self-consistent Calculation

     Pert. #  1: Fermi energy shift (Ry) =     0.0000E+00     0.0000E+00

      iter #   1 total cpu time :    44.7 secs   av.it.:  14.1
      thresh= 1.000E-02 alpha_mix =  0.700 |ddv_scf|^2 =  1.419E-04

     Pert. #  1: Fermi energy shift (Ry) =     0.0000E+00     0.0000E+00

      iter #   2 total cpu time :    61.6 secs   av.it.:  19.9
      thresh= 1.191E-03 alpha_mix =  0.700 |ddv_scf|^2 =  4.377E-04

     Pert. #  1: Fermi energy shift (Ry) =     0.0000E+00     0.0000E+00

      iter #   3 total cpu time :    76.7 secs   av.it.:  17.5
      thresh= 2.092E-03 alpha_mix =  0.700 |ddv_scf|^2 =  1.337E-08

     Pert. #  1: Fermi energy shift (Ry) =     0.0000E+00     0.0000E+00

      iter #   4 total cpu time :    94.5 secs   av.it.:  21.6
      thresh= 1.156E-05 alpha_mix =  0.700 |ddv_scf|^2 =  6.808E-10

     Pert. #  1: Fermi energy shift (Ry) =     0.0000E+00     0.0000E+00

      iter #   5 total cpu time :   111.2 secs   av.it.:  20.0
      thresh= 2.609E-06 alpha_mix =  0.700 |ddv_scf|^2 =  9.388E-12

     Pert. #  1: Fermi energy shift (Ry) =     0.0000E+00     0.0000E+00

      iter #   6 total cpu time :   127.6 secs   av.it.:  19.8
      thresh= 3.064E-07 alpha_mix =  0.700 |ddv_scf|^2 =  2.398E-13

     Pert. #  1: Fermi energy shift (Ry) =     0.0000E+00     0.0000E+00

      iter #   7 total cpu time :   143.8 secs   av.it.:  19.3
      thresh= 4.897E-08 alpha_mix =  0.700 |ddv_scf|^2 =  9.062E-16

     Pert. #  1: Fermi energy shift (Ry) =     0.0000E+00     0.0000E+00

      iter #   8 total cpu time :   161.0 secs   av.it.:  21.0
      thresh= 3.010E-09 alpha_mix =  0.700 |ddv_scf|^2 =  7.753E-16

     Pert. #  1: Fermi energy shift (Ry) =     0.0000E+00     0.0000E+00

      iter #   9 total cpu time :   176.7 secs   av.it.:  18.1
      thresh= 2.784E-09 alpha_mix =  0.700 |ddv_scf|^2 =  3.789E-17

     End of self-consistent calculation

     Convergence has been achieved 


     Representation #   2 modes #   2   3

     Self-consistent Calculation

     Pert. #  1: Fermi energy shift (Ry) =    -2.1684E-19     6.1224E-41
     Pert. #  2: Fermi energy shift (Ry) =     5.0596E-19    -2.2959E-40

      iter #   1 total cpu time :   200.3 secs   av.it.:  12.6
      thresh= 1.000E-02 alpha_mix =  0.700 |ddv_scf|^2 =  1.385E-06

     Pert. #  1: Fermi energy shift (Ry) =    -3.1623E-19     0.0000E+00
     Pert. #  2: Fermi energy shift (Ry) =     1.0842E-19    -3.8265E-42

      iter #   2 total cpu time :   236.8 secs   av.it.:  21.7
      thresh= 1.177E-04 alpha_mix =  0.700 |ddv_scf|^2 =  1.298E-07

     Pert. #  1: Fermi energy shift (Ry) =     3.2526E-19     2.3915E-43
     Pert. #  2: Fermi energy shift (Ry) =     3.0719E-19    -4.7831E-43

      iter #   3 total cpu time :   273.4 secs   av.it.:  21.8
      thresh= 3.603E-05 alpha_mix =  0.700 |ddv_scf|^2 =  7.164E-10

     Pert. #  1: Fermi energy shift (Ry) =     1.1203E-18     0.0000E+00
     Pert. #  2: Fermi energy shift (Ry) =    -1.8070E-20    -1.9132E-42

      iter #   4 total cpu time :   307.8 secs   av.it.:  20.7
      thresh= 2.677E-06 alpha_mix =  0.700 |ddv_scf|^2 =  7.056E-12

     Pert. #  1: Fermi energy shift (Ry) =    -3.6140E-20     2.3915E-43
     Pert. #  2: Fermi energy shift (Ry) =     3.2526E-19    -4.7831E-43

      iter #   5 total cpu time :   344.7 secs   av.it.:  22.3
      thresh= 2.656E-07 alpha_mix =  0.700 |ddv_scf|^2 =  2.567E-14

     Pert. #  1: Fermi energy shift (Ry) =    -2.5298E-19     2.3915E-43
     Pert. #  2: Fermi energy shift (Ry) =     3.2526E-19    -4.7831E-43

      iter #   6 total cpu time :   381.2 secs   av.it.:  21.9
      thresh= 1.602E-08 alpha_mix =  0.700 |ddv_scf|^2 =  5.232E-16

     Pert. #  1: Fermi energy shift (Ry) =     3.6140E-19     2.3915E-43
     Pert. #  2: Fermi energy shift (Ry) =     5.4210E-20    -4.7831E-43

      iter #   7 total cpu time :   418.5 secs   av.it.:  22.4
      thresh= 2.287E-09 alpha_mix =  0.700 |ddv_scf|^2 =  3.230E-18

     End of self-consistent calculation

     Convergence has been achieved 


     Representation #   3 mode #   4

     Self-consistent Calculation

     Pert. #  1: Fermi energy shift (Ry) =    -8.6165E-27     1.2539E-37

      iter #   1 total cpu time :   430.4 secs   av.it.:  12.3
      thresh= 1.000E-02 alpha_mix =  0.700 |ddv_scf|^2 =  4.247E-06

     Pert. #  1: Fermi energy shift (Ry) =    -1.0771E-27    -9.7958E-40

      iter #   2 total cpu time :   446.8 secs   av.it.:  19.6
      thresh= 2.061E-04 alpha_mix =  0.700 |ddv_scf|^2 =  3.176E-07

     Pert. #  1: Fermi energy shift (Ry) =    -6.8932E-26     0.0000E+00

      iter #   3 total cpu time :   463.1 secs   av.it.:  19.6
      thresh= 5.635E-05 alpha_mix =  0.700 |ddv_scf|^2 =  3.171E-09

     Pert. #  1: Fermi energy shift (Ry) =    -6.8932E-26     0.0000E+00

      iter #   4 total cpu time :   478.7 secs   av.it.:  18.7
      thresh= 5.632E-06 alpha_mix =  0.700 |ddv_scf|^2 =  1.680E-11

     Pert. #  1: Fermi energy shift (Ry) =    -3.4466E-26     0.0000E+00

      iter #   5 total cpu time :   494.8 secs   av.it.:  19.2
      thresh= 4.098E-07 alpha_mix =  0.700 |ddv_scf|^2 =  1.572E-14

     Pert. #  1: Fermi energy shift (Ry) =    -3.4466E-26     0.0000E+00

      iter #   6 total cpu time :   510.6 secs   av.it.:  19.1
      thresh= 1.254E-08 alpha_mix =  0.700 |ddv_scf|^2 =  8.766E-16

     Pert. #  1: Fermi energy shift (Ry) =    -6.8932E-26     0.0000E+00

      iter #   7 total cpu time :   526.6 secs   av.it.:  19.1
      thresh= 2.961E-09 alpha_mix =  0.700 |ddv_scf|^2 =  1.729E-19

     End of self-consistent calculation

     Convergence has been achieved 


     Representation #   4 modes #   5   6

     Self-consistent Calculation

     Pert. #  1: Fermi energy shift (Ry) =     0.0000E+00     0.0000E+00
     Pert. #  2: Fermi energy shift (Ry) =     3.4466E-26    -1.8808E-37

      iter #   1 total cpu time :   550.3 secs   av.it.:  12.5
      thresh= 1.000E-02 alpha_mix =  0.700 |ddv_scf|^2 =  1.164E-06

     Pert. #  1: Fermi energy shift (Ry) =     6.8932E-26     0.0000E+00
     Pert. #  2: Fermi energy shift (Ry) =     5.1699E-26     1.9592E-39

      iter #   2 total cpu time :   586.5 secs   av.it.:  21.5
      thresh= 1.079E-04 alpha_mix =  0.700 |ddv_scf|^2 =  9.441E-08

     Pert. #  1: Fermi energy shift (Ry) =     0.0000E+00     9.7958E-40
     Pert. #  2: Fermi energy shift (Ry) =     1.3786E-25     4.8979E-40

      iter #   3 total cpu time :   623.0 secs   av.it.:  21.8
      thresh= 3.073E-05 alpha_mix =  0.700 |ddv_scf|^2 =  7.976E-10

     Pert. #  1: Fermi energy shift (Ry) =     2.7573E-25     0.0000E+00
     Pert. #  2: Fermi energy shift (Ry) =     1.3786E-25    -4.5918E-41

      iter #   4 total cpu time :   657.5 secs   av.it.:  20.7
      thresh= 2.824E-06 alpha_mix =  0.700 |ddv_scf|^2 =  4.798E-12

     Pert. #  1: Fermi energy shift (Ry) =     0.0000E+00    -7.6530E-42
     Pert. #  2: Fermi energy shift (Ry) =    -1.3786E-25    -1.9132E-42

      iter #   5 total cpu time :   693.5 secs   av.it.:  21.6
      thresh= 2.191E-07 alpha_mix =  0.700 |ddv_scf|^2 =  3.166E-14

     Pert. #  1: Fermi energy shift (Ry) =     0.0000E+00    -4.7831E-42
     Pert. #  2: Fermi energy shift (Ry) =    -2.0680E-25    -2.3915E-42

      iter #   6 total cpu time :   731.1 secs   av.it.:  22.8
      thresh= 1.779E-08 alpha_mix =  0.700 |ddv_scf|^2 =  6.978E-16

     Pert. #  1: Fermi energy shift (Ry) =     0.0000E+00    -4.7831E-42
     Pert. #  2: Fermi energy shift (Ry) =     2.0680E-25    -2.3915E-42

      iter #   7 total cpu time :   768.2 secs   av.it.:  22.3
      thresh= 2.642E-09 alpha_mix =  0.700 |ddv_scf|^2 =  3.360E-17

     End of self-consistent calculation

     Convergence has been achieved 

     Number of q in the star =    1
     List of q in the star:
          1   0.000000000   0.000000000   0.000000000

     Diagonalizing the dynamical matrix

     q = (    0.000000000   0.000000000   0.000000000 ) 

 **************************************************************************
     freq (    1) =      -0.307024 [THz] =     -10.241223 [cm-1]
     freq (    2) =      -0.298610 [THz] =      -9.960556 [cm-1]
     freq (    3) =      -0.298610 [THz] =      -9.960556 [cm-1]
     freq (    4) =       4.190395 [THz] =     139.776535 [cm-1]
     freq (    5) =       4.190395 [THz] =     139.776535 [cm-1]
     freq (    6) =       7.285825 [THz] =     243.028958 [cm-1]
 **************************************************************************

     Using the point group D_6h(6/mmm) to classify the modes
     there are 12 classes
     the character table:

       E     2C6   2C3   C2    3C2'  3C2'' i     2S3   2S6   s_h   3s_d  3s_v 
A_1g   1.00  1.00  1.00  1.00  1.00  1.00  1.00  1.00  1.00  1.00  1.00  1.00
A_2g   1.00  1.00  1.00  1.00 -1.00 -1.00  1.00  1.00  1.00  1.00 -1.00 -1.00
B_1g   1.00 -1.00  1.00 -1.00  1.00 -1.00  1.00 -1.00  1.00 -1.00  1.00 -1.00
B_2g   1.00 -1.00  1.00 -1.00 -1.00  1.00  1.00 -1.00  1.00 -1.00 -1.00  1.00
E_1g   2.00  1.00 -1.00 -2.00  0.00  0.00  2.00  1.00 -1.00 -2.00  0.00  0.00
E_2g   2.00 -1.00 -1.00  2.00  0.00  0.00  2.00 -1.00 -1.00  2.00  0.00  0.00
A_1u   1.00  1.00  1.00  1.00  1.00  1.00 -1.00 -1.00 -1.00 -1.00 -1.00 -1.00
A_2u   1.00  1.00  1.00  1.00 -1.00 -1.00 -1.00 -1.00 -1.00 -1.00  1.00  1.00
B_1u   1.00 -1.00  1.00 -1.00  1.00 -1.00 -1.00  1.00 -1.00  1.00 -1.00  1.00
B_2u   1.00 -1.00  1.00 -1.00 -1.00  1.00 -1.00  1.00 -1.00  1.00  1.00 -1.00
E_1u   2.00  1.00 -1.00 -2.00  0.00  0.00 -2.00 -1.00  1.00  2.00  0.00  0.00
E_2u   2.00 -1.00 -1.00  2.00  0.00  0.00 -2.00  1.00  1.00 -2.00  0.00  0.00

     the symmetry operations in each class and the name of the first element:

     E        1
          identity                                               
     2C6      5    6
           60 deg rotation - cryst. axis [0,0,1]                 
     2C3      7    8
          120 deg rotation - cryst. axis [0,0,1]                 
     C2       2
          180 deg rotation - cart. axis [0,0,1]                  
     3C2'     4   12   11
          180 deg rotation - cart. axis [1,0,0]                  
     3C2''    3    9   10
          180 deg rotation - cart. axis [0,1,0]                  
     i       13
          inversion                                              
     2S3     17   18
          inv.  60 deg rotation - cryst. axis [0,0,1]            
     2S6     19   20
          inv. 120 deg rotation - cryst. axis [0,0,1]            
     s_h     14
          inv. 180 deg rotation - cart. axis [0,0,1]             
     3s_d    16   24   23
          inv. 180 deg rotation - cart. axis [1,0,0]             
     3s_v    15   21   22
          inv. 180 deg rotation - cart. axis [0,1,0]             

     Mode symmetry, D_6h(6/mmm) point group:

     freq (   1-   1) =        -10.2  [cm-1]   --> A_2u            I  
     freq (   2-   3) =        -10.0  [cm-1]   --> E_1u            I  
     freq (   4-   5) =        139.8  [cm-1]   --> E_2g            R  
     freq (   6-   6) =        243.0  [cm-1]   --> B_1g               

     THERMO_PW    :  14m35.98s CPU  14m48.27s WALL


   This run was terminated on:  13:21: 4  23Jan2024            

=------------------------------------------------------------------------------=
   JOB DONE.
=------------------------------------------------------------------------------=
