
     Program THERMO_PW v.7.2 starts on 24Jan2024 at  8: 3:11 

     This program is part of the open-source Quantum ESPRESSO suite
     for quantum simulation of materials; please cite
         "P. Giannozzi et al., J. Phys.:Condens. Matter 21 395502 (2009);
         "P. Giannozzi et al., J. Phys.:Condens. Matter 29 465901 (2017);
         "P. Giannozzi et al., J. Chem. Phys. 152 154105 (2020);
          URL http://www.quantum-espresso.org", 
     in publications or presentations arising from this work. More details at
     http://www.quantum-espresso.org/quote

     Parallel version (MPI), running on    20 processors

     MPI processes distributed on     1 nodes
     K-points division:     npool     =       4
     R & G space division:  proc/nbgrp/npool/nimage =       5
     315887 MiB available memory on the printing compute node when the environment starts

     Reading input from _temporary_1
     file Sc.pz-spn-kjpaw_psl.1.0.0.UPF: wavefunction(s)  3S 3P 3D renormalized

   Info: using nr1, nr2, nr3 values from input


     Doing a phonon calculation

     FFT mesh: (   36,   36,   54 )

     Bravais lattice:

     ibrav=  4: hexagonal
     Cell parameters:

     alat=   6.093687 a.u., c/a=   1.546365


     Starting primitive lattice vectors:
     crystal axes: (cart. coord. in units of alat)

               a(1) = (   1.000000   0.000000   0.000000 )  
               a(2) = (  -0.500000   0.866025   0.000000 )  
               a(3) = (   0.000000   0.000000   1.546365 )  

     Starting reciprocal lattice vectors:
     reciprocal axes: (cart. coord. in units 2 pi/alat)

               b(1) = (  1.000000  0.577350 -0.000000 )  
               b(2) = (  0.000000  1.154701  0.000000 )  
               b(3) = (  0.000000 -0.000000  0.646678 )  

     Starting atomic positions in Cartesian axes:

     site n.     atom                  positions (alat units)
         1           Sc  tau(   1) = (   0.0000000   0.0000000   0.0000000  )
         2           Sc  tau(   2) = (   0.5000000   0.2886751   0.7731825  )

     Starting atomic positions in crystallographic axes:

     site n.     atom                  positions (cryst. coord.)
         1           Sc  tau(   1) = (  0.0000000  0.0000000  0.0000000  )
         2           Sc  tau(   2) = (  0.6666667  0.3333333  0.5000000  )

     The point group 111 D_6h(6/mmm) is compatible with the Bravais lattice.

     The rotation matrices with the order used inside thermo_pw are:

     24 Sym. Ops., with inversion, found (12 have fractional translation)


                          s                  frac. trans.

      isym =  1     identity                                     

 cryst.   s( 1) = (  1    0    0   )
                  (  0    1    0   )
                  (  0    0    1   )

 cart.    s( 1) = (  1.000  0.000  0.000 )
                  (  0.000  1.000  0.000 )
                  (  0.000  0.000  1.000 )


      isym =  2     180 deg rotation - cart. axis [0,0,1]        

 cryst.   s( 2) = ( -1      0      0     )    f =(   0.3333 )
                  (  0     -1      0     )       (  -0.3333 )
                  (  0      0      1     )       (  -0.5000 )

 cart.    s( 2) = ( -1.000  0.000  0.000 )    f =(   0.5000 )
                  (  0.000 -1.000  0.000 )       (  -0.2887 )
                  (  0.000  0.000  1.000 )       (  -0.7732 )


      isym =  3     180 deg rotation - cart. axis [0,1,0]        

 cryst.   s( 3) = ( -1    0    0   )
                  (  1    1    0   )
                  (  0    0   -1   )

 cart.    s( 3) = ( -1.000  0.000  0.000 )
                  (  0.000  1.000  0.000 )
                  (  0.000  0.000 -1.000 )


      isym =  4     180 deg rotation - cart. axis [1,0,0]        

 cryst.   s( 4) = (  1      0      0     )    f =(   0.3333 )
                  ( -1     -1      0     )       (  -0.3333 )
                  (  0      0     -1     )       (   0.5000 )

 cart.    s( 4) = (  1.000  0.000  0.000 )    f =(   0.5000 )
                  (  0.000 -1.000  0.000 )       (  -0.2887 )
                  (  0.000  0.000 -1.000 )       (   0.7732 )


      isym =  5      60 deg rotation - cryst. axis [0,0,1]       

 cryst.   s( 5) = (  1      1      0     )    f =(   0.3333 )
                  ( -1      0      0     )       (  -0.3333 )
                  (  0      0      1     )       (  -0.5000 )

 cart.    s( 5) = (  0.500 -0.866  0.000 )    f =(   0.5000 )
                  (  0.866  0.500  0.000 )       (  -0.2887 )
                  (  0.000  0.000  1.000 )       (  -0.7732 )


      isym =  6      60 deg rotation - cryst. axis [0,0,-1]      

 cryst.   s( 6) = (  0     -1      0     )    f =(   0.3333 )
                  (  1      1      0     )       (  -0.3333 )
                  (  0      0      1     )       (  -0.5000 )

 cart.    s( 6) = (  0.500  0.866  0.000 )    f =(   0.5000 )
                  ( -0.866  0.500  0.000 )       (  -0.2887 )
                  (  0.000  0.000  1.000 )       (  -0.7732 )


      isym =  7     120 deg rotation - cryst. axis [0,0,1]       

 cryst.   s( 7) = (  0    1    0   )
                  ( -1   -1    0   )
                  (  0    0    1   )

 cart.    s( 7) = ( -0.500 -0.866  0.000 )
                  (  0.866 -0.500  0.000 )
                  (  0.000  0.000  1.000 )


      isym =  8     120 deg rotation - cryst. axis [0,0,-1]      

 cryst.   s( 8) = ( -1   -1    0   )
                  (  1    0    0   )
                  (  0    0    1   )

 cart.    s( 8) = ( -0.500  0.866  0.000 )
                  ( -0.866 -0.500  0.000 )
                  (  0.000  0.000  1.000 )


      isym =  9     180 deg rotation - cryst. axis [1,-1,0]      

 cryst.   s( 9) = (  0   -1    0   )
                  ( -1    0    0   )
                  (  0    0   -1   )

 cart.    s( 9) = (  0.500 -0.866  0.000 )
                  ( -0.866 -0.500  0.000 )
                  (  0.000  0.000 -1.000 )


      isym = 10     180 deg rotation - cryst. axis [2,1,0]       

 cryst.   s(10) = (  1    1    0   )
                  (  0   -1    0   )
                  (  0    0   -1   )

 cart.    s(10) = (  0.500  0.866  0.000 )
                  (  0.866 -0.500  0.000 )
                  (  0.000  0.000 -1.000 )


      isym = 11     180 deg rotation - cryst. axis [0,1,0]       

 cryst.   s(11) = ( -1     -1      0     )    f =(   0.3333 )
                  (  0      1      0     )       (  -0.3333 )
                  (  0      0     -1     )       (   0.5000 )

 cart.    s(11) = ( -0.500 -0.866  0.000 )    f =(   0.5000 )
                  ( -0.866  0.500  0.000 )       (  -0.2887 )
                  (  0.000  0.000 -1.000 )       (   0.7732 )


      isym = 12     180 deg rotation - cryst. axis [1,1,0]       

 cryst.   s(12) = (  0      1      0     )    f =(   0.3333 )
                  (  1      0      0     )       (  -0.3333 )
                  (  0      0     -1     )       (   0.5000 )

 cart.    s(12) = ( -0.500  0.866  0.000 )    f =(   0.5000 )
                  (  0.866  0.500  0.000 )       (  -0.2887 )
                  (  0.000  0.000 -1.000 )       (   0.7732 )


      isym = 13     inversion                                    

 cryst.   s(13) = ( -1      0      0     )    f =(   0.3333 )
                  (  0     -1      0     )       (  -0.3333 )
                  (  0      0     -1     )       (   0.5000 )

 cart.    s(13) = ( -1.000  0.000  0.000 )    f =(   0.5000 )
                  (  0.000 -1.000  0.000 )       (  -0.2887 )
                  (  0.000  0.000 -1.000 )       (   0.7732 )


      isym = 14     inv. 180 deg rotation - cart. axis [0,0,1]   

 cryst.   s(14) = (  1    0    0   )
                  (  0    1    0   )
                  (  0    0   -1   )

 cart.    s(14) = (  1.000  0.000  0.000 )
                  (  0.000  1.000  0.000 )
                  (  0.000  0.000 -1.000 )


      isym = 15     inv. 180 deg rotation - cart. axis [0,1,0]   

 cryst.   s(15) = (  1      0      0     )    f =(   0.3333 )
                  ( -1     -1      0     )       (  -0.3333 )
                  (  0      0      1     )       (  -0.5000 )

 cart.    s(15) = (  1.000  0.000  0.000 )    f =(   0.5000 )
                  (  0.000 -1.000  0.000 )       (  -0.2887 )
                  (  0.000  0.000  1.000 )       (  -0.7732 )


      isym = 16     inv. 180 deg rotation - cart. axis [1,0,0]   

 cryst.   s(16) = ( -1    0    0   )
                  (  1    1    0   )
                  (  0    0    1   )

 cart.    s(16) = ( -1.000  0.000  0.000 )
                  (  0.000  1.000  0.000 )
                  (  0.000  0.000  1.000 )


      isym = 17     inv.  60 deg rotation - cryst. axis [0,0,1]  

 cryst.   s(17) = ( -1   -1    0   )
                  (  1    0    0   )
                  (  0    0   -1   )

 cart.    s(17) = ( -0.500  0.866  0.000 )
                  ( -0.866 -0.500  0.000 )
                  (  0.000  0.000 -1.000 )


      isym = 18     inv.  60 deg rotation - cryst. axis [0,0,-1] 

 cryst.   s(18) = (  0    1    0   )
                  ( -1   -1    0   )
                  (  0    0   -1   )

 cart.    s(18) = ( -0.500 -0.866  0.000 )
                  (  0.866 -0.500  0.000 )
                  (  0.000  0.000 -1.000 )


      isym = 19     inv. 120 deg rotation - cryst. axis [0,0,1]  

 cryst.   s(19) = (  0     -1      0     )    f =(   0.3333 )
                  (  1      1      0     )       (  -0.3333 )
                  (  0      0     -1     )       (   0.5000 )

 cart.    s(19) = (  0.500  0.866  0.000 )    f =(   0.5000 )
                  ( -0.866  0.500  0.000 )       (  -0.2887 )
                  (  0.000  0.000 -1.000 )       (   0.7732 )


      isym = 20     inv. 120 deg rotation - cryst. axis [0,0,-1] 

 cryst.   s(20) = (  1      1      0     )    f =(   0.3333 )
                  ( -1      0      0     )       (  -0.3333 )
                  (  0      0     -1     )       (   0.5000 )

 cart.    s(20) = (  0.500 -0.866  0.000 )    f =(   0.5000 )
                  (  0.866  0.500  0.000 )       (  -0.2887 )
                  (  0.000  0.000 -1.000 )       (   0.7732 )


      isym = 21     inv. 180 deg rotation - cryst. axis [1,-1,0] 

 cryst.   s(21) = (  0      1      0     )    f =(   0.3333 )
                  (  1      0      0     )       (  -0.3333 )
                  (  0      0      1     )       (  -0.5000 )

 cart.    s(21) = ( -0.500  0.866  0.000 )    f =(   0.5000 )
                  (  0.866  0.500  0.000 )       (  -0.2887 )
                  (  0.000  0.000  1.000 )       (  -0.7732 )


      isym = 22     inv. 180 deg rotation - cryst. axis [2,1,0]  

 cryst.   s(22) = ( -1     -1      0     )    f =(   0.3333 )
                  (  0      1      0     )       (  -0.3333 )
                  (  0      0      1     )       (  -0.5000 )

 cart.    s(22) = ( -0.500 -0.866  0.000 )    f =(   0.5000 )
                  ( -0.866  0.500  0.000 )       (  -0.2887 )
                  (  0.000  0.000  1.000 )       (  -0.7732 )


      isym = 23     inv. 180 deg rotation - cryst. axis [0,1,0]  

 cryst.   s(23) = (  1    1    0   )
                  (  0   -1    0   )
                  (  0    0    1   )

 cart.    s(23) = (  0.500  0.866  0.000 )
                  (  0.866 -0.500  0.000 )
                  (  0.000  0.000  1.000 )


      isym = 24     inv. 180 deg rotation - cryst. axis [1,1,0]  

 cryst.   s(24) = (  0   -1    0   )
                  ( -1    0    0   )
                  (  0    0    1   )

 cart.    s(24) = (  0.500 -0.866  0.000 )
                  ( -0.866 -0.500  0.000 )
                  (  0.000  0.000  1.000 )


     point group D_6h(6/mmm)
     there are 12 classes
     the character table:

       E     2C6   2C3   C2    3C2'  3C2'' i     2S3   2S6   s_h   3s_d  3s_v 
A_1g   1.00  1.00  1.00  1.00  1.00  1.00  1.00  1.00  1.00  1.00  1.00  1.00
A_2g   1.00  1.00  1.00  1.00 -1.00 -1.00  1.00  1.00  1.00  1.00 -1.00 -1.00
B_1g   1.00 -1.00  1.00 -1.00  1.00 -1.00  1.00 -1.00  1.00 -1.00  1.00 -1.00
B_2g   1.00 -1.00  1.00 -1.00 -1.00  1.00  1.00 -1.00  1.00 -1.00 -1.00  1.00
E_1g   2.00  1.00 -1.00 -2.00  0.00  0.00  2.00  1.00 -1.00 -2.00  0.00  0.00
E_2g   2.00 -1.00 -1.00  2.00  0.00  0.00  2.00 -1.00 -1.00  2.00  0.00  0.00
A_1u   1.00  1.00  1.00  1.00  1.00  1.00 -1.00 -1.00 -1.00 -1.00 -1.00 -1.00
A_2u   1.00  1.00  1.00  1.00 -1.00 -1.00 -1.00 -1.00 -1.00 -1.00  1.00  1.00
B_1u   1.00 -1.00  1.00 -1.00  1.00 -1.00 -1.00  1.00 -1.00  1.00 -1.00  1.00
B_2u   1.00 -1.00  1.00 -1.00 -1.00  1.00 -1.00  1.00 -1.00  1.00  1.00 -1.00
E_1u   2.00  1.00 -1.00 -2.00  0.00  0.00 -2.00 -1.00  1.00  2.00  0.00  0.00
E_2u   2.00 -1.00 -1.00  2.00  0.00  0.00 -2.00  1.00  1.00 -2.00  0.00  0.00

     the symmetry operations in each class and the name of the first element:

     E        1
          identity                                               
     2C6      5    6
           60 deg rotation - cryst. axis [0,0,1]                 
     2C3      7    8
          120 deg rotation - cryst. axis [0,0,1]                 
     C2       2
          180 deg rotation - cart. axis [0,0,1]                  
     3C2'     4   12   11
          180 deg rotation - cart. axis [1,0,0]                  
     3C2''    3    9   10
          180 deg rotation - cart. axis [0,1,0]                  
     i       13
          inversion                                              
     2S3     17   18
          inv.  60 deg rotation - cryst. axis [0,0,1]            
     2S6     19   20
          inv. 120 deg rotation - cryst. axis [0,0,1]            
     s_h     14
          inv. 180 deg rotation - cart. axis [0,0,1]             
     3s_d    16   24   23
          inv. 180 deg rotation - cart. axis [1,0,0]             
     3s_v    15   21   22
          inv. 180 deg rotation - cart. axis [0,1,0]             

     Space group identification,  24 symmetries:

     Bravais lattice   4  hexagonal                               
     Point group number  23 / 111  D_6h(6/mmm)

     The coset representatives of the space group with
     the standard order of operations are:

     Fractional translations in crystal coordinates

      PGS    Fract. transl. (all)          Fract. transl. (no shift)   SGS

        E   1 -0.0000 -0.0000 -0.0000      0.0000  0.0000  0.0000         E   1
       6z  25 -0.3333  0.3333  0.5000      0.0000  0.0000  0.5000       6z3 110
       3z  27 -0.0000 -0.0000 -0.0000      0.0000  0.0000  0.0000        3z  27
       2z   2 -0.3333  0.3333  0.5000      0.0000  0.0000  0.5000       2z1  65
      3-z  28 -0.0000 -0.0000 -0.0000     -0.0000  0.0000  0.0000       3-z  28
      6-z  26 -0.3333  0.3333  0.5000     -0.0000  0.0000  0.5000      6-z3 115
       2x   4 -0.3333  0.3333 -0.5000     -0.5000 -0.0000  0.0000       2x1  67
     2210  30 -0.0000 -0.0000 -0.0000      0.0000  0.0000  0.0000      2210  30
     2110  32 -0.3333  0.3333 -0.5000      0.0000  0.0000  0.0000      2110  32
       2y   3 -0.0000 -0.0000 -0.0000      0.0000  0.0000  0.0000        2y   3
     2010  31 -0.3333  0.3333 -0.5000      0.0000  0.5000  0.0000     20101 124
    21-10  29 -0.0000 -0.0000 -0.0000      0.0000  0.0000  0.0000     21-10  29
        i  33 -0.3333  0.3333 -0.5000      0.0000  0.0000  0.0000         i  33
      i6z  57 -0.0000 -0.0000 -0.0000      0.0000  0.0000  0.0000       i6z  57
      i3z  59 -0.3333  0.3333 -0.5000      0.0000  0.0000  0.0000       i3z  59
      i2z  34 -0.0000 -0.0000 -0.0000      0.0000  0.0000  0.0000       i2z  34
     i3-z  60 -0.3333  0.3333 -0.5000      0.0000  0.0000  0.0000      i3-z  60
     i6-z  58 -0.0000 -0.0000 -0.0000      0.0000  0.0000  0.0000      i6-z  58
      i2x  36 -0.0000 -0.0000 -0.0000      0.0000  0.0000  0.0000       i2x  36
    i2210  62 -0.3333  0.3333  0.5000     -0.0000  0.5000  0.5000    i2210n 167
    i2110  64 -0.0000 -0.0000 -0.0000      0.0000  0.0000  0.0000     i2110  64
      i2y  35 -0.3333  0.3333  0.5000     -0.5000  0.0000  0.5000      i2yn 132
    i2010  63 -0.0000 -0.0000 -0.0000      0.0000  0.0000  0.0000     i2010  63
   i21-10  61 -0.3333  0.3333  0.5000      0.0000 -0.0000  0.5000   i21-10c 163

     PGS = Point group symmetry, SGS = space group symmetry 
     (no shift) means the part of the fractional translation
     that cannot be removed by an origin shift

     Fractional translation shift and origin shift in crystal coordinates

      PGS      FT shift                    &Origin shift                 SGS

        E   1 -0.0000 -0.0000 -0.0000      0.0000  0.0000  0.0000         E   1
       6z  25 -0.3333  0.3333  0.0000     -0.6667 -0.3333  0.0000       6z3 110
       3z  27  0.0000  0.0000  0.0000      0.0000  0.0000  0.0000        3z  27
       2z   2 -0.3333  0.3333  0.0000     -0.1667  0.1667  0.0000       2z1  65
      3-z  28  0.0000  0.0000  0.0000      0.0000  0.0000  0.0000       3-z  28
      6-z  26 -0.3333  0.3333  0.0000      0.3333  0.6667  0.0000      6-z3 115
       2x   4  0.1667  0.3333 -0.5000      0.0833  0.1667 -0.2500       2x1  67
     2210  30  0.0000  0.0000  0.0000      0.0000  0.0000  0.0000      2210  30
     2110  32 -0.3333  0.3333 -0.5000     -0.1667  0.1667 -0.2500      2110  32
       2y   3  0.0000  0.0000  0.0000      0.0000  0.0000  0.0000        2y   3
     2010  31 -0.3333 -0.1667 -0.5000     -0.1667 -0.0833 -0.2500     20101 124
    21-10  29  0.0000  0.0000  0.0000      0.0000  0.0000  0.0000     21-10  29
        i  33 -0.3333  0.3333 -0.5000     -0.1667  0.1667 -0.2500         i  33
      i6z  57 -0.0000 -0.0000 -0.0000      0.0000  0.0000  0.0000       i6z  57
      i3z  59 -0.3333  0.3333 -0.5000      0.3333  0.6667 -0.2500       i3z  59
      i2z  34  0.0000  0.0000  0.0000      0.0000  0.0000  0.0000       i2z  34
     i3-z  60 -0.3333  0.3333 -0.5000     -0.6667 -0.3333 -0.2500      i3-z  60
     i6-z  58 -0.0000 -0.0000 -0.0000      0.0000  0.0000  0.0000      i6-z  58
      i2x  36  0.0000  0.0000  0.0000      0.0000  0.0000  0.0000       i2x  36
    i2210  62 -0.3333 -0.1667  0.0000     -0.1667 -0.0833  0.0000    i2210n 167
    i2110  64  0.0000  0.0000  0.0000      0.0000  0.0000  0.0000     i2110  64
      i2y  35  0.1667  0.3333  0.0000      0.0833  0.1667  0.0000      i2yn 132
    i2010  63  0.0000  0.0000  0.0000      0.0000  0.0000  0.0000     i2010  63
   i21-10  61 -0.3333  0.3333  0.0000     -0.1667  0.1667  0.0000   i21-10c 163


     The origin shift gives the point of application of the symmetry
     Subtract this vector from all atomic coordinates
     to have this symmetry centered at the origin


     Space group number  194

     Space group P6_3/mmc   (group number 194).
     The origin coincides with the ITA tables.

     The Laue class is D_6h(6/mmm)

     ----------------------------------------------------------------------
     Ions are relaxed in each calculation
     ----------------------------------------------------------------------

     Total mass of this unit cell         89.1920 a.m.u.
     Density of this solid                3298.29 kg/m^3         3.2983 g/cm^3

  ++++++++++++++++++++++++++++++++++++++++++++++++++++++++++++++++++++++++++++
     Doing a self-consistent calculation
  ++++++++++++++++++++++++++++++++++++++++++++++++++++++++++++++++++++++++++++


     Current dimensions of program PWSCF are:
     Max number of different atomic species (ntypx) = 10
     Max number of k-points (npk) = 120000
     Max angular momentum in pseudopotentials (lmaxx) =  4

     WARNING: check_stop already initialized

     K-points division:     npool     =       4
     R & G space division:  proc/nbgrp/npool/nimage =       5
     Subspace diagonalization in iterative solution of the eigenvalue problem:
     a serial algorithm will be used


     Parallelization info
     --------------------
     sticks:   dense  smooth     PW     G-vecs:    dense   smooth      PW
     Min         164     144     44                 5858     4796     848
     Max         166     145     45                 5859     4801     853
     Sum         823     721    223                29291    23991    4259

     Using Slab Decomposition



     bravais-lattice index     =            4
     lattice parameter (alat)  =       6.0937  a.u.
     unit-cell volume          =     303.0282 (a.u.)^3
     number of atoms/cell      =            2
     number of atomic types    =            1
     number of electrons       =        22.00
     number of Kohn-Sham states=           15
     kinetic-energy cutoff     =      70.0000  Ry
     charge density cutoff     =     320.0000  Ry
     scf convergence threshold =      1.0E-10
     mixing beta               =       0.7000
     number of iterations used =            8  plain     mixing
     Exchange-correlation= SLA  PZ   NOGX NOGC
                           (   1   1   0   0   0   0   0)

     celldm(1)=   6.093687  celldm(2)=   0.000000  celldm(3)=   1.546365
     celldm(4)=   0.000000  celldm(5)=   0.000000  celldm(6)=   0.000000

     crystal axes: (cart. coord. in units of alat)
               a(1) = (   1.000000   0.000000   0.000000 )  
               a(2) = (  -0.500000   0.866025   0.000000 )  
               a(3) = (   0.000000   0.000000   1.546365 )  

     reciprocal axes: (cart. coord. in units 2 pi/alat)
               b(1) = (  1.000000  0.577350 -0.000000 )  
               b(2) = (  0.000000  1.154701  0.000000 )  
               b(3) = (  0.000000 -0.000000  0.646678 )  


     PseudoPot. # 1 for Sc read from file:
     /home/atan/sissa_es02/Sc.pz-spn-kjpaw_psl.1.0.0.UPF
     MD5 check sum: 1f9095df0bb42a6568b4e9f256ff075f
     Pseudo is Projector augmented-wave + core cor, Zval = 11.0
     Generated using 'atomic' code by A. Dal Corso  v.7.1
     Shape of augmentation charge: PSQ
     Using radial grid of 1173 points,  6 beta functions with: 
                l(1) =   0
                l(2) =   0
                l(3) =   1
                l(4) =   1
                l(5) =   2
                l(6) =   2
     Q(r) pseudized with 0 coefficients 


     atomic species   valence    mass     pseudopotential
        Sc            11.00    44.59600     Sc( 1.00)

     24 Sym. Ops., with inversion, found (12 have fractional translation)



   Cartesian axes

     site n.     atom                  positions (alat units)
         1           Sc  tau(   1) = (   0.0000000   0.0000000   0.0000000  )
         2           Sc  tau(   2) = (   0.5000000   0.2886751   0.7731825  )

     number of k points=    75  Marzari-Vanderbilt smearing, width (Ry)=  0.0200
                       cart. coord. in units 2pi/alat
        k(    1) = (   0.0555556   0.0962250   0.0538898), wk =   0.0164609
        k(    2) = (   0.0555556   0.0962250   0.1616695), wk =   0.0164609
        k(    3) = (   0.0555556   0.0962250   0.2694491), wk =   0.0164609
        k(    4) = (   0.0555556   0.2245251   0.0538898), wk =   0.0329218
        k(    5) = (   0.0555556   0.2245251   0.1616695), wk =   0.0329218
        k(    6) = (   0.0555556   0.2245251   0.2694491), wk =   0.0329218
        k(    7) = (   0.0555556   0.3528252   0.0538898), wk =   0.0329218
        k(    8) = (   0.0555556   0.3528252   0.1616695), wk =   0.0329218
        k(    9) = (   0.0555556   0.3528252   0.2694491), wk =   0.0329218
        k(   10) = (   0.0555556   0.4811252   0.0538898), wk =   0.0329218
        k(   11) = (   0.0555556   0.4811252   0.1616695), wk =   0.0329218
        k(   12) = (   0.0555556   0.4811252   0.2694491), wk =   0.0329218
        k(   13) = (   0.0555556  -0.5452753   0.0538898), wk =   0.0329218
        k(   14) = (   0.0555556  -0.5452753   0.1616695), wk =   0.0329218
        k(   15) = (   0.0555556  -0.5452753   0.2694491), wk =   0.0329218
        k(   16) = (   0.0555556  -0.4169752   0.0538898), wk =   0.0329218
        k(   17) = (   0.0555556  -0.4169752   0.1616695), wk =   0.0329218
        k(   18) = (   0.0555556  -0.4169752   0.2694491), wk =   0.0329218
        k(   19) = (   0.0555556  -0.2886751   0.0538898), wk =   0.0329218
        k(   20) = (   0.0555556  -0.2886751   0.1616695), wk =   0.0329218
        k(   21) = (   0.0555556  -0.2886751   0.2694491), wk =   0.0329218
        k(   22) = (   0.0555556  -0.1603751   0.0538898), wk =   0.0329218
        k(   23) = (   0.0555556  -0.1603751   0.1616695), wk =   0.0329218
        k(   24) = (   0.0555556  -0.1603751   0.2694491), wk =   0.0329218
        k(   25) = (   0.0555556  -0.0320750   0.0538898), wk =   0.0164609
        k(   26) = (   0.0555556  -0.0320750   0.1616695), wk =   0.0164609
        k(   27) = (   0.0555556  -0.0320750   0.2694491), wk =   0.0164609
        k(   28) = (   0.1666667   0.2886751   0.0538898), wk =   0.0164609
        k(   29) = (   0.1666667   0.2886751   0.1616695), wk =   0.0164609
        k(   30) = (   0.1666667   0.2886751   0.2694491), wk =   0.0164609
        k(   31) = (   0.1666667   0.4169752   0.0538898), wk =   0.0329218
        k(   32) = (   0.1666667   0.4169752   0.1616695), wk =   0.0329218
        k(   33) = (   0.1666667   0.4169752   0.2694491), wk =   0.0329218
        k(   34) = (   0.1666667   0.5452753   0.0538898), wk =   0.0329218
        k(   35) = (   0.1666667   0.5452753   0.1616695), wk =   0.0329218
        k(   36) = (   0.1666667   0.5452753   0.2694491), wk =   0.0329218
        k(   37) = (   0.1666667  -0.4811252   0.0538898), wk =   0.0329218
        k(   38) = (   0.1666667  -0.4811252   0.1616695), wk =   0.0329218
        k(   39) = (   0.1666667  -0.4811252   0.2694491), wk =   0.0329218
        k(   40) = (   0.1666667  -0.3528252   0.0538898), wk =   0.0329218
        k(   41) = (   0.1666667  -0.3528252   0.1616695), wk =   0.0329218
        k(   42) = (   0.1666667  -0.3528252   0.2694491), wk =   0.0329218
        k(   43) = (   0.1666667  -0.2245251   0.0538898), wk =   0.0329218
        k(   44) = (   0.1666667  -0.2245251   0.1616695), wk =   0.0329218
        k(   45) = (   0.1666667  -0.2245251   0.2694491), wk =   0.0329218
        k(   46) = (   0.1666667  -0.0962250   0.0538898), wk =   0.0164609
        k(   47) = (   0.1666667  -0.0962250   0.1616695), wk =   0.0164609
        k(   48) = (   0.1666667  -0.0962250   0.2694491), wk =   0.0164609
        k(   49) = (   0.2777778   0.4811252   0.0538898), wk =   0.0164609
        k(   50) = (   0.2777778   0.4811252   0.1616695), wk =   0.0164609
        k(   51) = (   0.2777778   0.4811252   0.2694491), wk =   0.0164609
        k(   52) = (   0.2777778   0.6094253   0.0538898), wk =   0.0329218
        k(   53) = (   0.2777778   0.6094253   0.1616695), wk =   0.0329218
        k(   54) = (   0.2777778   0.6094253   0.2694491), wk =   0.0329218
        k(   55) = (   0.2777778  -0.4169752   0.0538898), wk =   0.0329218
        k(   56) = (   0.2777778  -0.4169752   0.1616695), wk =   0.0329218
        k(   57) = (   0.2777778  -0.4169752   0.2694491), wk =   0.0329218
        k(   58) = (   0.2777778  -0.2886751   0.0538898), wk =   0.0329218
        k(   59) = (   0.2777778  -0.2886751   0.1616695), wk =   0.0329218
        k(   60) = (   0.2777778  -0.2886751   0.2694491), wk =   0.0329218
        k(   61) = (   0.2777778  -0.1603751   0.0538898), wk =   0.0164609
        k(   62) = (   0.2777778  -0.1603751   0.1616695), wk =   0.0164609
        k(   63) = (   0.2777778  -0.1603751   0.2694491), wk =   0.0164609
        k(   64) = (   0.3888889   0.6735753   0.0538898), wk =   0.0164609
        k(   65) = (   0.3888889   0.6735753   0.1616695), wk =   0.0164609
        k(   66) = (   0.3888889   0.6735753   0.2694491), wk =   0.0164609
        k(   67) = (   0.3888889  -0.3528252   0.0538898), wk =   0.0329218
        k(   68) = (   0.3888889  -0.3528252   0.1616695), wk =   0.0329218
        k(   69) = (   0.3888889  -0.3528252   0.2694491), wk =   0.0329218
        k(   70) = (   0.3888889  -0.2245251   0.0538898), wk =   0.0164609
        k(   71) = (   0.3888889  -0.2245251   0.1616695), wk =   0.0164609
        k(   72) = (   0.3888889  -0.2245251   0.2694491), wk =   0.0164609
        k(   73) = (  -0.5000000  -0.8660254   0.0538898), wk =   0.0082305
        k(   74) = (  -0.5000000  -0.8660254   0.1616695), wk =   0.0082305
        k(   75) = (  -0.5000000  -0.8660254   0.2694491), wk =   0.0082305

     Dense  grid:    29291 G-vectors     FFT dimensions: (  36,  36,  54)

     Smooth grid:    23991 G-vectors     FFT dimensions: (  36,  36,  54)

     Estimated max dynamical RAM per process >      12.18 MB

     Estimated total dynamical RAM >     222.15 MB

     Check: negative core charge=   -0.000016

     Initial potential from superposition of free atoms

     starting charge      21.9956, renormalised to      22.0000
     Starting wfcs are   20 randomized atomic wfcs
     Checking if some PAW data can be deallocated... 

     total cpu time spent up to now is        0.9 secs

     Self-consistent Calculation

     iteration #  1     ecut=    70.00 Ry     beta= 0.70
     Davidson diagonalization with overlap
     ethr =  1.00E-02,  avg # of iterations =  2.3

     Threshold (ethr) on eigenvalues was too large:
     Diagonalizing with lowered threshold

     Davidson diagonalization with overlap
     c_bands:  1 eigenvalues not converged
     c_bands:  1 eigenvalues not converged
     c_bands:  1 eigenvalues not converged
     c_bands:  2 eigenvalues not converged
     c_bands:  4 eigenvalues not converged
     c_bands:  4 eigenvalues not converged
     c_bands:  4 eigenvalues not converged
     ethr =  1.34E-05,  avg # of iterations = 17.8

     total cpu time spent up to now is        5.1 secs

     total energy              =    -306.87468746 Ry
     estimated scf accuracy    <       0.01663384 Ry

     iteration #  2     ecut=    70.00 Ry     beta= 0.70
     Davidson diagonalization with overlap
     ethr =  7.56E-05,  avg # of iterations =  4.6

     total cpu time spent up to now is        6.1 secs

     total energy              =    -306.87854244 Ry
     estimated scf accuracy    <       0.00100964 Ry

     iteration #  3     ecut=    70.00 Ry     beta= 0.70
     Davidson diagonalization with overlap
     ethr =  4.59E-06,  avg # of iterations =  9.4

     total cpu time spent up to now is        7.5 secs

     total energy              =    -306.87937120 Ry
     estimated scf accuracy    <       0.00025886 Ry

     iteration #  4     ecut=    70.00 Ry     beta= 0.70
     Davidson diagonalization with overlap
     ethr =  1.18E-06,  avg # of iterations =  6.6

     total cpu time spent up to now is        8.7 secs

     total energy              =    -306.87950475 Ry
     estimated scf accuracy    <       0.00011774 Ry

     iteration #  5     ecut=    70.00 Ry     beta= 0.70
     Davidson diagonalization with overlap
     ethr =  5.35E-07,  avg # of iterations =  5.7

     total cpu time spent up to now is        9.7 secs

     total energy              =    -306.87955609 Ry
     estimated scf accuracy    <       0.00000556 Ry

     iteration #  6     ecut=    70.00 Ry     beta= 0.70
     Davidson diagonalization with overlap
     ethr =  2.53E-08,  avg # of iterations = 11.8

     total cpu time spent up to now is       11.4 secs

     total energy              =    -306.87956085 Ry
     estimated scf accuracy    <       0.00000979 Ry

     iteration #  7     ecut=    70.00 Ry     beta= 0.70
     Davidson diagonalization with overlap
     ethr =  2.53E-08,  avg # of iterations =  6.8

     total cpu time spent up to now is       12.6 secs

     total energy              =    -306.87956403 Ry
     estimated scf accuracy    <       0.00000240 Ry

     iteration #  8     ecut=    70.00 Ry     beta= 0.70
     Davidson diagonalization with overlap
     ethr =  1.09E-08,  avg # of iterations =  5.4

     total cpu time spent up to now is       13.6 secs

     total energy              =    -306.87956487 Ry
     estimated scf accuracy    <       0.00000030 Ry

     iteration #  9     ecut=    70.00 Ry     beta= 0.70
     Davidson diagonalization with overlap
     ethr =  1.35E-09,  avg # of iterations =  7.9

     total cpu time spent up to now is       14.8 secs

     total energy              =    -306.87956509 Ry
     estimated scf accuracy    <       0.00000006 Ry

     iteration # 10     ecut=    70.00 Ry     beta= 0.70
     Davidson diagonalization with overlap
     ethr =  2.93E-10,  avg # of iterations =  6.7

     total cpu time spent up to now is       15.9 secs

     total energy              =    -306.87956512 Ry
     estimated scf accuracy    <          7.1E-09 Ry

     iteration # 11     ecut=    70.00 Ry     beta= 0.70
     Davidson diagonalization with overlap
     ethr =  3.22E-11,  avg # of iterations = 10.9

     total cpu time spent up to now is       17.6 secs

     total energy              =    -306.87956513 Ry
     estimated scf accuracy    <          7.2E-10 Ry

     iteration # 12     ecut=    70.00 Ry     beta= 0.70
     Davidson diagonalization with overlap
     c_bands:  1 eigenvalues not converged
     ethr =  3.28E-12,  avg # of iterations =  9.9

     total cpu time spent up to now is       19.1 secs

     total energy              =    -306.87956513 Ry
     estimated scf accuracy    <          5.8E-10 Ry

     iteration # 13     ecut=    70.00 Ry     beta= 0.70
     Davidson diagonalization with overlap
     c_bands:  1 eigenvalues not converged
     ethr =  2.63E-12,  avg # of iterations =  2.1

     total cpu time spent up to now is       19.8 secs

     total energy              =    -306.87956513 Ry
     estimated scf accuracy    <          1.3E-09 Ry

     iteration # 14     ecut=    70.00 Ry     beta= 0.70
     Davidson diagonalization with overlap
     ethr =  2.63E-12,  avg # of iterations =  9.1

     total cpu time spent up to now is       21.4 secs

     total energy              =    -306.87956513 Ry
     estimated scf accuracy    <          4.0E-09 Ry

     iteration # 15     ecut=    70.00 Ry     beta= 0.70
     Davidson diagonalization with overlap
     ethr =  2.63E-12,  avg # of iterations =  7.1

     total cpu time spent up to now is       22.6 secs

     End of self-consistent calculation

          k = 0.0556 0.0962 0.0539 (  2975 PWs)   bands (ev):

   -38.6070 -38.5018 -17.7937 -17.3640 -17.3467 -17.2776 -17.2466 -17.2134
     5.1009   8.4367  10.7417  11.3495  11.8264  12.1006  12.1243

          k = 0.0556 0.0962 0.1617 (  2982 PWs)   bands (ev):

   -38.5931 -38.5160 -17.7230 -17.3482 -17.3395 -17.3266 -17.2599 -17.2506
     5.4969   8.0106  10.5735  11.3411  11.6722  11.7184  12.0880

          k = 0.0556 0.0962 0.2694 (  2985 PWs)   bands (ev):

   -38.5688 -38.5406 -17.5991 -17.4547 -17.3205 -17.3099 -17.2863 -17.2829
     6.2296   7.1600  10.7475  11.1751  11.4882  11.6529  11.7115

          k = 0.0556 0.2245 0.0539 (  2986 PWs)   bands (ev):

   -38.5873 -38.4961 -17.7441 -17.4518 -17.3979 -17.3553 -17.2620 -17.2364
     5.7820   8.9340  10.1910  10.7379  11.7804  11.8945  12.0787

          k = 0.0556 0.2245 0.1617 (  2982 PWs)   bands (ev):

   -38.5752 -38.5085 -17.6996 -17.4423 -17.4123 -17.3604 -17.2784 -17.2579
     6.1431   8.5237  10.1081  10.8245  11.5427  11.8288  11.9257

          k = 0.0556 0.2245 0.2694 (  2988 PWs)   bands (ev):

   -38.5541 -38.5297 -17.6201 -17.5242 -17.3650 -17.3384 -17.3074 -17.2991
     6.8157   7.6872  10.3926  10.8009  11.3087  11.5527  11.9864

          k = 0.0556 0.3528 0.0539 (  3001 PWs)   bands (ev):

   -38.5594 -38.4909 -17.6763 -17.5654 -17.4946 -17.4127 -17.2844 -17.2778
     6.8485   9.3234   9.6733  10.2061  11.5314  11.7100  11.8344

          k = 0.0556 0.3528 0.1617 (  3001 PWs)   bands (ev):

   -38.5503 -38.5001 -17.6956 -17.5622 -17.4718 -17.3989 -17.3036 -17.2796
     7.1248   8.9734   9.7761  10.3401  11.3179  11.7306  11.8915

          k = 0.0556 0.3528 0.2694 (  3002 PWs)   bands (ev):

   -38.5344 -38.5160 -17.6801 -17.6285 -17.3928 -17.3664 -17.3353 -17.3092
     7.6390   8.3072  10.1313  10.4119  11.1835  11.4124  12.2166

          k = 0.0556 0.4811 0.0539 (  3016 PWs)   bands (ev):

   -38.5343 -38.4905 -17.6903 -17.5856 -17.5565 -17.4458 -17.3348 -17.2968
     7.9724   9.1164   9.3990   9.8987  11.4278  11.5700  11.9768

          k = 0.0556 0.4811 0.1617 (  3010 PWs)   bands (ev):

   -38.5284 -38.4964 -17.7365 -17.6442 -17.4727 -17.4216 -17.3291 -17.3042
     8.0605   8.9230   9.6588  10.0519  11.4466  11.6187  11.9185

          k = 0.0556 0.4811 0.2694 (  2987 PWs)   bands (ev):

   -38.5182 -38.5065 -17.7456 -17.7101 -17.4081 -17.3707 -17.3563 -17.3161
     8.2707   8.5908  10.0367  10.2388  11.3281  11.4503  12.2937

          k = 0.0556-0.5453 0.0539 (  3013 PWs)   bands (ev):

   -38.5274 -38.4916 -17.7083 -17.5973 -17.5427 -17.4526 -17.3530 -17.3006
     8.3620   8.9578   9.3557   9.7915  11.4079  11.5204  12.0741

          k = 0.0556-0.5453 0.1617 (  3003 PWs)   bands (ev):

   -38.5226 -38.4963 -17.7510 -17.6618 -17.4684 -17.4226 -17.3383 -17.3105
     8.3180   8.8593   9.7231   9.8774  11.5109  11.6170  11.9565

          k = 0.0556-0.5453 0.2694 (  2987 PWs)   bands (ev):

   -38.5142 -38.5046 -17.7620 -17.7284 -17.4126 -17.3689 -17.3604 -17.3183
     8.3997   8.6197  10.0511  10.1871  11.3790  11.5267  12.3196

          k = 0.0556-0.4170 0.0539 (  3009 PWs)   bands (ev):

   -38.5457 -38.4900 -17.6667 -17.5900 -17.5383 -17.4323 -17.3086 -17.2898
     7.4337   9.2678   9.5026  10.0416  11.4695  11.6596  11.8379

          k = 0.0556-0.4170 0.1617 (  3006 PWs)   bands (ev):

   -38.5382 -38.4974 -17.7140 -17.6103 -17.4775 -17.4137 -17.3166 -17.2929
     7.6332   8.9858   9.6926  10.1995  11.3363  11.6781  11.8790

          k = 0.0556-0.4170 0.2694 (  2993 PWs)   bands (ev):

   -38.5253 -38.5104 -17.7162 -17.6754 -17.4007 -17.3717 -17.3475 -17.3129
     8.0086   8.4997  10.0625  10.3054  11.2269  11.4077  12.2600

          k = 0.0556-0.2887 0.0539 (  2997 PWs)   bands (ev):

   -38.5738 -38.4931 -17.7097 -17.5105 -17.4440 -17.3877 -17.2721 -17.2559
     6.2823   9.1943   9.9106  10.4379  11.6260  11.7700  11.9672

          k = 0.0556-0.2887 0.1617 (  2991 PWs)   bands (ev):

   -38.5630 -38.5040 -17.6915 -17.5040 -17.4482 -17.3802 -17.2906 -17.2673
     6.6097   8.8061   9.9070  10.5498  11.4114  11.7691  11.9387

          k = 0.0556-0.2887 0.2694 (  2998 PWs)   bands (ev):

   -38.5444 -38.5228 -17.6457 -17.5755 -17.3824 -17.3540 -17.3214 -17.3048
     7.2204   8.0171  10.2393  10.5866  11.2228  11.4652  12.1310

          k = 0.0556-0.1604 0.0539 (  2981 PWs)   bands (ev):

   -38.5988 -38.4993 -17.7730 -17.4007 -17.3662 -17.3147 -17.2533 -17.2221
     5.3806   8.6555  10.4833  11.0595  11.9478  11.9992  12.0586

          k = 0.0556-0.1604 0.1617 (  2978 PWs)   bands (ev):

   -38.5855 -38.5127 -17.7120 -17.3856 -17.3750 -17.3421 -17.2678 -17.2521
     5.7635   8.2341  10.3477  11.1073  11.6506  11.8021  11.9168

          k = 0.0556-0.1604 0.2694 (  2988 PWs)   bands (ev):

   -38.5626 -38.5359 -17.6056 -17.4823 -17.3419 -17.3228 -17.2952 -17.2915
     6.4742   7.3851  10.5743  11.0089  11.4077  11.6365  11.8181

          k = 0.0556-0.0321 0.0539 (  2967 PWs)   bands (ev):

   -38.6114 -38.5032 -17.8044 -17.3446 -17.3377 -17.2551 -17.2432 -17.2102
     4.9575   8.3186  10.9011  11.5437  11.7279  12.0908  12.1607

          k = 0.0556-0.0321 0.1617 (  2985 PWs)   bands (ev):

   -38.5970 -38.5178 -17.7292 -17.3312 -17.3251 -17.3079 -17.2559 -17.2520
     5.3597   7.8909  10.7181  11.4764  11.5924  11.7464  12.0089

          k = 0.0556-0.0321 0.2694 (  2990 PWs)   bands (ev):

   -38.5721 -38.5431 -17.5970 -17.4417 -17.3077 -17.3032 -17.2800 -17.2779
     6.1023   7.0409  10.8600  11.2711  11.5274  11.5855  11.7386

          k = 0.1667 0.2887 0.0539 (  2998 PWs)   bands (ev):

   -38.5645 -38.4915 -17.6856 -17.5125 -17.5097 -17.3891 -17.2998 -17.2697
     6.6456   9.4119   9.7817  10.1976  11.4658  11.6565  11.9641

          k = 0.1667 0.2887 0.1617 (  2989 PWs)   bands (ev):

   -38.5548 -38.5013 -17.6849 -17.5408 -17.4508 -17.4055 -17.3166 -17.2689
     6.9500   9.0203   9.8378  10.3309  11.3225  11.6690  11.8852

          k = 0.1667 0.2887 0.2694 (  2999 PWs)   bands (ev):

   -38.5379 -38.5183 -17.6573 -17.6014 -17.3927 -17.3867 -17.3337 -17.2968
     7.5182   8.2625  10.1897  10.4593  11.1130  11.3156  12.1667

          k = 0.1667 0.4170 0.0539 (  3000 PWs)   bands (ev):

   -38.5385 -38.4900 -17.6434 -17.5943 -17.5384 -17.4501 -17.3384 -17.3181
     7.7634   9.4537   9.5394   9.8554  11.2270  11.6373  11.8573

          k = 0.1667 0.4170 0.1617 (  3009 PWs)   bands (ev):

   -38.5320 -38.4965 -17.6940 -17.6225 -17.4795 -17.4364 -17.3569 -17.2925
     7.9567   9.1855   9.7513  10.0542  11.1472  11.3885  11.9308

          k = 0.1667 0.4170 0.2694 (  3000 PWs)   bands (ev):

   -38.5208 -38.5078 -17.7047 -17.6740 -17.4499 -17.4153 -17.3398 -17.2971
     8.3130   8.7628  10.1000  10.2587  10.9748  11.0464  12.2245

          k = 0.1667 0.5453 0.0539 (  3007 PWs)   bands (ev):

   -38.5207 -38.4932 -17.6821 -17.5805 -17.5330 -17.4781 -17.3769 -17.3463
     8.6691   9.2053   9.4074   9.6769  11.2127  11.3803  12.1734

          k = 0.1667 0.5453 0.1617 (  2995 PWs)   bands (ev):

   -38.5170 -38.4968 -17.7197 -17.6459 -17.5194 -17.4063 -17.3894 -17.3141
     8.6552   9.1335   9.7188   9.8765  11.1060  11.2205  12.1965

          k = 0.1667 0.5453 0.2694 (  2997 PWs)   bands (ev):

   -38.5106 -38.5032 -17.7351 -17.7080 -17.4818 -17.4353 -17.3318 -17.3007
     8.7489   8.9422  10.1180  10.2788  10.7997  10.9342  12.4441

          k = 0.1667-0.4811 0.0539 (  3004 PWs)   bands (ev):

   -38.5276 -38.4914 -17.6657 -17.5878 -17.5339 -17.4739 -17.3584 -17.3377
     8.2907   9.3301   9.4384   9.7731  11.1991  11.4846  12.0466

          k = 0.1667-0.4811 0.1617 (  3007 PWs)   bands (ev):

   -38.5227 -38.4962 -17.7088 -17.6400 -17.5044 -17.4232 -17.3739 -17.3054
     8.3928   9.1589   9.6752  10.0159  11.1303  11.2488  12.0838

          k = 0.1667-0.4811 0.2694 (  2996 PWs)   bands (ev):

   -38.5143 -38.5046 -17.7240 -17.6967 -17.4706 -17.4281 -17.3355 -17.2989
     8.6026   8.8872  10.0737  10.2911  10.8898  10.9515  12.3385

          k = 0.1667-0.3528 0.0539 (  2996 PWs)   bands (ev):

   -38.5513 -38.4901 -17.6544 -17.5656 -17.5304 -17.4185 -17.3199 -17.2930
     7.1932   9.5511   9.6178   9.9697  11.3166  11.6970  11.8157

          k = 0.1667-0.3528 0.1617 (  3005 PWs)   bands (ev):

   -38.5431 -38.4983 -17.6852 -17.5880 -17.4593 -17.4322 -17.3375 -17.2796
     7.4510   9.1671   9.8064  10.1204  11.2176  11.5591  11.8408

          k = 0.1667-0.3528 0.2694 (  2999 PWs)   bands (ev):

   -38.5290 -38.5126 -17.6812 -17.6410 -17.4225 -17.4002 -17.3404 -17.2963
     7.9296   8.5489  10.1444  10.3055  11.0349  11.1852  12.1760

          k = 0.1667-0.2245 0.0539 (  2992 PWs)   bands (ev):

   -38.5769 -38.4937 -17.7174 -17.4825 -17.4531 -17.3676 -17.2791 -17.2506
     6.1651   9.1720   9.9832  10.4726  11.6467  11.7214  12.0626

          k = 0.1667-0.2245 0.1617 (  2986 PWs)   bands (ev):

   -38.5658 -38.5049 -17.6909 -17.4893 -17.4356 -17.3792 -17.2959 -17.2617
     6.5030   8.7725   9.9518  10.5852  11.4349  11.7496  11.9516

          k = 0.1667-0.2245 0.2694 (  2993 PWs)   bands (ev):

   -38.5466 -38.5243 -17.6361 -17.5607 -17.3765 -17.3627 -17.3205 -17.2983
     7.1337   7.9574  10.2777  10.6366  11.2096  11.4426  12.1102

          k = 0.1667-0.0962 0.0539 (  2982 PWs)   bands (ev):

   -38.5948 -38.4981 -17.7631 -17.4226 -17.3645 -17.3404 -17.2533 -17.2270
     5.5164   8.7524  10.3726  10.9465  11.8826  12.0188  12.0613

          k = 0.1667-0.0962 0.1617 (  2984 PWs)   bands (ev):

   -38.5820 -38.5112 -17.7075 -17.4077 -17.3863 -17.3497 -17.2683 -17.2556
     5.8922   8.3346  10.2557  11.0087  11.6215  11.8490  11.8862

          k = 0.1667-0.0962 0.2694 (  2989 PWs)   bands (ev):

   -38.5597 -38.5337 -17.6101 -17.4969 -17.3523 -17.3240 -17.3017 -17.2942
     6.5906   7.4892  10.5036  10.9324  11.3788  11.6222  11.8671

          k = 0.2778 0.4811 0.0539 (  3001 PWs)   bands (ev):

   -38.5178 -38.4941 -17.6394 -17.5981 -17.5108 -17.4922 -17.3997 -17.3744
     8.7578   9.3932   9.5153   9.6341  11.0805  11.3161  12.1911

          k = 0.2778 0.4811 0.1617 (  3000 PWs)   bands (ev):

   -38.5146 -38.4972 -17.6681 -17.6517 -17.5467 -17.4424 -17.3830 -17.3204
     8.8791   9.3242   9.6639   9.9234  10.9392  10.9874  12.1887

          k = 0.2778 0.4811 0.2694 (  3003 PWs)   bands (ev):

   -38.5091 -38.5027 -17.7007 -17.6887 -17.5243 -17.4790 -17.3208 -17.2967
     9.0632   9.2279   9.9758  10.3059  10.4563  10.7293  12.3487

          k = 0.2778 0.6094 0.0539 (  2998 PWs)   bands (ev):

   -38.5103 -38.4978 -17.6442 -17.5751 -17.5438 -17.4621 -17.4207 -17.3986
     9.1113   9.4005   9.4547   9.5345  11.0863  11.1969  12.3149

          k = 0.2778 0.6094 0.1617 (  2998 PWs)   bands (ev):

   -38.5086 -38.4994 -17.6644 -17.6371 -17.5817 -17.4513 -17.3727 -17.3349
     9.1995   9.4122   9.6144   9.7771  10.8702  10.9155  12.3062

          k = 0.2778 0.6094 0.2694 (  2989 PWs)   bands (ev):

   -38.5056 -38.5023 -17.6962 -17.6860 -17.5477 -17.4967 -17.3133 -17.2997
     9.3234   9.4044   9.9314  10.1119  10.4516  10.5998  12.4409

          k = 0.2778-0.4170 0.0539 (  3002 PWs)   bands (ev):

   -38.5276 -38.4913 -17.6365 -17.6052 -17.5222 -17.4782 -17.3710 -17.3452
     8.2779   9.4155   9.5633   9.7162  11.1262  11.4776  12.0135

          k = 0.2778-0.4170 0.1617 (  3005 PWs)   bands (ev):

   -38.5228 -38.4962 -17.6840 -17.6424 -17.5083 -17.4372 -17.3797 -17.3051
     8.4286   9.2599   9.7417   9.9686  11.0652  11.1401  12.0388

          k = 0.2778-0.4170 0.2694 (  2996 PWs)   bands (ev):

   -38.5143 -38.5046 -17.7058 -17.6854 -17.4884 -17.4493 -17.3305 -17.2954
     8.6955   9.0058  10.0650  10.2476  10.7618  10.8551  12.2571

          k = 0.2778-0.2887 0.0539 (  2997 PWs)   bands (ev):

   -38.5494 -38.4900 -17.6572 -17.5821 -17.5267 -17.4277 -17.3081 -17.2951
     7.2737   9.4157   9.5706  10.0306  11.3726  11.7248  11.7913

          k = 0.2778-0.2887 0.1617 (  3003 PWs)   bands (ev):

   -38.5414 -38.4980 -17.6970 -17.5948 -17.4730 -17.4195 -17.3286 -17.2839
     7.5112   9.0858   9.7447  10.1938  11.2353  11.6015  11.8862

          k = 0.2778-0.2887 0.2694 (  2998 PWs)   bands (ev):

   -38.5277 -38.5118 -17.6956 -17.6544 -17.4155 -17.3848 -17.3443 -17.3018
     7.9524   8.5223  10.1045  10.3278  11.0917  11.2683  12.2301

          k = 0.2778-0.1604 0.0539 (  2997 PWs)   bands (ev):

   -38.5678 -38.4920 -17.6952 -17.5402 -17.4601 -17.4032 -17.2708 -17.2662
     6.5130   9.2446   9.7957  10.3498  11.6067  11.7921  11.8425

          k = 0.2778-0.1604 0.1617 (  2998 PWs)   bands (ev):

   -38.5577 -38.5022 -17.6932 -17.5300 -17.4633 -17.3857 -17.2888 -17.2763
     6.8196   8.8745   9.8387  10.4663  11.3759  11.7744  11.9184

          k = 0.2778-0.1604 0.2694 (  3003 PWs)   bands (ev):

   -38.5402 -38.5199 -17.6619 -17.6003 -17.3856 -17.3551 -17.3197 -17.3160
     7.3910   8.1352  10.1821  10.5034  11.2254  11.4716  12.1723

          k = 0.3889 0.6736 0.0539 (  3002 PWs)   bands (ev):

   -38.5146 -38.4955 -17.6641 -17.5661 -17.5462 -17.4729 -17.4030 -17.3756
     8.9516   9.3256   9.4299   9.5806  11.1342  11.2647  12.2615

          k = 0.3889 0.6736 0.1617 (  2995 PWs)   bands (ev):

   -38.5120 -38.4980 -17.6953 -17.6362 -17.5558 -17.4280 -17.3855 -17.3247
     8.9511   9.3041   9.7446   9.7633  10.9723  11.0123  12.2725

          k = 0.3889 0.6736 0.2694 (  2994 PWs)   bands (ev):

   -38.5075 -38.5024 -17.7158 -17.6954 -17.5206 -17.4719 -17.3205 -17.2989
     9.0436   9.1907  10.1454  10.1890  10.6058  10.6347  12.4516

          k = 0.3889-0.3528 0.0539 (  3010 PWs)   bands (ev):

   -38.5275 -38.4915 -17.6913 -17.5875 -17.5424 -17.4630 -17.3538 -17.3178
     8.3198   9.1320   9.3903   9.7889  11.3129  11.4983  12.0724

          k = 0.3889-0.3528 0.1617 (  3003 PWs)   bands (ev):

   -38.5226 -38.4963 -17.7338 -17.6500 -17.4882 -17.4176 -17.3577 -17.3067
     8.3480   8.9956   9.6809   9.9683  11.2908  11.4336  12.0734

          k = 0.3889-0.3528 0.2694 (  2994 PWs)   bands (ev):

   -38.5143 -38.5046 -17.7459 -17.7142 -17.4423 -17.3979 -17.3455 -17.3064
     8.4858   8.7347  10.0683  10.2528  11.1047  11.2327  12.3863

          k = 0.3889-0.2245 0.0539 (  3010 PWs)   bands (ev):

   -38.5405 -38.4901 -17.6804 -17.5864 -17.5550 -17.4358 -17.3195 -17.2874
     7.6698   9.1625   9.4389   9.9902  11.5351  11.5704  11.9005

          k = 0.3889-0.2245 0.1617 (  3009 PWs)   bands (ev):

   -38.5337 -38.4968 -17.7289 -17.6294 -17.4740 -17.4162 -17.3076 -17.3075
     7.8177   8.9224   9.6626  10.1360  11.4561  11.7757  11.7820

          k = 0.3889-0.2245 0.2694 (  2996 PWs)   bands (ev):

   -38.5220 -38.5085 -17.7347 -17.6960 -17.3833 -17.3820 -17.3422 -17.3243
     8.1117   8.5151  10.0356  10.2615  11.3536  11.5118  12.2499

          k =-0.5000-0.8660 0.0539 (  3014 PWs)   bands (ev):

   -38.5274 -38.4916 -17.7143 -17.6020 -17.5421 -17.4484 -17.3529 -17.2942
     8.3869   8.8845   9.3419   9.7920  11.4398  11.5364  12.0696

          k =-0.5000-0.8660 0.1617 (  2994 PWs)   bands (ev):

   -38.5225 -38.4964 -17.7570 -17.6667 -17.4579 -17.4280 -17.3274 -17.3151
     8.3088   8.8072   9.7734   9.8062  11.6943  11.7155  11.7870

          k =-0.5000-0.8660 0.2694 (  2992 PWs)   bands (ev):

   -38.5142 -38.5046 -17.7679 -17.7338 -17.3925 -17.3758 -17.3511 -17.3291
     8.3689   8.5777  10.0434  10.1581  11.5298  11.6591  12.2427

     the Fermi energy is    10.0669 ev

!    total energy              =    -306.87956513 Ry
     total all-electron energy =     -3050.020336 Ry
     estimated scf accuracy    <          2.0E-11 Ry
     smearing contrib. (-TS)   =      -0.00083671 Ry
     internal energy E=F+TS    =    -306.87872843 Ry

     The total energy is F=E-TS. E is the sum of the following terms:
     one-electron contribution =     -67.48656054 Ry
     hartree contribution      =      40.08846841 Ry
     xc contribution           =     -34.67323111 Ry
     ewald contribution        =    -131.05084962 Ry
     one-center paw contrib.   =    -113.75655557 Ry

     convergence has been achieved in  15 iterations

     Writing all to output data dir ../tmp//g1/sc.save/

     %%%%%%%%%%%%%%%%%%%%%%%%%%%%%%%%%%%%%%%%
     Computing geometry     1
     %%%%%%%%%%%%%%%%%%%%%%%%%%%%%%%%%%%%%%%%

     Waiting for input...
     Reading input from standard input

     Reading xml data from directory:

     ../tmp//g1/sc.save/
     file Sc.pz-spn-kjpaw_psl.1.0.0.UPF: wavefunction(s)  3S 3P 3D renormalized

     IMPORTANT: XC functional enforced from input :
     Exchange-correlation= PZ
                           (   1   1   0   0   0   0   0)
     Any further DFT definition will be discarded
     Please, verify this is what you really want


     Parallelization info
     --------------------
     sticks:   dense  smooth     PW     G-vecs:    dense   smooth      PW
     Min         164     144     44                 5858     4796     848
     Max         166     145     45                 5859     4801     853
     Sum         823     721    223                29291    23991    4259

     Using Slab Decomposition


     Check: negative core charge=   -0.000016
     Reading collected, re-writing distributed wavefunctions

  ++++++++++++++++++++++++++++++++++++++++++++++++++++++++++++++++++++++++++++
     Doing work    1 /     1
     Doing the work of image    1 of geometry    1
      q point number     1, representations:
       0 1 2 3 4
  ++++++++++++++++++++++++++++++++++++++++++++++++++++++++++++++++++++++++++++


                          --------------------------
     Calculation of q =    0.0000000   0.0000000   0.0000000
                          --------------------------


     Parallelization info
     --------------------
     sticks:   dense  smooth     PW     G-vecs:    dense   smooth      PW
     Min         164     144     44                 5858     4796     848
     Max         166     145     45                 5859     4801     853
     Sum         823     721    223                29291    23991    4259

     Using Slab Decomposition


     Title: 
     phonons at Gamma                                                           


     bravais-lattice index     =            4
     lattice parameter (alat)  =       6.0937  a.u.
     unit-cell volume          =     303.0282 (a.u.)^3
     number of atoms/cell      =            2
     number of atomic types    =            1
     number of electrons       =        22.00
     number of Kohn-Sham states=           15
     kinetic-energy cutoff     =      70.0000  Ry
     charge density cutoff     =     320.0000  Ry
     Exchange-correlation= PZ
                           (   1   1   0   0   0   0   0)

     celldm(1)=   6.093687  celldm(2)=   0.000000  celldm(3)=   1.546365
     celldm(4)=   0.000000  celldm(5)=   0.000000  celldm(6)=   0.000000

     crystal axes: (cart. coord. in units of alat)
               a(1) = (   1.000000   0.000000   0.000000 )  
               a(2) = (  -0.500000   0.866025   0.000000 )  
               a(3) = (   0.000000   0.000000   1.546365 )  

     reciprocal axes: (cart. coord. in units 2 pi/alat)
               b(1) = (  1.000000  0.577350 -0.000000 )  
               b(2) = (  0.000000  1.154701  0.000000 )  
               b(3) = (  0.000000 -0.000000  0.646678 )  


     PseudoPot. # 1 for Sc read from file:
     /home/atan/sissa_es02/Sc.pz-spn-kjpaw_psl.1.0.0.UPF
     MD5 check sum: 1f9095df0bb42a6568b4e9f256ff075f
     Pseudo is Projector augmented-wave + core cor, Zval = 11.0
     Generated using 'atomic' code by A. Dal Corso  v.7.1
     Shape of augmentation charge: PSQ
     Using radial grid of 1173 points,  6 beta functions with: 
                l(1) =   0
                l(2) =   0
                l(3) =   1
                l(4) =   1
                l(5) =   2
                l(6) =   2
     Q(r) pseudized with 0 coefficients 


     atomic species   valence    mass     pseudopotential
        Sc            11.00    44.59600     Sc( 1.00)

     24 Sym. Ops., with inversion, found (12 have fractional translation)



   Cartesian axes

     site n.     atom                  positions (alat units)
         1           Sc  tau(   1) = (   0.0000000   0.0000000   0.0000000  )
         2           Sc  tau(   2) = (   0.5000000   0.2886751   0.7731825  )

     number of k points=    75  Marzari-Vanderbilt smearing, width (Ry)=  0.0200
                       cart. coord. in units 2pi/alat
        k(    1) = (   0.0555556   0.0962250   0.0538898), wk =   0.0164609
        k(    2) = (   0.0555556   0.0962250   0.1616695), wk =   0.0164609
        k(    3) = (   0.0555556   0.0962250   0.2694491), wk =   0.0164609
        k(    4) = (   0.0555556   0.2245251   0.0538898), wk =   0.0329218
        k(    5) = (   0.0555556   0.2245251   0.1616695), wk =   0.0329218
        k(    6) = (   0.0555556   0.2245251   0.2694491), wk =   0.0329218
        k(    7) = (   0.0555556   0.3528252   0.0538898), wk =   0.0329218
        k(    8) = (   0.0555556   0.3528252   0.1616695), wk =   0.0329218
        k(    9) = (   0.0555556   0.3528252   0.2694491), wk =   0.0329218
        k(   10) = (   0.0555556   0.4811252   0.0538898), wk =   0.0329218
        k(   11) = (   0.0555556   0.4811252   0.1616695), wk =   0.0329218
        k(   12) = (   0.0555556   0.4811252   0.2694491), wk =   0.0329218
        k(   13) = (   0.0555556  -0.5452753   0.0538898), wk =   0.0329218
        k(   14) = (   0.0555556  -0.5452753   0.1616695), wk =   0.0329218
        k(   15) = (   0.0555556  -0.5452753   0.2694491), wk =   0.0329218
        k(   16) = (   0.0555556  -0.4169752   0.0538898), wk =   0.0329218
        k(   17) = (   0.0555556  -0.4169752   0.1616695), wk =   0.0329218
        k(   18) = (   0.0555556  -0.4169752   0.2694491), wk =   0.0329218
        k(   19) = (   0.0555556  -0.2886751   0.0538898), wk =   0.0329218
        k(   20) = (   0.0555556  -0.2886751   0.1616695), wk =   0.0329218
        k(   21) = (   0.0555556  -0.2886751   0.2694491), wk =   0.0329218
        k(   22) = (   0.0555556  -0.1603751   0.0538898), wk =   0.0329218
        k(   23) = (   0.0555556  -0.1603751   0.1616695), wk =   0.0329218
        k(   24) = (   0.0555556  -0.1603751   0.2694491), wk =   0.0329218
        k(   25) = (   0.0555556  -0.0320750   0.0538898), wk =   0.0164609
        k(   26) = (   0.0555556  -0.0320750   0.1616695), wk =   0.0164609
        k(   27) = (   0.0555556  -0.0320750   0.2694491), wk =   0.0164609
        k(   28) = (   0.1666667   0.2886751   0.0538898), wk =   0.0164609
        k(   29) = (   0.1666667   0.2886751   0.1616695), wk =   0.0164609
        k(   30) = (   0.1666667   0.2886751   0.2694491), wk =   0.0164609
        k(   31) = (   0.1666667   0.4169752   0.0538898), wk =   0.0329218
        k(   32) = (   0.1666667   0.4169752   0.1616695), wk =   0.0329218
        k(   33) = (   0.1666667   0.4169752   0.2694491), wk =   0.0329218
        k(   34) = (   0.1666667   0.5452753   0.0538898), wk =   0.0329218
        k(   35) = (   0.1666667   0.5452753   0.1616695), wk =   0.0329218
        k(   36) = (   0.1666667   0.5452753   0.2694491), wk =   0.0329218
        k(   37) = (   0.1666667  -0.4811252   0.0538898), wk =   0.0329218
        k(   38) = (   0.1666667  -0.4811252   0.1616695), wk =   0.0329218
        k(   39) = (   0.1666667  -0.4811252   0.2694491), wk =   0.0329218
        k(   40) = (   0.1666667  -0.3528252   0.0538898), wk =   0.0329218
        k(   41) = (   0.1666667  -0.3528252   0.1616695), wk =   0.0329218
        k(   42) = (   0.1666667  -0.3528252   0.2694491), wk =   0.0329218
        k(   43) = (   0.1666667  -0.2245251   0.0538898), wk =   0.0329218
        k(   44) = (   0.1666667  -0.2245251   0.1616695), wk =   0.0329218
        k(   45) = (   0.1666667  -0.2245251   0.2694491), wk =   0.0329218
        k(   46) = (   0.1666667  -0.0962250   0.0538898), wk =   0.0164609
        k(   47) = (   0.1666667  -0.0962250   0.1616695), wk =   0.0164609
        k(   48) = (   0.1666667  -0.0962250   0.2694491), wk =   0.0164609
        k(   49) = (   0.2777778   0.4811252   0.0538898), wk =   0.0164609
        k(   50) = (   0.2777778   0.4811252   0.1616695), wk =   0.0164609
        k(   51) = (   0.2777778   0.4811252   0.2694491), wk =   0.0164609
        k(   52) = (   0.2777778   0.6094253   0.0538898), wk =   0.0329218
        k(   53) = (   0.2777778   0.6094253   0.1616695), wk =   0.0329218
        k(   54) = (   0.2777778   0.6094253   0.2694491), wk =   0.0329218
        k(   55) = (   0.2777778  -0.4169752   0.0538898), wk =   0.0329218
        k(   56) = (   0.2777778  -0.4169752   0.1616695), wk =   0.0329218
        k(   57) = (   0.2777778  -0.4169752   0.2694491), wk =   0.0329218
        k(   58) = (   0.2777778  -0.2886751   0.0538898), wk =   0.0329218
        k(   59) = (   0.2777778  -0.2886751   0.1616695), wk =   0.0329218
        k(   60) = (   0.2777778  -0.2886751   0.2694491), wk =   0.0329218
        k(   61) = (   0.2777778  -0.1603751   0.0538898), wk =   0.0164609
        k(   62) = (   0.2777778  -0.1603751   0.1616695), wk =   0.0164609
        k(   63) = (   0.2777778  -0.1603751   0.2694491), wk =   0.0164609
        k(   64) = (   0.3888889   0.6735753   0.0538898), wk =   0.0164609
        k(   65) = (   0.3888889   0.6735753   0.1616695), wk =   0.0164609
        k(   66) = (   0.3888889   0.6735753   0.2694491), wk =   0.0164609
        k(   67) = (   0.3888889  -0.3528252   0.0538898), wk =   0.0329218
        k(   68) = (   0.3888889  -0.3528252   0.1616695), wk =   0.0329218
        k(   69) = (   0.3888889  -0.3528252   0.2694491), wk =   0.0329218
        k(   70) = (   0.3888889  -0.2245251   0.0538898), wk =   0.0164609
        k(   71) = (   0.3888889  -0.2245251   0.1616695), wk =   0.0164609
        k(   72) = (   0.3888889  -0.2245251   0.2694491), wk =   0.0164609
        k(   73) = (  -0.5000000  -0.8660254   0.0538898), wk =   0.0082305
        k(   74) = (  -0.5000000  -0.8660254   0.1616695), wk =   0.0082305
        k(   75) = (  -0.5000000  -0.8660254   0.2694491), wk =   0.0082305

     Dense  grid:    29291 G-vectors     FFT dimensions: (  36,  36,  54)

     Smooth grid:    23991 G-vectors     FFT dimensions: (  36,  36,  54)

     Estimated max dynamical RAM per process >       7.96 MB

     Estimated total dynamical RAM >     159.14 MB

     Check: negative core charge=   -0.000016

     The potential is recalculated from file :
     ../tmp//g1/_ph0/sc.save/charge-density

     Starting wfcs are   20 atomic wfcs
     Checking if some PAW data can be deallocated... 

     Band Structure Calculation
     Davidson diagonalization with overlap

     ethr =  4.55E-11,  avg # of iterations = 37.5

     Total points   75
     Diagonalized points   75   Symmetrized points    0

     total cpu time spent up to now is       30.4 secs

     End of band structure calculation

          k = 0.0556 0.0962 0.0539 (  2975 PWs)   bands (ev):

   -38.6070 -38.5017 -17.7936 -17.3640 -17.3467 -17.2776 -17.2466 -17.2134
     5.1009   8.4367  10.7417  11.3496  11.8264  12.0913  12.1243

          k = 0.0556 0.0962 0.1617 (  2982 PWs)   bands (ev):

   -38.5930 -38.5160 -17.7230 -17.3482 -17.3395 -17.3265 -17.2599 -17.2505
     5.4969   8.0107  10.5733  11.3412  11.6719  11.7184  11.9614

          k = 0.0556 0.0962 0.2694 (  2985 PWs)   bands (ev):

   -38.5687 -38.5405 -17.5991 -17.4547 -17.3205 -17.3099 -17.2862 -17.2829
     6.2296   7.1600  10.7475  11.1752  11.4881  11.6527  11.7074

          k = 0.0556 0.2245 0.0539 (  2986 PWs)   bands (ev):

   -38.5873 -38.4961 -17.7440 -17.4518 -17.3978 -17.3553 -17.2620 -17.2363
     5.7820   8.9340  10.1910  10.7379  11.7804  11.8945  12.0783

          k = 0.0556 0.2245 0.1617 (  2982 PWs)   bands (ev):

   -38.5751 -38.5084 -17.6995 -17.4423 -17.4122 -17.3604 -17.2783 -17.2579
     6.1431   8.5237  10.1081  10.8245  11.5427  11.8288  11.9257

          k = 0.0556 0.2245 0.2694 (  2988 PWs)   bands (ev):

   -38.5541 -38.5297 -17.6201 -17.5242 -17.3649 -17.3384 -17.3074 -17.2991
     6.8157   7.6872  10.3927  10.8009  11.3087  11.5528  11.9864

          k = 0.0556 0.3528 0.0539 (  3001 PWs)   bands (ev):

   -38.5594 -38.4908 -17.6762 -17.5653 -17.4945 -17.4126 -17.2844 -17.2778
     6.8485   9.3235   9.6734  10.2061  11.5314  11.7100  11.8344

          k = 0.0556 0.3528 0.1617 (  3001 PWs)   bands (ev):

   -38.5502 -38.5000 -17.6956 -17.5622 -17.4717 -17.3989 -17.3035 -17.2796
     7.1248   8.9734   9.7761  10.3401  11.3179  11.7306  11.8915

          k = 0.0556 0.3528 0.2694 (  3002 PWs)   bands (ev):

   -38.5343 -38.5160 -17.6800 -17.6284 -17.3928 -17.3664 -17.3353 -17.3091
     7.6390   8.3072  10.1313  10.4119  11.1835  11.4124  12.2166

          k = 0.0556 0.4811 0.0539 (  3016 PWs)   bands (ev):

   -38.5342 -38.4905 -17.6902 -17.5856 -17.5565 -17.4458 -17.3348 -17.2968
     7.9724   9.1164   9.3990   9.8987  11.4278  11.5700  11.9768

          k = 0.0556 0.4811 0.1617 (  3010 PWs)   bands (ev):

   -38.5283 -38.4963 -17.7365 -17.6442 -17.4727 -17.4216 -17.3291 -17.3042
     8.0605   8.9230   9.6588  10.0519  11.4466  11.6187  11.9185

          k = 0.0556 0.4811 0.2694 (  2987 PWs)   bands (ev):

   -38.5182 -38.5064 -17.7456 -17.7100 -17.4081 -17.3707 -17.3562 -17.3161
     8.2707   8.5908  10.0367  10.2388  11.3280  11.4502  12.2936

          k = 0.0556-0.5453 0.0539 (  3013 PWs)   bands (ev):

   -38.5273 -38.4915 -17.7083 -17.5973 -17.5427 -17.4525 -17.3530 -17.3005
     8.3620   8.9578   9.3557   9.7915  11.4080  11.5204  12.0741

          k = 0.0556-0.5453 0.1617 (  3003 PWs)   bands (ev):

   -38.5225 -38.4963 -17.7509 -17.6618 -17.4684 -17.4225 -17.3382 -17.3104
     8.3180   8.8593   9.7231   9.8774  11.5109  11.6170  11.9565

          k = 0.0556-0.5453 0.2694 (  2987 PWs)   bands (ev):

   -38.5142 -38.5046 -17.7620 -17.7284 -17.4126 -17.3689 -17.3604 -17.3182
     8.3997   8.6197  10.0511  10.1871  11.3790  11.5267  12.3196

          k = 0.0556-0.4170 0.0539 (  3009 PWs)   bands (ev):

   -38.5456 -38.4899 -17.6666 -17.5899 -17.5382 -17.4322 -17.3085 -17.2897
     7.4337   9.2678   9.5026  10.0416  11.4695  11.6596  11.8380

          k = 0.0556-0.4170 0.1617 (  3006 PWs)   bands (ev):

   -38.5382 -38.4974 -17.7139 -17.6102 -17.4775 -17.4136 -17.3165 -17.2929
     7.6332   8.9858   9.6926  10.1995  11.3363  11.6781  11.8790

          k = 0.0556-0.4170 0.2694 (  2993 PWs)   bands (ev):

   -38.5252 -38.5103 -17.7161 -17.6753 -17.4007 -17.3717 -17.3475 -17.3128
     8.0086   8.4997  10.0625  10.3054  11.2269  11.4078  12.2600

          k = 0.0556-0.2887 0.0539 (  2997 PWs)   bands (ev):

   -38.5737 -38.4931 -17.7096 -17.5105 -17.4440 -17.3877 -17.2721 -17.2558
     6.2824   9.1944   9.9106  10.4379  11.6260  11.7700  11.9670

          k = 0.0556-0.2887 0.1617 (  2991 PWs)   bands (ev):

   -38.5630 -38.5039 -17.6915 -17.5040 -17.4481 -17.3802 -17.2905 -17.2673
     6.6097   8.8061   9.9070  10.5498  11.4114  11.7690  11.9387

          k = 0.0556-0.2887 0.2694 (  2998 PWs)   bands (ev):

   -38.5443 -38.5227 -17.6456 -17.5754 -17.3824 -17.3539 -17.3214 -17.3048
     7.2204   8.0171  10.2393  10.5866  11.2228  11.4652  12.1310

          k = 0.0556-0.1604 0.0539 (  2981 PWs)   bands (ev):

   -38.5987 -38.4992 -17.7730 -17.4007 -17.3661 -17.3147 -17.2533 -17.2220
     5.3806   8.6555  10.4832  11.0595  11.9457  11.9985  12.0524

          k = 0.0556-0.1604 0.1617 (  2978 PWs)   bands (ev):

   -38.5855 -38.5127 -17.7120 -17.3855 -17.3749 -17.3420 -17.2678 -17.2521
     5.7635   8.2341  10.3477  11.1073  11.6506  11.8022  11.9160

          k = 0.0556-0.1604 0.2694 (  2988 PWs)   bands (ev):

   -38.5625 -38.5359 -17.6055 -17.4823 -17.3419 -17.3228 -17.2952 -17.2915
     6.4742   7.3851  10.5743  11.0089  11.4077  11.6365  11.8181

          k = 0.0556-0.0321 0.0539 (  2967 PWs)   bands (ev):

   -38.6113 -38.5031 -17.8043 -17.3445 -17.3377 -17.2551 -17.2431 -17.2101
     4.9575   8.3186  10.9010  11.5437  11.7279  12.0908  12.1605

          k = 0.0556-0.0321 0.1617 (  2985 PWs)   bands (ev):

   -38.5970 -38.5178 -17.7292 -17.3312 -17.3251 -17.3079 -17.2559 -17.2520
     5.3597   7.8909  10.7181  11.4764  11.5924  11.7464  11.9706

          k = 0.0556-0.0321 0.2694 (  2990 PWs)   bands (ev):

   -38.5720 -38.5430 -17.5970 -17.4417 -17.3077 -17.3032 -17.2800 -17.2779
     6.1023   7.0409  10.8600  11.2712  11.5274  11.5855  11.7053

          k = 0.1667 0.2887 0.0539 (  2998 PWs)   bands (ev):

   -38.5645 -38.4915 -17.6856 -17.5124 -17.5097 -17.3891 -17.2997 -17.2696
     6.6456   9.4119   9.7818  10.1976  11.4659  11.6565  11.9641

          k = 0.1667 0.2887 0.1617 (  2989 PWs)   bands (ev):

   -38.5547 -38.5013 -17.6849 -17.5407 -17.4507 -17.4055 -17.3165 -17.2689
     6.9500   9.0204   9.8378  10.3309  11.3225  11.6690  11.8852

          k = 0.1667 0.2887 0.2694 (  2999 PWs)   bands (ev):

   -38.5379 -38.5183 -17.6573 -17.6014 -17.3926 -17.3866 -17.3336 -17.2968
     7.5182   8.2626  10.1897  10.4593  11.1130  11.3156  12.1667

          k = 0.1667 0.4170 0.0539 (  3000 PWs)   bands (ev):

   -38.5384 -38.4900 -17.6434 -17.5943 -17.5384 -17.4500 -17.3383 -17.3181
     7.7634   9.4537   9.5394   9.8554  11.2270  11.6373  11.8573

          k = 0.1667 0.4170 0.1617 (  3009 PWs)   bands (ev):

   -38.5320 -38.4965 -17.6940 -17.6225 -17.4794 -17.4364 -17.3568 -17.2924
     7.9567   9.1855   9.7513  10.0542  11.1472  11.3886  11.9308

          k = 0.1667 0.4170 0.2694 (  3000 PWs)   bands (ev):

   -38.5207 -38.5077 -17.7046 -17.6740 -17.4498 -17.4153 -17.3397 -17.2971
     8.3130   8.7628  10.1000  10.2587  10.9748  11.0464  12.2244

          k = 0.1667 0.5453 0.0539 (  3007 PWs)   bands (ev):

   -38.5207 -38.4931 -17.6820 -17.5805 -17.5330 -17.4781 -17.3769 -17.3462
     8.6691   9.2053   9.4074   9.6770  11.2127  11.3803  12.1734

          k = 0.1667 0.5453 0.1617 (  2995 PWs)   bands (ev):

   -38.5169 -38.4968 -17.7197 -17.6458 -17.5194 -17.4062 -17.3894 -17.3141
     8.6553   9.1335   9.7188   9.8765  11.1061  11.2205  12.1966

          k = 0.1667 0.5453 0.2694 (  2997 PWs)   bands (ev):

   -38.5105 -38.5031 -17.7350 -17.7080 -17.4817 -17.4353 -17.3317 -17.3007
     8.7489   8.9422  10.1180  10.2789  10.7997  10.9342  12.4434

          k = 0.1667-0.4811 0.0539 (  3004 PWs)   bands (ev):

   -38.5275 -38.4913 -17.6657 -17.5878 -17.5338 -17.4739 -17.3583 -17.3377
     8.2907   9.3301   9.4384   9.7731  11.1991  11.4846  12.0466

          k = 0.1667-0.4811 0.1617 (  3007 PWs)   bands (ev):

   -38.5227 -38.4962 -17.7088 -17.6400 -17.5043 -17.4232 -17.3738 -17.3053
     8.3928   9.1589   9.6752  10.0159  11.1303  11.2488  12.0838

          k = 0.1667-0.4811 0.2694 (  2996 PWs)   bands (ev):

   -38.5142 -38.5045 -17.7239 -17.6967 -17.4706 -17.4281 -17.3354 -17.2989
     8.6026   8.8872  10.0737  10.2911  10.8898  10.9515  12.3384

          k = 0.1667-0.3528 0.0539 (  2996 PWs)   bands (ev):

   -38.5513 -38.4901 -17.6543 -17.5656 -17.5304 -17.4184 -17.3199 -17.2930
     7.1932   9.5512   9.6179   9.9697  11.3166  11.6970  11.8157

          k = 0.1667-0.3528 0.1617 (  3005 PWs)   bands (ev):

   -38.5431 -38.4983 -17.6852 -17.5880 -17.4592 -17.4322 -17.3375 -17.2795
     7.4510   9.1671   9.8064  10.1204  11.2176  11.5591  11.8408

          k = 0.1667-0.3528 0.2694 (  2999 PWs)   bands (ev):

   -38.5289 -38.5125 -17.6812 -17.6409 -17.4225 -17.4002 -17.3404 -17.2963
     7.9296   8.5489  10.1444  10.3055  11.0349  11.1852  12.1760

          k = 0.1667-0.2245 0.0539 (  2992 PWs)   bands (ev):

   -38.5769 -38.4937 -17.7173 -17.4824 -17.4531 -17.3676 -17.2790 -17.2505
     6.1651   9.1720   9.9832  10.4726  11.6467  11.7213  12.0618

          k = 0.1667-0.2245 0.1617 (  2986 PWs)   bands (ev):

   -38.5658 -38.5049 -17.6908 -17.4892 -17.4356 -17.3791 -17.2959 -17.2616
     6.5030   8.7725   9.9518  10.5852  11.4349  11.7496  11.9516

          k = 0.1667-0.2245 0.2694 (  2993 PWs)   bands (ev):

   -38.5466 -38.5243 -17.6361 -17.5606 -17.3765 -17.3627 -17.3204 -17.2982
     7.1337   7.9575  10.2777  10.6366  11.2096  11.4427  12.1102

          k = 0.1667-0.0962 0.0539 (  2982 PWs)   bands (ev):

   -38.5948 -38.4981 -17.7631 -17.4225 -17.3644 -17.3404 -17.2533 -17.2269
     5.5164   8.7524  10.3726  10.9465  11.8826  12.0188  12.0606

          k = 0.1667-0.0962 0.1617 (  2984 PWs)   bands (ev):

   -38.5819 -38.5112 -17.7074 -17.4077 -17.3863 -17.3496 -17.2683 -17.2555
     5.8922   8.3346  10.2558  11.0088  11.6216  11.8490  11.8861

          k = 0.1667-0.0962 0.2694 (  2989 PWs)   bands (ev):

   -38.5596 -38.5337 -17.6101 -17.4969 -17.3523 -17.3240 -17.3017 -17.2942
     6.5906   7.4892  10.5037  10.9324  11.3788  11.6222  11.8670

          k = 0.2778 0.4811 0.0539 (  3001 PWs)   bands (ev):

   -38.5177 -38.4940 -17.6393 -17.5981 -17.5108 -17.4921 -17.3997 -17.3743
     8.7578   9.3932   9.5154   9.6341  11.0805  11.3161  12.1911

          k = 0.2778 0.4811 0.1617 (  3000 PWs)   bands (ev):

   -38.5145 -38.4972 -17.6681 -17.6516 -17.5466 -17.4424 -17.3830 -17.3204
     8.8791   9.3242   9.6640   9.9234  10.9392  10.9875  12.1887

          k = 0.2778 0.4811 0.2694 (  3003 PWs)   bands (ev):

   -38.5090 -38.5027 -17.7006 -17.6887 -17.5242 -17.4789 -17.3208 -17.2967
     9.0632   9.2279   9.9758  10.3059  10.4563  10.7293  12.3487

          k = 0.2778 0.6094 0.0539 (  2998 PWs)   bands (ev):

   -38.5103 -38.4977 -17.6442 -17.5750 -17.5438 -17.4621 -17.4206 -17.3985
     9.1113   9.4006   9.4547   9.5345  11.0863  11.1969  12.3149

          k = 0.2778 0.6094 0.1617 (  2998 PWs)   bands (ev):

   -38.5085 -38.4994 -17.6644 -17.6370 -17.5816 -17.4512 -17.3726 -17.3349
     9.1995   9.4122   9.6144   9.7771  10.8702  10.9155  12.3062

          k = 0.2778 0.6094 0.2694 (  2989 PWs)   bands (ev):

   -38.5056 -38.5022 -17.6961 -17.6859 -17.5477 -17.4966 -17.3132 -17.2997
     9.3234   9.4044   9.9314  10.1119  10.4516  10.5998  12.4409

          k = 0.2778-0.4170 0.0539 (  3002 PWs)   bands (ev):

   -38.5276 -38.4913 -17.6365 -17.6051 -17.5222 -17.4782 -17.3710 -17.3452
     8.2779   9.4155   9.5634   9.7162  11.1263  11.4777  12.0135

          k = 0.2778-0.4170 0.1617 (  3005 PWs)   bands (ev):

   -38.5227 -38.4961 -17.6839 -17.6424 -17.5082 -17.4372 -17.3797 -17.3050
     8.4286   9.2599   9.7417   9.9686  11.0652  11.1401  12.0388

          k = 0.2778-0.4170 0.2694 (  2996 PWs)   bands (ev):

   -38.5143 -38.5045 -17.7057 -17.6854 -17.4884 -17.4493 -17.3305 -17.2954
     8.6955   9.0058  10.0651  10.2476  10.7618  10.8551  12.2571

          k = 0.2778-0.2887 0.0539 (  2997 PWs)   bands (ev):

   -38.5493 -38.4900 -17.6571 -17.5821 -17.5266 -17.4277 -17.3081 -17.2950
     7.2737   9.4157   9.5706  10.0306  11.3726  11.7248  11.7913

          k = 0.2778-0.2887 0.1617 (  3003 PWs)   bands (ev):

   -38.5414 -38.4980 -17.6970 -17.5947 -17.4729 -17.4194 -17.3285 -17.2838
     7.5112   9.0858   9.7447  10.1938  11.2353  11.6015  11.8861

          k = 0.2778-0.2887 0.2694 (  2998 PWs)   bands (ev):

   -38.5276 -38.5117 -17.6955 -17.6543 -17.4155 -17.3848 -17.3443 -17.3018
     7.9524   8.5224  10.1045  10.3278  11.0917  11.2683  12.2300

          k = 0.2778-0.1604 0.0539 (  2997 PWs)   bands (ev):

   -38.5677 -38.4920 -17.6952 -17.5402 -17.4600 -17.4032 -17.2708 -17.2662
     6.5130   9.2446   9.7957  10.3498  11.6068  11.7921  11.8425

          k = 0.2778-0.1604 0.1617 (  2998 PWs)   bands (ev):

   -38.5576 -38.5022 -17.6931 -17.5299 -17.4633 -17.3856 -17.2887 -17.2763
     6.8197   8.8745   9.8387  10.4663  11.3759  11.7744  11.9184

          k = 0.2778-0.1604 0.2694 (  3003 PWs)   bands (ev):

   -38.5401 -38.5198 -17.6618 -17.6002 -17.3856 -17.3551 -17.3196 -17.3160
     7.3910   8.1352  10.1821  10.5034  11.2254  11.4716  12.1723

          k = 0.3889 0.6736 0.0539 (  3002 PWs)   bands (ev):

   -38.5145 -38.4954 -17.6641 -17.5661 -17.5462 -17.4728 -17.4030 -17.3755
     8.9516   9.3256   9.4299   9.5806  11.1342  11.2647  12.2615

          k = 0.3889 0.6736 0.1617 (  2995 PWs)   bands (ev):

   -38.5119 -38.4980 -17.6953 -17.6361 -17.5558 -17.4280 -17.3855 -17.3246
     8.9511   9.3042   9.7446   9.7633  10.9723  11.0123  12.2725

          k = 0.3889 0.6736 0.2694 (  2994 PWs)   bands (ev):

   -38.5075 -38.5024 -17.7157 -17.6954 -17.5206 -17.4718 -17.3205 -17.2989
     9.0436   9.1907  10.1454  10.1890  10.6058  10.6347  12.4516

          k = 0.3889-0.3528 0.0539 (  3010 PWs)   bands (ev):

   -38.5274 -38.4914 -17.6912 -17.5875 -17.5423 -17.4630 -17.3538 -17.3177
     8.3198   9.1320   9.3904   9.7889  11.3130  11.4984  12.0724

          k = 0.3889-0.3528 0.1617 (  3003 PWs)   bands (ev):

   -38.5226 -38.4962 -17.7338 -17.6500 -17.4881 -17.4175 -17.3576 -17.3067
     8.3480   8.9956   9.6809   9.9683  11.2909  11.4336  12.0735

          k = 0.3889-0.3528 0.2694 (  2994 PWs)   bands (ev):

   -38.5142 -38.5046 -17.7458 -17.7141 -17.4423 -17.3978 -17.3455 -17.3064
     8.4858   8.7347  10.0683  10.2528  11.1047  11.2327  12.3859

          k = 0.3889-0.2245 0.0539 (  3010 PWs)   bands (ev):

   -38.5404 -38.4900 -17.6804 -17.5864 -17.5550 -17.4358 -17.3195 -17.2874
     7.6698   9.1625   9.4390   9.9902  11.5351  11.5704  11.9005

          k = 0.3889-0.2245 0.1617 (  3009 PWs)   bands (ev):

   -38.5337 -38.4968 -17.7288 -17.6293 -17.4740 -17.4161 -17.3076 -17.3075
     7.8177   8.9224   9.6626  10.1360  11.4561  11.7757  11.7820

          k = 0.3889-0.2245 0.2694 (  2996 PWs)   bands (ev):

   -38.5220 -38.5085 -17.7347 -17.6960 -17.3833 -17.3819 -17.3422 -17.3243
     8.1117   8.5151  10.0356  10.2615  11.3536  11.5117  12.2499

          k =-0.5000-0.8660 0.0539 (  3014 PWs)   bands (ev):

   -38.5273 -38.4916 -17.7143 -17.6020 -17.5421 -17.4484 -17.3529 -17.2941
     8.3869   8.8845   9.3419   9.7920  11.4398  11.5364  12.0696

          k =-0.5000-0.8660 0.1617 (  2994 PWs)   bands (ev):

   -38.5225 -38.4963 -17.7570 -17.6666 -17.4578 -17.4280 -17.3273 -17.3150
     8.3088   8.8072   9.7734   9.8062  11.6943  11.7155  11.7870

          k =-0.5000-0.8660 0.2694 (  2992 PWs)   bands (ev):

   -38.5142 -38.5046 -17.7678 -17.7337 -17.3924 -17.3758 -17.3511 -17.3290
     8.3689   8.5777  10.0434  10.1581  11.5298  11.6591  12.2428

     the Fermi energy is    10.0669 ev
     (compare with:    10.0669 eV, computed in scf)

     Writing config to output data dir ../tmp//g1/_ph0/sc.save/

     phonons at Gamma                                                           

     bravais-lattice index     =            4
     lattice parameter (alat)  =       6.0937  a.u.
     unit-cell volume          =     303.0282 (a.u.)^3
     number of atoms/cell      =            2
     number of atomic types    =            1
     kinetic-energy cut-off    =      70.0000  Ry
     charge density cut-off    =     320.0000  Ry
     convergence threshold     =      1.0E-16
     beta                      =       0.7000
     number of iterations used =            4
     Exchange-correlation= PZ
                           (   1   1   0   0   0   0   0)


     celldm(1)=    6.09369  celldm(2)=    0.00000  celldm(3)=    1.54637
     celldm(4)=    0.00000  celldm(5)=    0.00000  celldm(6)=    0.00000

     crystal axes: (cart. coord. in units of alat)
               a(1) = (  1.0000  0.0000  0.0000 )  
               a(2) = ( -0.5000  0.8660  0.0000 )  
               a(3) = (  0.0000  0.0000  1.5464 )  

     reciprocal axes: (cart. coord. in units 2 pi/alat)
               b(1) = (  1.0000  0.5774 -0.0000 )  
               b(2) = (  0.0000  1.1547  0.0000 )  
               b(3) = (  0.0000 -0.0000  0.6467 )  


     Atoms inside the unit cell: 

     Cartesian axes

     site n.  atom      mass           positions (alat units)
        1     Sc  44.5960   tau(    1) = (    0.00000    0.00000    0.00000  )
        2     Sc  44.5960   tau(    2) = (    0.50000    0.28868    0.77318  )

     Computing dynamical matrix for 
                    q = (   0.0000000   0.0000000   0.0000000 )

     25 Sym.Ops. (with q -> -q+G )


     G cutoff =  300.9889  (   5859 G-vectors)     FFT grid: ( 36, 36, 54)
     G cutoff =  263.3653  (   4798 G-vectors)  smooth grid: ( 36, 36, 54)

     number of k points=    75  Marzari-Vanderbilt smearing, width (Ry)=  0.0200

     PseudoPot. # 1 for Sc read from file:
     /home/atan/sissa_es02/Sc.pz-spn-kjpaw_psl.1.0.0.UPF
     MD5 check sum: 1f9095df0bb42a6568b4e9f256ff075f
     Pseudo is Projector augmented-wave + core cor, Zval = 11.0
     Generated using 'atomic' code by A. Dal Corso  v.7.1
     Shape of augmentation charge: PSQ
     Using radial grid of 1173 points,  6 beta functions with: 
                l(1) =   0
                l(2) =   0
                l(3) =   1
                l(4) =   1
                l(5) =   2
                l(6) =   2
     Q(r) pseudized with 0 coefficients 


     Mode symmetry, D_6h(6/mmm) point group:


     Atomic displacements:
     There are   4 irreducible representations

     Representation     1      1 modes -  To be done

     Representation     2      2 modes -  To be done

     Representation     3      1 modes -  To be done

     Representation     4      2 modes -  To be done



     Alpha used in Ewald sum =   2.8000
     PHONON       :      9.62s CPU      9.93s WALL (       1 calls)


     Representation #   1 mode #   1

     Self-consistent Calculation

     Pert. #  1: Fermi energy shift (Ry) =     0.0000E+00     0.0000E+00

      iter #   1 total cpu time :    13.5 secs   av.it.:  14.7
      thresh= 1.000E-02 alpha_mix =  0.700 |ddv_scf|^2 =  2.364E-04

     Pert. #  1: Fermi energy shift (Ry) =     0.0000E+00     0.0000E+00

      iter #   2 total cpu time :    17.8 secs   av.it.:  20.0
      thresh= 1.538E-03 alpha_mix =  0.700 |ddv_scf|^2 =  7.281E-04

     Pert. #  1: Fermi energy shift (Ry) =     0.0000E+00     0.0000E+00

      iter #   3 total cpu time :    21.7 secs   av.it.:  17.4
      thresh= 2.698E-03 alpha_mix =  0.700 |ddv_scf|^2 =  2.242E-08

     Pert. #  1: Fermi energy shift (Ry) =     0.0000E+00     0.0000E+00

      iter #   4 total cpu time :    26.3 secs   av.it.:  21.9
      thresh= 1.497E-05 alpha_mix =  0.700 |ddv_scf|^2 =  1.161E-09

     Pert. #  1: Fermi energy shift (Ry) =     0.0000E+00     0.0000E+00

      iter #   5 total cpu time :    30.7 secs   av.it.:  19.9
      thresh= 3.407E-06 alpha_mix =  0.700 |ddv_scf|^2 =  1.949E-11

     Pert. #  1: Fermi energy shift (Ry) =     0.0000E+00     0.0000E+00

      iter #   6 total cpu time :    34.9 secs   av.it.:  19.8
      thresh= 4.414E-07 alpha_mix =  0.700 |ddv_scf|^2 =  5.542E-13

     Pert. #  1: Fermi energy shift (Ry) =     0.0000E+00     0.0000E+00

      iter #   7 total cpu time :    39.0 secs   av.it.:  18.9
      thresh= 7.445E-08 alpha_mix =  0.700 |ddv_scf|^2 =  1.724E-15

     Pert. #  1: Fermi energy shift (Ry) =     0.0000E+00     0.0000E+00

      iter #   8 total cpu time :    43.5 secs   av.it.:  21.0
      thresh= 4.152E-09 alpha_mix =  0.700 |ddv_scf|^2 =  1.577E-15

     Pert. #  1: Fermi energy shift (Ry) =     0.0000E+00     0.0000E+00

      iter #   9 total cpu time :    47.4 secs   av.it.:  17.9
      thresh= 3.971E-09 alpha_mix =  0.700 |ddv_scf|^2 =  6.880E-17

     End of self-consistent calculation

     Convergence has been achieved 


     Representation #   2 modes #   2   3

     Self-consistent Calculation

     Pert. #  1: Fermi energy shift (Ry) =     8.6736E-19     2.9081E-40
     Pert. #  2: Fermi energy shift (Ry) =     8.6736E-19    -1.9132E-40

      iter #   1 total cpu time :    53.9 secs   av.it.:  13.2
      thresh= 1.000E-02 alpha_mix =  0.700 |ddv_scf|^2 =  2.307E-06

     Pert. #  1: Fermi energy shift (Ry) =     3.6140E-20    -3.8265E-42
     Pert. #  2: Fermi energy shift (Ry) =     2.2588E-20    -1.9132E-42

      iter #   2 total cpu time :    63.3 secs   av.it.:  22.2
      thresh= 1.519E-04 alpha_mix =  0.700 |ddv_scf|^2 =  2.163E-07

     Pert. #  1: Fermi energy shift (Ry) =    -1.4456E-19    -1.4349E-42
     Pert. #  2: Fermi energy shift (Ry) =     5.4210E-20     2.6307E-42

      iter #   3 total cpu time :    72.8 secs   av.it.:  22.4
      thresh= 4.650E-05 alpha_mix =  0.700 |ddv_scf|^2 =  1.205E-09

     Pert. #  1: Fermi energy shift (Ry) =     0.0000E+00    -4.7831E-43
     Pert. #  2: Fermi energy shift (Ry) =     1.6263E-19     2.1524E-42

      iter #   4 total cpu time :    81.7 secs   av.it.:  21.0
      thresh= 3.471E-06 alpha_mix =  0.700 |ddv_scf|^2 =  1.368E-11

     Pert. #  1: Fermi energy shift (Ry) =    -7.2280E-19     2.3915E-43
     Pert. #  2: Fermi energy shift (Ry) =     2.5298E-19     0.0000E+00

      iter #   5 total cpu time :    91.2 secs   av.it.:  22.3
      thresh= 3.699E-07 alpha_mix =  0.700 |ddv_scf|^2 =  5.295E-14

     Pert. #  1: Fermi energy shift (Ry) =    -6.8666E-19     2.3915E-43
     Pert. #  2: Fermi energy shift (Ry) =     3.7947E-19     0.0000E+00

      iter #   6 total cpu time :   100.7 secs   av.it.:  22.2
      thresh= 2.301E-08 alpha_mix =  0.700 |ddv_scf|^2 =  1.072E-15

     Pert. #  1: Fermi energy shift (Ry) =     0.0000E+00     2.3915E-43
     Pert. #  2: Fermi energy shift (Ry) =    -2.7105E-19     0.0000E+00

      iter #   7 total cpu time :   110.4 secs   av.it.:  22.8
      thresh= 3.274E-09 alpha_mix =  0.700 |ddv_scf|^2 =  5.908E-18

     End of self-consistent calculation

     Convergence has been achieved 


     Representation #   3 mode #   4

     Self-consistent Calculation

     Pert. #  1: Fermi energy shift (Ry) =    -1.3786E-25     0.0000E+00

      iter #   1 total cpu time :   113.8 secs   av.it.:  12.8
      thresh= 1.000E-02 alpha_mix =  0.700 |ddv_scf|^2 =  7.079E-06

     Pert. #  1: Fermi energy shift (Ry) =    -5.5145E-25     0.0000E+00

      iter #   2 total cpu time :   118.0 secs   av.it.:  19.3
      thresh= 2.661E-04 alpha_mix =  0.700 |ddv_scf|^2 =  5.303E-07

     Pert. #  1: Fermi energy shift (Ry) =     0.0000E+00     0.0000E+00

      iter #   3 total cpu time :   122.2 secs   av.it.:  19.6
      thresh= 7.282E-05 alpha_mix =  0.700 |ddv_scf|^2 =  5.338E-09

     Pert. #  1: Fermi energy shift (Ry) =    -5.5145E-25     0.0000E+00

      iter #   4 total cpu time :   126.2 secs   av.it.:  18.7
      thresh= 7.306E-06 alpha_mix =  0.700 |ddv_scf|^2 =  3.559E-11

     Pert. #  1: Fermi energy shift (Ry) =    -1.1029E-24    -3.0612E-41

      iter #   5 total cpu time :   130.4 secs   av.it.:  18.9
      thresh= 5.966E-07 alpha_mix =  0.700 |ddv_scf|^2 =  2.467E-14

     Pert. #  1: Fermi energy shift (Ry) =    -1.1029E-24    -3.0612E-41

      iter #   6 total cpu time :   134.5 secs   av.it.:  19.2
      thresh= 1.571E-08 alpha_mix =  0.700 |ddv_scf|^2 =  1.966E-15

     Pert. #  1: Fermi energy shift (Ry) =    -1.1029E-24    -3.0612E-41

      iter #   7 total cpu time :   138.7 secs   av.it.:  19.3
      thresh= 4.434E-09 alpha_mix =  0.700 |ddv_scf|^2 =  2.720E-19

     End of self-consistent calculation

     Convergence has been achieved 


     Representation #   4 modes #   5   6

     Self-consistent Calculation

     Pert. #  1: Fermi energy shift (Ry) =     2.4815E-24     1.2539E-37
     Pert. #  2: Fermi energy shift (Ry) =     1.3786E-25     1.2539E-37

      iter #   1 total cpu time :   145.1 secs   av.it.:  13.1
      thresh= 1.000E-02 alpha_mix =  0.700 |ddv_scf|^2 =  1.940E-06

     Pert. #  1: Fermi energy shift (Ry) =    -5.5145E-25    -3.9183E-39
     Pert. #  2: Fermi energy shift (Ry) =    -2.4126E-25    -3.9183E-39

      iter #   2 total cpu time :   154.4 secs   av.it.:  22.1
      thresh= 1.393E-04 alpha_mix =  0.700 |ddv_scf|^2 =  1.578E-07

     Pert. #  1: Fermi energy shift (Ry) =    -2.7573E-24     9.7958E-40
     Pert. #  2: Fermi energy shift (Ry) =    -4.1359E-25    -1.9592E-39

      iter #   3 total cpu time :   163.8 secs   av.it.:  22.3
      thresh= 3.972E-05 alpha_mix =  0.700 |ddv_scf|^2 =  1.344E-09

     Pert. #  1: Fermi energy shift (Ry) =     1.3786E-25     4.5918E-41
     Pert. #  2: Fermi energy shift (Ry) =     1.3786E-25     0.0000E+00

      iter #   4 total cpu time :   172.8 secs   av.it.:  21.0
      thresh= 3.666E-06 alpha_mix =  0.700 |ddv_scf|^2 =  9.948E-12

     Pert. #  1: Fermi energy shift (Ry) =    -1.9301E-24    -3.8265E-42
     Pert. #  2: Fermi energy shift (Ry) =     1.1029E-24    -3.8265E-42

      iter #   5 total cpu time :   182.0 secs   av.it.:  21.6
      thresh= 3.154E-07 alpha_mix =  0.700 |ddv_scf|^2 =  5.244E-14

     Pert. #  1: Fermi energy shift (Ry) =    -1.3786E-24    -2.8699E-42
     Pert. #  2: Fermi energy shift (Ry) =    -6.8932E-26    -1.9132E-42

      iter #   6 total cpu time :   191.8 secs   av.it.:  23.0
      thresh= 2.290E-08 alpha_mix =  0.700 |ddv_scf|^2 =  1.530E-15

     Pert. #  1: Fermi energy shift (Ry) =    -1.5165E-24     0.0000E+00
     Pert. #  2: Fermi energy shift (Ry) =    -6.2039E-25     0.0000E+00

      iter #   7 total cpu time :   201.3 secs   av.it.:  22.5
      thresh= 3.911E-09 alpha_mix =  0.700 |ddv_scf|^2 =  7.028E-17

     End of self-consistent calculation

     Convergence has been achieved 

     Number of q in the star =    1
     List of q in the star:
          1   0.000000000   0.000000000   0.000000000

     Diagonalizing the dynamical matrix

     q = (    0.000000000   0.000000000   0.000000000 ) 

 **************************************************************************
     freq (    1) =      -0.284550 [THz] =      -9.491581 [cm-1]
     freq (    2) =      -0.284550 [THz] =      -9.491581 [cm-1]
     freq (    3) =      -0.266339 [THz] =      -8.884110 [cm-1]
     freq (    4) =       4.225698 [THz] =     140.954102 [cm-1]
     freq (    5) =       4.225698 [THz] =     140.954102 [cm-1]
     freq (    6) =       7.281324 [THz] =     242.878827 [cm-1]
 **************************************************************************

     Using the point group D_6h(6/mmm) to classify the modes
     there are 12 classes
     the character table:

       E     2C6   2C3   C2    3C2'  3C2'' i     2S3   2S6   s_h   3s_d  3s_v 
A_1g   1.00  1.00  1.00  1.00  1.00  1.00  1.00  1.00  1.00  1.00  1.00  1.00
A_2g   1.00  1.00  1.00  1.00 -1.00 -1.00  1.00  1.00  1.00  1.00 -1.00 -1.00
B_1g   1.00 -1.00  1.00 -1.00  1.00 -1.00  1.00 -1.00  1.00 -1.00  1.00 -1.00
B_2g   1.00 -1.00  1.00 -1.00 -1.00  1.00  1.00 -1.00  1.00 -1.00 -1.00  1.00
E_1g   2.00  1.00 -1.00 -2.00  0.00  0.00  2.00  1.00 -1.00 -2.00  0.00  0.00
E_2g   2.00 -1.00 -1.00  2.00  0.00  0.00  2.00 -1.00 -1.00  2.00  0.00  0.00
A_1u   1.00  1.00  1.00  1.00  1.00  1.00 -1.00 -1.00 -1.00 -1.00 -1.00 -1.00
A_2u   1.00  1.00  1.00  1.00 -1.00 -1.00 -1.00 -1.00 -1.00 -1.00  1.00  1.00
B_1u   1.00 -1.00  1.00 -1.00  1.00 -1.00 -1.00  1.00 -1.00  1.00 -1.00  1.00
B_2u   1.00 -1.00  1.00 -1.00 -1.00  1.00 -1.00  1.00 -1.00  1.00  1.00 -1.00
E_1u   2.00  1.00 -1.00 -2.00  0.00  0.00 -2.00 -1.00  1.00  2.00  0.00  0.00
E_2u   2.00 -1.00 -1.00  2.00  0.00  0.00 -2.00  1.00  1.00 -2.00  0.00  0.00

     the symmetry operations in each class and the name of the first element:

     E        1
          identity                                               
     2C6      5    6
           60 deg rotation - cryst. axis [0,0,1]                 
     2C3      7    8
          120 deg rotation - cryst. axis [0,0,1]                 
     C2       2
          180 deg rotation - cart. axis [0,0,1]                  
     3C2'     4   12   11
          180 deg rotation - cart. axis [1,0,0]                  
     3C2''    3    9   10
          180 deg rotation - cart. axis [0,1,0]                  
     i       13
          inversion                                              
     2S3     17   18
          inv.  60 deg rotation - cryst. axis [0,0,1]            
     2S6     19   20
          inv. 120 deg rotation - cryst. axis [0,0,1]            
     s_h     14
          inv. 180 deg rotation - cart. axis [0,0,1]             
     3s_d    16   24   23
          inv. 180 deg rotation - cart. axis [1,0,0]             
     3s_v    15   21   22
          inv. 180 deg rotation - cart. axis [0,1,0]             

     Mode symmetry, D_6h(6/mmm) point group:

     freq (   1-   2) =         -9.5  [cm-1]   --> E_1u            I  
     freq (   3-   3) =         -8.9  [cm-1]   --> A_2u            I  
     freq (   4-   5) =        141.0  [cm-1]   --> E_2g            R  
     freq (   6-   6) =        242.9  [cm-1]   --> B_1g               

     THERMO_PW    :   3m39.06s CPU   3m44.30s WALL


   This run was terminated on:   8: 6:55  24Jan2024            

=------------------------------------------------------------------------------=
   JOB DONE.
=------------------------------------------------------------------------------=
