
     Program THERMO_PW v.7.2 starts on 24Jan2024 at  8: 1:49 

     This program is part of the open-source Quantum ESPRESSO suite
     for quantum simulation of materials; please cite
         "P. Giannozzi et al., J. Phys.:Condens. Matter 21 395502 (2009);
         "P. Giannozzi et al., J. Phys.:Condens. Matter 29 465901 (2017);
         "P. Giannozzi et al., J. Chem. Phys. 152 154105 (2020);
          URL http://www.quantum-espresso.org", 
     in publications or presentations arising from this work. More details at
     http://www.quantum-espresso.org/quote

     Parallel version (MPI), running on    20 processors

     MPI processes distributed on     1 nodes
     K-points division:     npool     =       4
     R & G space division:  proc/nbgrp/npool/nimage =       5
     315888 MiB available memory on the printing compute node when the environment starts

     Reading input from _temporary_1
     file Sc.pz-spn-kjpaw_psl.1.0.0.UPF: wavefunction(s)  3S 3P 3D renormalized

   Info: using nr1, nr2, nr3 values from input


     Doing a phonon calculation

     FFT mesh: (   36,   36,   54 )

     Bravais lattice:

     ibrav=  4: hexagonal
     Cell parameters:

     alat=   6.093687 a.u., c/a=   1.546365


     Starting primitive lattice vectors:
     crystal axes: (cart. coord. in units of alat)

               a(1) = (   1.000000   0.000000   0.000000 )  
               a(2) = (  -0.500000   0.866025   0.000000 )  
               a(3) = (   0.000000   0.000000   1.546365 )  

     Starting reciprocal lattice vectors:
     reciprocal axes: (cart. coord. in units 2 pi/alat)

               b(1) = (  1.000000  0.577350 -0.000000 )  
               b(2) = (  0.000000  1.154701  0.000000 )  
               b(3) = (  0.000000 -0.000000  0.646678 )  

     Starting atomic positions in Cartesian axes:

     site n.     atom                  positions (alat units)
         1           Sc  tau(   1) = (   0.0000000   0.0000000   0.0000000  )
         2           Sc  tau(   2) = (   0.5000000   0.2886751   0.7731825  )

     Starting atomic positions in crystallographic axes:

     site n.     atom                  positions (cryst. coord.)
         1           Sc  tau(   1) = (  0.0000000  0.0000000  0.0000000  )
         2           Sc  tau(   2) = (  0.6666667  0.3333333  0.5000000  )

     The point group 111 D_6h(6/mmm) is compatible with the Bravais lattice.

     The rotation matrices with the order used inside thermo_pw are:

     24 Sym. Ops., with inversion, found (12 have fractional translation)


                          s                  frac. trans.

      isym =  1     identity                                     

 cryst.   s( 1) = (  1    0    0   )
                  (  0    1    0   )
                  (  0    0    1   )

 cart.    s( 1) = (  1.000  0.000  0.000 )
                  (  0.000  1.000  0.000 )
                  (  0.000  0.000  1.000 )


      isym =  2     180 deg rotation - cart. axis [0,0,1]        

 cryst.   s( 2) = ( -1      0      0     )    f =(   0.3333 )
                  (  0     -1      0     )       (  -0.3333 )
                  (  0      0      1     )       (  -0.5000 )

 cart.    s( 2) = ( -1.000  0.000  0.000 )    f =(   0.5000 )
                  (  0.000 -1.000  0.000 )       (  -0.2887 )
                  (  0.000  0.000  1.000 )       (  -0.7732 )


      isym =  3     180 deg rotation - cart. axis [0,1,0]        

 cryst.   s( 3) = ( -1    0    0   )
                  (  1    1    0   )
                  (  0    0   -1   )

 cart.    s( 3) = ( -1.000  0.000  0.000 )
                  (  0.000  1.000  0.000 )
                  (  0.000  0.000 -1.000 )


      isym =  4     180 deg rotation - cart. axis [1,0,0]        

 cryst.   s( 4) = (  1      0      0     )    f =(   0.3333 )
                  ( -1     -1      0     )       (  -0.3333 )
                  (  0      0     -1     )       (   0.5000 )

 cart.    s( 4) = (  1.000  0.000  0.000 )    f =(   0.5000 )
                  (  0.000 -1.000  0.000 )       (  -0.2887 )
                  (  0.000  0.000 -1.000 )       (   0.7732 )


      isym =  5      60 deg rotation - cryst. axis [0,0,1]       

 cryst.   s( 5) = (  1      1      0     )    f =(   0.3333 )
                  ( -1      0      0     )       (  -0.3333 )
                  (  0      0      1     )       (  -0.5000 )

 cart.    s( 5) = (  0.500 -0.866  0.000 )    f =(   0.5000 )
                  (  0.866  0.500  0.000 )       (  -0.2887 )
                  (  0.000  0.000  1.000 )       (  -0.7732 )


      isym =  6      60 deg rotation - cryst. axis [0,0,-1]      

 cryst.   s( 6) = (  0     -1      0     )    f =(   0.3333 )
                  (  1      1      0     )       (  -0.3333 )
                  (  0      0      1     )       (  -0.5000 )

 cart.    s( 6) = (  0.500  0.866  0.000 )    f =(   0.5000 )
                  ( -0.866  0.500  0.000 )       (  -0.2887 )
                  (  0.000  0.000  1.000 )       (  -0.7732 )


      isym =  7     120 deg rotation - cryst. axis [0,0,1]       

 cryst.   s( 7) = (  0    1    0   )
                  ( -1   -1    0   )
                  (  0    0    1   )

 cart.    s( 7) = ( -0.500 -0.866  0.000 )
                  (  0.866 -0.500  0.000 )
                  (  0.000  0.000  1.000 )


      isym =  8     120 deg rotation - cryst. axis [0,0,-1]      

 cryst.   s( 8) = ( -1   -1    0   )
                  (  1    0    0   )
                  (  0    0    1   )

 cart.    s( 8) = ( -0.500  0.866  0.000 )
                  ( -0.866 -0.500  0.000 )
                  (  0.000  0.000  1.000 )


      isym =  9     180 deg rotation - cryst. axis [1,-1,0]      

 cryst.   s( 9) = (  0   -1    0   )
                  ( -1    0    0   )
                  (  0    0   -1   )

 cart.    s( 9) = (  0.500 -0.866  0.000 )
                  ( -0.866 -0.500  0.000 )
                  (  0.000  0.000 -1.000 )


      isym = 10     180 deg rotation - cryst. axis [2,1,0]       

 cryst.   s(10) = (  1    1    0   )
                  (  0   -1    0   )
                  (  0    0   -1   )

 cart.    s(10) = (  0.500  0.866  0.000 )
                  (  0.866 -0.500  0.000 )
                  (  0.000  0.000 -1.000 )


      isym = 11     180 deg rotation - cryst. axis [0,1,0]       

 cryst.   s(11) = ( -1     -1      0     )    f =(   0.3333 )
                  (  0      1      0     )       (  -0.3333 )
                  (  0      0     -1     )       (   0.5000 )

 cart.    s(11) = ( -0.500 -0.866  0.000 )    f =(   0.5000 )
                  ( -0.866  0.500  0.000 )       (  -0.2887 )
                  (  0.000  0.000 -1.000 )       (   0.7732 )


      isym = 12     180 deg rotation - cryst. axis [1,1,0]       

 cryst.   s(12) = (  0      1      0     )    f =(   0.3333 )
                  (  1      0      0     )       (  -0.3333 )
                  (  0      0     -1     )       (   0.5000 )

 cart.    s(12) = ( -0.500  0.866  0.000 )    f =(   0.5000 )
                  (  0.866  0.500  0.000 )       (  -0.2887 )
                  (  0.000  0.000 -1.000 )       (   0.7732 )


      isym = 13     inversion                                    

 cryst.   s(13) = ( -1      0      0     )    f =(   0.3333 )
                  (  0     -1      0     )       (  -0.3333 )
                  (  0      0     -1     )       (   0.5000 )

 cart.    s(13) = ( -1.000  0.000  0.000 )    f =(   0.5000 )
                  (  0.000 -1.000  0.000 )       (  -0.2887 )
                  (  0.000  0.000 -1.000 )       (   0.7732 )


      isym = 14     inv. 180 deg rotation - cart. axis [0,0,1]   

 cryst.   s(14) = (  1    0    0   )
                  (  0    1    0   )
                  (  0    0   -1   )

 cart.    s(14) = (  1.000  0.000  0.000 )
                  (  0.000  1.000  0.000 )
                  (  0.000  0.000 -1.000 )


      isym = 15     inv. 180 deg rotation - cart. axis [0,1,0]   

 cryst.   s(15) = (  1      0      0     )    f =(   0.3333 )
                  ( -1     -1      0     )       (  -0.3333 )
                  (  0      0      1     )       (  -0.5000 )

 cart.    s(15) = (  1.000  0.000  0.000 )    f =(   0.5000 )
                  (  0.000 -1.000  0.000 )       (  -0.2887 )
                  (  0.000  0.000  1.000 )       (  -0.7732 )


      isym = 16     inv. 180 deg rotation - cart. axis [1,0,0]   

 cryst.   s(16) = ( -1    0    0   )
                  (  1    1    0   )
                  (  0    0    1   )

 cart.    s(16) = ( -1.000  0.000  0.000 )
                  (  0.000  1.000  0.000 )
                  (  0.000  0.000  1.000 )


      isym = 17     inv.  60 deg rotation - cryst. axis [0,0,1]  

 cryst.   s(17) = ( -1   -1    0   )
                  (  1    0    0   )
                  (  0    0   -1   )

 cart.    s(17) = ( -0.500  0.866  0.000 )
                  ( -0.866 -0.500  0.000 )
                  (  0.000  0.000 -1.000 )


      isym = 18     inv.  60 deg rotation - cryst. axis [0,0,-1] 

 cryst.   s(18) = (  0    1    0   )
                  ( -1   -1    0   )
                  (  0    0   -1   )

 cart.    s(18) = ( -0.500 -0.866  0.000 )
                  (  0.866 -0.500  0.000 )
                  (  0.000  0.000 -1.000 )


      isym = 19     inv. 120 deg rotation - cryst. axis [0,0,1]  

 cryst.   s(19) = (  0     -1      0     )    f =(   0.3333 )
                  (  1      1      0     )       (  -0.3333 )
                  (  0      0     -1     )       (   0.5000 )

 cart.    s(19) = (  0.500  0.866  0.000 )    f =(   0.5000 )
                  ( -0.866  0.500  0.000 )       (  -0.2887 )
                  (  0.000  0.000 -1.000 )       (   0.7732 )


      isym = 20     inv. 120 deg rotation - cryst. axis [0,0,-1] 

 cryst.   s(20) = (  1      1      0     )    f =(   0.3333 )
                  ( -1      0      0     )       (  -0.3333 )
                  (  0      0     -1     )       (   0.5000 )

 cart.    s(20) = (  0.500 -0.866  0.000 )    f =(   0.5000 )
                  (  0.866  0.500  0.000 )       (  -0.2887 )
                  (  0.000  0.000 -1.000 )       (   0.7732 )


      isym = 21     inv. 180 deg rotation - cryst. axis [1,-1,0] 

 cryst.   s(21) = (  0      1      0     )    f =(   0.3333 )
                  (  1      0      0     )       (  -0.3333 )
                  (  0      0      1     )       (  -0.5000 )

 cart.    s(21) = ( -0.500  0.866  0.000 )    f =(   0.5000 )
                  (  0.866  0.500  0.000 )       (  -0.2887 )
                  (  0.000  0.000  1.000 )       (  -0.7732 )


      isym = 22     inv. 180 deg rotation - cryst. axis [2,1,0]  

 cryst.   s(22) = ( -1     -1      0     )    f =(   0.3333 )
                  (  0      1      0     )       (  -0.3333 )
                  (  0      0      1     )       (  -0.5000 )

 cart.    s(22) = ( -0.500 -0.866  0.000 )    f =(   0.5000 )
                  ( -0.866  0.500  0.000 )       (  -0.2887 )
                  (  0.000  0.000  1.000 )       (  -0.7732 )


      isym = 23     inv. 180 deg rotation - cryst. axis [0,1,0]  

 cryst.   s(23) = (  1    1    0   )
                  (  0   -1    0   )
                  (  0    0    1   )

 cart.    s(23) = (  0.500  0.866  0.000 )
                  (  0.866 -0.500  0.000 )
                  (  0.000  0.000  1.000 )


      isym = 24     inv. 180 deg rotation - cryst. axis [1,1,0]  

 cryst.   s(24) = (  0   -1    0   )
                  ( -1    0    0   )
                  (  0    0    1   )

 cart.    s(24) = (  0.500 -0.866  0.000 )
                  ( -0.866 -0.500  0.000 )
                  (  0.000  0.000  1.000 )


     point group D_6h(6/mmm)
     there are 12 classes
     the character table:

       E     2C6   2C3   C2    3C2'  3C2'' i     2S3   2S6   s_h   3s_d  3s_v 
A_1g   1.00  1.00  1.00  1.00  1.00  1.00  1.00  1.00  1.00  1.00  1.00  1.00
A_2g   1.00  1.00  1.00  1.00 -1.00 -1.00  1.00  1.00  1.00  1.00 -1.00 -1.00
B_1g   1.00 -1.00  1.00 -1.00  1.00 -1.00  1.00 -1.00  1.00 -1.00  1.00 -1.00
B_2g   1.00 -1.00  1.00 -1.00 -1.00  1.00  1.00 -1.00  1.00 -1.00 -1.00  1.00
E_1g   2.00  1.00 -1.00 -2.00  0.00  0.00  2.00  1.00 -1.00 -2.00  0.00  0.00
E_2g   2.00 -1.00 -1.00  2.00  0.00  0.00  2.00 -1.00 -1.00  2.00  0.00  0.00
A_1u   1.00  1.00  1.00  1.00  1.00  1.00 -1.00 -1.00 -1.00 -1.00 -1.00 -1.00
A_2u   1.00  1.00  1.00  1.00 -1.00 -1.00 -1.00 -1.00 -1.00 -1.00  1.00  1.00
B_1u   1.00 -1.00  1.00 -1.00  1.00 -1.00 -1.00  1.00 -1.00  1.00 -1.00  1.00
B_2u   1.00 -1.00  1.00 -1.00 -1.00  1.00 -1.00  1.00 -1.00  1.00  1.00 -1.00
E_1u   2.00  1.00 -1.00 -2.00  0.00  0.00 -2.00 -1.00  1.00  2.00  0.00  0.00
E_2u   2.00 -1.00 -1.00  2.00  0.00  0.00 -2.00  1.00  1.00 -2.00  0.00  0.00

     the symmetry operations in each class and the name of the first element:

     E        1
          identity                                               
     2C6      5    6
           60 deg rotation - cryst. axis [0,0,1]                 
     2C3      7    8
          120 deg rotation - cryst. axis [0,0,1]                 
     C2       2
          180 deg rotation - cart. axis [0,0,1]                  
     3C2'     4   12   11
          180 deg rotation - cart. axis [1,0,0]                  
     3C2''    3    9   10
          180 deg rotation - cart. axis [0,1,0]                  
     i       13
          inversion                                              
     2S3     17   18
          inv.  60 deg rotation - cryst. axis [0,0,1]            
     2S6     19   20
          inv. 120 deg rotation - cryst. axis [0,0,1]            
     s_h     14
          inv. 180 deg rotation - cart. axis [0,0,1]             
     3s_d    16   24   23
          inv. 180 deg rotation - cart. axis [1,0,0]             
     3s_v    15   21   22
          inv. 180 deg rotation - cart. axis [0,1,0]             

     Space group identification,  24 symmetries:

     Bravais lattice   4  hexagonal                               
     Point group number  23 / 111  D_6h(6/mmm)

     The coset representatives of the space group with
     the standard order of operations are:

     Fractional translations in crystal coordinates

      PGS    Fract. transl. (all)          Fract. transl. (no shift)   SGS

        E   1 -0.0000 -0.0000 -0.0000      0.0000  0.0000  0.0000         E   1
       6z  25 -0.3333  0.3333  0.5000      0.0000  0.0000  0.5000       6z3 110
       3z  27 -0.0000 -0.0000 -0.0000      0.0000  0.0000  0.0000        3z  27
       2z   2 -0.3333  0.3333  0.5000      0.0000  0.0000  0.5000       2z1  65
      3-z  28 -0.0000 -0.0000 -0.0000     -0.0000  0.0000  0.0000       3-z  28
      6-z  26 -0.3333  0.3333  0.5000     -0.0000  0.0000  0.5000      6-z3 115
       2x   4 -0.3333  0.3333 -0.5000     -0.5000 -0.0000  0.0000       2x1  67
     2210  30 -0.0000 -0.0000 -0.0000      0.0000  0.0000  0.0000      2210  30
     2110  32 -0.3333  0.3333 -0.5000      0.0000  0.0000  0.0000      2110  32
       2y   3 -0.0000 -0.0000 -0.0000      0.0000  0.0000  0.0000        2y   3
     2010  31 -0.3333  0.3333 -0.5000      0.0000  0.5000  0.0000     20101 124
    21-10  29 -0.0000 -0.0000 -0.0000      0.0000  0.0000  0.0000     21-10  29
        i  33 -0.3333  0.3333 -0.5000      0.0000  0.0000  0.0000         i  33
      i6z  57 -0.0000 -0.0000 -0.0000      0.0000  0.0000  0.0000       i6z  57
      i3z  59 -0.3333  0.3333 -0.5000      0.0000  0.0000  0.0000       i3z  59
      i2z  34 -0.0000 -0.0000 -0.0000      0.0000  0.0000  0.0000       i2z  34
     i3-z  60 -0.3333  0.3333 -0.5000      0.0000  0.0000  0.0000      i3-z  60
     i6-z  58 -0.0000 -0.0000 -0.0000      0.0000  0.0000  0.0000      i6-z  58
      i2x  36 -0.0000 -0.0000 -0.0000      0.0000  0.0000  0.0000       i2x  36
    i2210  62 -0.3333  0.3333  0.5000     -0.0000  0.5000  0.5000    i2210n 167
    i2110  64 -0.0000 -0.0000 -0.0000      0.0000  0.0000  0.0000     i2110  64
      i2y  35 -0.3333  0.3333  0.5000     -0.5000  0.0000  0.5000      i2yn 132
    i2010  63 -0.0000 -0.0000 -0.0000      0.0000  0.0000  0.0000     i2010  63
   i21-10  61 -0.3333  0.3333  0.5000      0.0000 -0.0000  0.5000   i21-10c 163

     PGS = Point group symmetry, SGS = space group symmetry 
     (no shift) means the part of the fractional translation
     that cannot be removed by an origin shift

     Fractional translation shift and origin shift in crystal coordinates

      PGS      FT shift                    &Origin shift                 SGS

        E   1 -0.0000 -0.0000 -0.0000      0.0000  0.0000  0.0000         E   1
       6z  25 -0.3333  0.3333  0.0000     -0.6667 -0.3333  0.0000       6z3 110
       3z  27  0.0000  0.0000  0.0000      0.0000  0.0000  0.0000        3z  27
       2z   2 -0.3333  0.3333  0.0000     -0.1667  0.1667  0.0000       2z1  65
      3-z  28  0.0000  0.0000  0.0000      0.0000  0.0000  0.0000       3-z  28
      6-z  26 -0.3333  0.3333  0.0000      0.3333  0.6667  0.0000      6-z3 115
       2x   4  0.1667  0.3333 -0.5000      0.0833  0.1667 -0.2500       2x1  67
     2210  30  0.0000  0.0000  0.0000      0.0000  0.0000  0.0000      2210  30
     2110  32 -0.3333  0.3333 -0.5000     -0.1667  0.1667 -0.2500      2110  32
       2y   3  0.0000  0.0000  0.0000      0.0000  0.0000  0.0000        2y   3
     2010  31 -0.3333 -0.1667 -0.5000     -0.1667 -0.0833 -0.2500     20101 124
    21-10  29  0.0000  0.0000  0.0000      0.0000  0.0000  0.0000     21-10  29
        i  33 -0.3333  0.3333 -0.5000     -0.1667  0.1667 -0.2500         i  33
      i6z  57 -0.0000 -0.0000 -0.0000      0.0000  0.0000  0.0000       i6z  57
      i3z  59 -0.3333  0.3333 -0.5000      0.3333  0.6667 -0.2500       i3z  59
      i2z  34  0.0000  0.0000  0.0000      0.0000  0.0000  0.0000       i2z  34
     i3-z  60 -0.3333  0.3333 -0.5000     -0.6667 -0.3333 -0.2500      i3-z  60
     i6-z  58 -0.0000 -0.0000 -0.0000      0.0000  0.0000  0.0000      i6-z  58
      i2x  36  0.0000  0.0000  0.0000      0.0000  0.0000  0.0000       i2x  36
    i2210  62 -0.3333 -0.1667  0.0000     -0.1667 -0.0833  0.0000    i2210n 167
    i2110  64  0.0000  0.0000  0.0000      0.0000  0.0000  0.0000     i2110  64
      i2y  35  0.1667  0.3333  0.0000      0.0833  0.1667  0.0000      i2yn 132
    i2010  63  0.0000  0.0000  0.0000      0.0000  0.0000  0.0000     i2010  63
   i21-10  61 -0.3333  0.3333  0.0000     -0.1667  0.1667  0.0000   i21-10c 163


     The origin shift gives the point of application of the symmetry
     Subtract this vector from all atomic coordinates
     to have this symmetry centered at the origin


     Space group number  194

     Space group P6_3/mmc   (group number 194).
     The origin coincides with the ITA tables.

     The Laue class is D_6h(6/mmm)

     ----------------------------------------------------------------------
     Ions are relaxed in each calculation
     ----------------------------------------------------------------------

     Total mass of this unit cell         89.1920 a.m.u.
     Density of this solid                3298.29 kg/m^3         3.2983 g/cm^3

  ++++++++++++++++++++++++++++++++++++++++++++++++++++++++++++++++++++++++++++
     Doing a self-consistent calculation
  ++++++++++++++++++++++++++++++++++++++++++++++++++++++++++++++++++++++++++++


     Current dimensions of program PWSCF are:
     Max number of different atomic species (ntypx) = 10
     Max number of k-points (npk) = 120000
     Max angular momentum in pseudopotentials (lmaxx) =  4

     WARNING: check_stop already initialized

     K-points division:     npool     =       4
     R & G space division:  proc/nbgrp/npool/nimage =       5
     Subspace diagonalization in iterative solution of the eigenvalue problem:
     a serial algorithm will be used


     Parallelization info
     --------------------
     sticks:   dense  smooth     PW     G-vecs:    dense   smooth      PW
     Min         164     144     42                 5857     4796     814
     Max         165     145     43                 5859     4801     819
     Sum         823     721    211                29291    23991    4077

     Using Slab Decomposition



     bravais-lattice index     =            4
     lattice parameter (alat)  =       6.0937  a.u.
     unit-cell volume          =     303.0282 (a.u.)^3
     number of atoms/cell      =            2
     number of atomic types    =            1
     number of electrons       =        22.00
     number of Kohn-Sham states=           15
     kinetic-energy cutoff     =      70.0000  Ry
     charge density cutoff     =     320.0000  Ry
     scf convergence threshold =      1.0E-10
     mixing beta               =       0.7000
     number of iterations used =            8  plain     mixing
     Exchange-correlation= SLA  PZ   NOGX NOGC
                           (   1   1   0   0   0   0   0)

     celldm(1)=   6.093687  celldm(2)=   0.000000  celldm(3)=   1.546365
     celldm(4)=   0.000000  celldm(5)=   0.000000  celldm(6)=   0.000000

     crystal axes: (cart. coord. in units of alat)
               a(1) = (   1.000000   0.000000   0.000000 )  
               a(2) = (  -0.500000   0.866025   0.000000 )  
               a(3) = (   0.000000   0.000000   1.546365 )  

     reciprocal axes: (cart. coord. in units 2 pi/alat)
               b(1) = (  1.000000  0.577350 -0.000000 )  
               b(2) = (  0.000000  1.154701  0.000000 )  
               b(3) = (  0.000000 -0.000000  0.646678 )  


     PseudoPot. # 1 for Sc read from file:
     /home/atan/sissa_es02/Sc.pz-spn-kjpaw_psl.1.0.0.UPF
     MD5 check sum: 1f9095df0bb42a6568b4e9f256ff075f
     Pseudo is Projector augmented-wave + core cor, Zval = 11.0
     Generated using 'atomic' code by A. Dal Corso  v.7.1
     Shape of augmentation charge: PSQ
     Using radial grid of 1173 points,  6 beta functions with: 
                l(1) =   0
                l(2) =   0
                l(3) =   1
                l(4) =   1
                l(5) =   2
                l(6) =   2
     Q(r) pseudized with 0 coefficients 


     atomic species   valence    mass     pseudopotential
        Sc            11.00    44.59600     Sc( 1.00)

     24 Sym. Ops., with inversion, found (12 have fractional translation)



   Cartesian axes

     site n.     atom                  positions (alat units)
         1           Sc  tau(   1) = (   0.0000000   0.0000000   0.0000000  )
         2           Sc  tau(   2) = (   0.5000000   0.2886751   0.7731825  )

     number of k points=    24  Marzari-Vanderbilt smearing, width (Ry)=  0.0200
                       cart. coord. in units 2pi/alat
        k(    1) = (   0.0833333   0.1443376   0.0808347), wk =   0.0555556
        k(    2) = (   0.0833333   0.1443376   0.2425042), wk =   0.0555556
        k(    3) = (   0.0833333   0.3367877   0.0808347), wk =   0.1111111
        k(    4) = (   0.0833333   0.3367877   0.2425042), wk =   0.1111111
        k(    5) = (   0.0833333   0.5292377   0.0808347), wk =   0.1111111
        k(    6) = (   0.0833333   0.5292377   0.2425042), wk =   0.1111111
        k(    7) = (   0.0833333  -0.4330127   0.0808347), wk =   0.1111111
        k(    8) = (   0.0833333  -0.4330127   0.2425042), wk =   0.1111111
        k(    9) = (   0.0833333  -0.2405626   0.0808347), wk =   0.1111111
        k(   10) = (   0.0833333  -0.2405626   0.2425042), wk =   0.1111111
        k(   11) = (   0.0833333  -0.0481125   0.0808347), wk =   0.0555556
        k(   12) = (   0.0833333  -0.0481125   0.2425042), wk =   0.0555556
        k(   13) = (   0.2500000   0.4330127   0.0808347), wk =   0.0555556
        k(   14) = (   0.2500000   0.4330127   0.2425042), wk =   0.0555556
        k(   15) = (   0.2500000   0.6254628   0.0808347), wk =   0.1111111
        k(   16) = (   0.2500000   0.6254628   0.2425042), wk =   0.1111111
        k(   17) = (   0.2500000  -0.3367877   0.0808347), wk =   0.1111111
        k(   18) = (   0.2500000  -0.3367877   0.2425042), wk =   0.1111111
        k(   19) = (   0.2500000  -0.1443376   0.0808347), wk =   0.0555556
        k(   20) = (   0.2500000  -0.1443376   0.2425042), wk =   0.0555556
        k(   21) = (   0.4166667   0.7216878   0.0808347), wk =   0.0555556
        k(   22) = (   0.4166667   0.7216878   0.2425042), wk =   0.0555556
        k(   23) = (   0.4166667  -0.2405626   0.0808347), wk =   0.0555556
        k(   24) = (   0.4166667  -0.2405626   0.2425042), wk =   0.0555556

     Dense  grid:    29291 G-vectors     FFT dimensions: (  36,  36,  54)

     Smooth grid:    23991 G-vectors     FFT dimensions: (  36,  36,  54)

     Estimated max dynamical RAM per process >      10.40 MB

     Estimated total dynamical RAM >     186.50 MB

     Check: negative core charge=   -0.000016

     Initial potential from superposition of free atoms

     starting charge      21.9956, renormalised to      22.0000
     Starting wfcs are   20 randomized atomic wfcs
     Checking if some PAW data can be deallocated... 

     total cpu time spent up to now is        0.6 secs

     Self-consistent Calculation

     iteration #  1     ecut=    70.00 Ry     beta= 0.70
     Davidson diagonalization with overlap
     ethr =  1.00E-02,  avg # of iterations =  2.3

     Threshold (ethr) on eigenvalues was too large:
     Diagonalizing with lowered threshold

     Davidson diagonalization with overlap
     c_bands:  2 eigenvalues not converged
     c_bands:  2 eigenvalues not converged
     c_bands:  4 eigenvalues not converged
     ethr =  1.42E-05,  avg # of iterations = 17.9

     total cpu time spent up to now is        2.0 secs

     total energy              =    -306.87392913 Ry
     estimated scf accuracy    <       0.01685758 Ry

     iteration #  2     ecut=    70.00 Ry     beta= 0.70
     Davidson diagonalization with overlap
     ethr =  7.66E-05,  avg # of iterations =  4.5

     total cpu time spent up to now is        2.4 secs

     total energy              =    -306.87795433 Ry
     estimated scf accuracy    <       0.00117470 Ry

     iteration #  3     ecut=    70.00 Ry     beta= 0.70
     Davidson diagonalization with overlap
     ethr =  5.34E-06,  avg # of iterations =  8.8

     total cpu time spent up to now is        2.9 secs

     total energy              =    -306.87875298 Ry
     estimated scf accuracy    <       0.00020003 Ry

     iteration #  4     ecut=    70.00 Ry     beta= 0.70
     Davidson diagonalization with overlap
     ethr =  9.09E-07,  avg # of iterations =  8.4

     total cpu time spent up to now is        3.3 secs

     total energy              =    -306.87889087 Ry
     estimated scf accuracy    <       0.00007979 Ry

     iteration #  5     ecut=    70.00 Ry     beta= 0.70
     Davidson diagonalization with overlap
     ethr =  3.63E-07,  avg # of iterations =  7.5

     total cpu time spent up to now is        3.7 secs

     total energy              =    -306.87893224 Ry
     estimated scf accuracy    <       0.00000853 Ry

     iteration #  6     ecut=    70.00 Ry     beta= 0.70
     Davidson diagonalization with overlap
     ethr =  3.88E-08,  avg # of iterations =  7.8

     total cpu time spent up to now is        4.1 secs

     total energy              =    -306.87893605 Ry
     estimated scf accuracy    <       0.00000377 Ry

     iteration #  7     ecut=    70.00 Ry     beta= 0.70
     Davidson diagonalization with overlap
     ethr =  1.72E-08,  avg # of iterations =  6.5

     total cpu time spent up to now is        4.5 secs

     total energy              =    -306.87893786 Ry
     estimated scf accuracy    <       0.00000003 Ry

     iteration #  8     ecut=    70.00 Ry     beta= 0.70
     Davidson diagonalization with overlap
     c_bands:  1 eigenvalues not converged
     c_bands:  1 eigenvalues not converged
     c_bands:  3 eigenvalues not converged
     c_bands:  2 eigenvalues not converged
     ethr =  1.18E-10,  avg # of iterations = 19.4

     total cpu time spent up to now is        5.6 secs

     total energy              =    -306.87893836 Ry
     estimated scf accuracy    <          9.0E-09 Ry

     iteration #  9     ecut=    70.00 Ry     beta= 0.70
     Davidson diagonalization with overlap
     ethr =  4.10E-11,  avg # of iterations =  6.8

     total cpu time spent up to now is        5.9 secs

     total energy              =    -306.87893837 Ry
     estimated scf accuracy    <          5.5E-10 Ry

     iteration # 10     ecut=    70.00 Ry     beta= 0.70
     Davidson diagonalization with overlap
     ethr =  2.51E-12,  avg # of iterations = 11.6

     total cpu time spent up to now is        6.6 secs

     total energy              =    -306.87893837 Ry
     estimated scf accuracy    <          1.8E-09 Ry

     iteration # 11     ecut=    70.00 Ry     beta= 0.70
     Davidson diagonalization with overlap
     ethr =  2.51E-12,  avg # of iterations =  1.2

     total cpu time spent up to now is        6.8 secs

     total energy              =    -306.87893837 Ry
     estimated scf accuracy    <          1.4E-09 Ry

     iteration # 12     ecut=    70.00 Ry     beta= 0.70
     Davidson diagonalization with overlap
     ethr =  2.51E-12,  avg # of iterations =  6.8

     total cpu time spent up to now is        7.2 secs

     End of self-consistent calculation

          k = 0.0833 0.1443 0.0808 (  2980 PWs)   bands (ev):

   -38.5955 -38.5000 -17.7666 -17.3902 -17.3634 -17.3155 -17.2528 -17.2284
     5.4246   8.5860  10.4463  11.0827  11.9257  11.9518  11.9865

          k = 0.0833 0.1443 0.2425 (  2987 PWs)   bands (ev):

   -38.5677 -38.5282 -17.6368 -17.4516 -17.3471 -17.3260 -17.2825 -17.2808
     6.2562   7.6051  10.4954  11.1027  11.4064  11.6981  11.8144

          k = 0.0833 0.3368 0.0808 (  2997 PWs)   bands (ev):

   -38.5585 -38.4911 -17.6858 -17.5402 -17.4907 -17.4037 -17.2890 -17.2741
     6.8061   9.3185   9.6984  10.2388  11.4614  11.7355  11.8596

          k = 0.0833 0.3368 0.2425 (  3000 PWs)   bands (ev):

   -38.5388 -38.5109 -17.6795 -17.5997 -17.4095 -17.3759 -17.3271 -17.2933
     7.4320   8.4702  10.0568  10.4418  11.1649  11.4662  12.1159

          k = 0.0833 0.5292 0.0808 (  3010 PWs)   bands (ev):

   -38.5251 -38.4907 -17.7097 -17.6024 -17.5285 -17.4489 -17.3502 -17.3065
     8.3331   9.0222   9.4384   9.7990  11.3838  11.5178  12.0526

          k = 0.0833 0.5292 0.2425 (  2990 PWs)   bands (ev):

   -38.5150 -38.5007 -17.7548 -17.7061 -17.4371 -17.3748 -17.3628 -17.3076
     8.3966   8.7377   9.9710  10.1685  11.2712  11.4439  12.2469

          k = 0.0833-0.4330 0.0808 (  3010 PWs)   bands (ev):

   -38.5387 -38.4895 -17.6814 -17.5830 -17.5358 -17.4350 -17.3188 -17.2966
     7.6579   9.2387   9.5009  10.0096  11.3843  11.6351  11.8755

          k = 0.0833-0.4330 0.2425 (  2992 PWs)   bands (ev):

   -38.5243 -38.5039 -17.7235 -17.6679 -17.4262 -17.3825 -17.3479 -17.3010
     8.0426   8.6942   9.9628  10.2820  11.1954  11.4002  12.1657

          k = 0.0833-0.2406 0.0808 (  2989 PWs)   bands (ev):

   -38.5790 -38.4953 -17.7280 -17.4590 -17.4239 -17.3616 -17.2692 -17.2466
     6.0158   9.0004  10.0457  10.6284  11.6919  11.8137  12.0320

          k = 0.0833-0.2406 0.2425 (  2993 PWs)   bands (ev):

   -38.5546 -38.5199 -17.6478 -17.5192 -17.3832 -17.3526 -17.3034 -17.2867
     6.7772   8.0375  10.2338  10.7629  11.2732  11.5847  12.0185

          k = 0.0833-0.0481 0.0808 (  2973 PWs)   bands (ev):

   -38.6048 -38.5030 -17.7883 -17.3519 -17.3369 -17.2744 -17.2435 -17.2222
     5.1109   8.3329  10.7430  11.4108  11.7505  12.0343  12.1047

          k = 0.0833-0.0481 0.2425 (  2993 PWs)   bands (ev):

   -38.5752 -38.5331 -17.6358 -17.4159 -17.3203 -17.3096 -17.2741 -17.2710
     5.9724   7.3514  10.7110  11.3153  11.4906  11.6220  11.8498

          k = 0.2500 0.4330 0.0808 (  2999 PWs)   bands (ev):

   -38.5253 -38.4905 -17.6321 -17.6256 -17.4967 -17.4857 -17.3730 -17.3366
     8.3021   9.3903   9.6362   9.7376  11.1114  11.4095  12.0096

          k = 0.2500 0.4330 0.2425 (  3007 PWs)   bands (ev):

   -38.5151 -38.5007 -17.7001 -17.6729 -17.4959 -17.4410 -17.3436 -17.2935
     8.6333   9.0950   9.9838  10.1797  10.8165  10.9160  12.1637

          k = 0.2500 0.6255 0.0808 (  3006 PWs)   bands (ev):

   -38.5123 -38.4944 -17.6513 -17.5944 -17.5425 -17.4558 -17.4073 -17.3696
     8.9471   9.3782   9.4836   9.6414  11.0759  11.2006  12.2558

          k = 0.2500 0.6255 0.2425 (  2993 PWs)   bands (ev):

   -38.5070 -38.4996 -17.7004 -17.6782 -17.5389 -17.4678 -17.3306 -17.3011
     9.1033   9.2968   9.9027  10.1497  10.5848  10.7522  12.3531

          k = 0.2500-0.3368 0.0808 (  2998 PWs)   bands (ev):

   -38.5420 -38.4895 -17.6581 -17.5827 -17.5180 -17.4367 -17.3298 -17.3010
     7.5155   9.4591   9.6184   9.9312  11.2523  11.6732  11.7889

          k = 0.2500-0.3368 0.2425 (  3003 PWs)   bands (ev):

   -38.5266 -38.5049 -17.6954 -17.6442 -17.4420 -17.4053 -17.3482 -17.2901
     8.0086   8.8055  10.0427  10.2293  11.0405  11.2030  12.0913

          k = 0.2500-0.1443 0.0808 (  2992 PWs)   bands (ev):

   -38.5717 -38.4935 -17.7122 -17.5006 -17.4358 -17.3873 -17.2656 -17.2582
     6.2871   9.1145   9.8939  10.4987  11.6130  11.8783  11.8802

          k = 0.2500-0.1443 0.2425 (  2991 PWs)   bands (ev):

   -38.5489 -38.5165 -17.6601 -17.5518 -17.3981 -17.3520 -17.3015 -17.2998
     7.0033   8.1907  10.1466  10.6357  11.2548  11.5850  12.0593

          k = 0.4167 0.7217 0.0808 (  3002 PWs)   bands (ev):

   -38.5176 -38.4925 -17.6902 -17.5905 -17.5338 -17.4585 -17.3800 -17.3401
     8.7168   9.1787   9.4790   9.6706  11.2058  11.3408  12.1869

          k = 0.4167 0.7217 0.2425 (  3001 PWs)   bands (ev):

   -38.5102 -38.4998 -17.7349 -17.6947 -17.4917 -17.4223 -17.3452 -17.3007
     8.7350   9.0007  10.0363  10.1646  10.8661  11.0188  12.3753

          k = 0.4167-0.2406 0.0808 (  3015 PWs)   bands (ev):

   -38.5326 -38.4898 -17.7048 -17.5940 -17.5409 -17.4347 -17.3296 -17.2902
     7.9411   9.0519   9.4407   9.9339  11.5343  11.5586  11.9350

          k = 0.4167-0.2406 0.2425 (  2989 PWs)   bands (ev):

   -38.5201 -38.5023 -17.7494 -17.6955 -17.4008 -17.3928 -17.3329 -17.3203
     8.1607   8.6381   9.9355  10.2058  11.4439  11.6117  12.1050

     the Fermi energy is    10.0736 ev

!    total energy              =    -306.87893837 Ry
     total all-electron energy =     -3050.019709 Ry
     estimated scf accuracy    <          7.8E-11 Ry
     smearing contrib. (-TS)   =      -0.00209861 Ry
     internal energy E=F+TS    =    -306.87683976 Ry

     The total energy is F=E-TS. E is the sum of the following terms:
     one-electron contribution =     -67.48620650 Ry
     hartree contribution      =      40.09043694 Ry
     xc contribution           =     -34.67364510 Ry
     ewald contribution        =    -131.05084962 Ry
     one-center paw contrib.   =    -113.75657547 Ry

     convergence has been achieved in  12 iterations

     Writing all to output data dir ../tmp//g1/sc.save/

     %%%%%%%%%%%%%%%%%%%%%%%%%%%%%%%%%%%%%%%%
     Computing geometry     1
     %%%%%%%%%%%%%%%%%%%%%%%%%%%%%%%%%%%%%%%%

     Waiting for input...
     Reading input from standard input

     Reading xml data from directory:

     ../tmp//g1/sc.save/
     file Sc.pz-spn-kjpaw_psl.1.0.0.UPF: wavefunction(s)  3S 3P 3D renormalized

     IMPORTANT: XC functional enforced from input :
     Exchange-correlation= PZ
                           (   1   1   0   0   0   0   0)
     Any further DFT definition will be discarded
     Please, verify this is what you really want


     Parallelization info
     --------------------
     sticks:   dense  smooth     PW     G-vecs:    dense   smooth      PW
     Min         164     144     42                 5857     4796     814
     Max         165     145     43                 5859     4801     819
     Sum         823     721    211                29291    23991    4077

     Using Slab Decomposition


     Check: negative core charge=   -0.000016
     Reading collected, re-writing distributed wavefunctions

  ++++++++++++++++++++++++++++++++++++++++++++++++++++++++++++++++++++++++++++
     Doing work    1 /     1
     Doing the work of image    1 of geometry    1
      q point number     1, representations:
       0 1 2 3 4
  ++++++++++++++++++++++++++++++++++++++++++++++++++++++++++++++++++++++++++++


                          --------------------------
     Calculation of q =    0.0000000   0.0000000   0.0000000
                          --------------------------


     Parallelization info
     --------------------
     sticks:   dense  smooth     PW     G-vecs:    dense   smooth      PW
     Min         164     144     42                 5857     4796     814
     Max         165     145     43                 5859     4801     819
     Sum         823     721    211                29291    23991    4077

     Using Slab Decomposition


     Title: 
     phonons at Gamma                                                           


     bravais-lattice index     =            4
     lattice parameter (alat)  =       6.0937  a.u.
     unit-cell volume          =     303.0282 (a.u.)^3
     number of atoms/cell      =            2
     number of atomic types    =            1
     number of electrons       =        22.00
     number of Kohn-Sham states=           15
     kinetic-energy cutoff     =      70.0000  Ry
     charge density cutoff     =     320.0000  Ry
     Exchange-correlation= PZ
                           (   1   1   0   0   0   0   0)

     celldm(1)=   6.093687  celldm(2)=   0.000000  celldm(3)=   1.546365
     celldm(4)=   0.000000  celldm(5)=   0.000000  celldm(6)=   0.000000

     crystal axes: (cart. coord. in units of alat)
               a(1) = (   1.000000   0.000000   0.000000 )  
               a(2) = (  -0.500000   0.866025   0.000000 )  
               a(3) = (   0.000000   0.000000   1.546365 )  

     reciprocal axes: (cart. coord. in units 2 pi/alat)
               b(1) = (  1.000000  0.577350 -0.000000 )  
               b(2) = (  0.000000  1.154701  0.000000 )  
               b(3) = (  0.000000 -0.000000  0.646678 )  


     PseudoPot. # 1 for Sc read from file:
     /home/atan/sissa_es02/Sc.pz-spn-kjpaw_psl.1.0.0.UPF
     MD5 check sum: 1f9095df0bb42a6568b4e9f256ff075f
     Pseudo is Projector augmented-wave + core cor, Zval = 11.0
     Generated using 'atomic' code by A. Dal Corso  v.7.1
     Shape of augmentation charge: PSQ
     Using radial grid of 1173 points,  6 beta functions with: 
                l(1) =   0
                l(2) =   0
                l(3) =   1
                l(4) =   1
                l(5) =   2
                l(6) =   2
     Q(r) pseudized with 0 coefficients 


     atomic species   valence    mass     pseudopotential
        Sc            11.00    44.59600     Sc( 1.00)

     24 Sym. Ops., with inversion, found (12 have fractional translation)



   Cartesian axes

     site n.     atom                  positions (alat units)
         1           Sc  tau(   1) = (   0.0000000   0.0000000   0.0000000  )
         2           Sc  tau(   2) = (   0.5000000   0.2886751   0.7731825  )

     number of k points=    24  Marzari-Vanderbilt smearing, width (Ry)=  0.0200
                       cart. coord. in units 2pi/alat
        k(    1) = (   0.0833333   0.1443376   0.0808347), wk =   0.0555556
        k(    2) = (   0.0833333   0.1443376   0.2425042), wk =   0.0555556
        k(    3) = (   0.0833333   0.3367877   0.0808347), wk =   0.1111111
        k(    4) = (   0.0833333   0.3367877   0.2425042), wk =   0.1111111
        k(    5) = (   0.0833333   0.5292377   0.0808347), wk =   0.1111111
        k(    6) = (   0.0833333   0.5292377   0.2425042), wk =   0.1111111
        k(    7) = (   0.0833333  -0.4330127   0.0808347), wk =   0.1111111
        k(    8) = (   0.0833333  -0.4330127   0.2425042), wk =   0.1111111
        k(    9) = (   0.0833333  -0.2405626   0.0808347), wk =   0.1111111
        k(   10) = (   0.0833333  -0.2405626   0.2425042), wk =   0.1111111
        k(   11) = (   0.0833333  -0.0481125   0.0808347), wk =   0.0555556
        k(   12) = (   0.0833333  -0.0481125   0.2425042), wk =   0.0555556
        k(   13) = (   0.2500000   0.4330127   0.0808347), wk =   0.0555556
        k(   14) = (   0.2500000   0.4330127   0.2425042), wk =   0.0555556
        k(   15) = (   0.2500000   0.6254628   0.0808347), wk =   0.1111111
        k(   16) = (   0.2500000   0.6254628   0.2425042), wk =   0.1111111
        k(   17) = (   0.2500000  -0.3367877   0.0808347), wk =   0.1111111
        k(   18) = (   0.2500000  -0.3367877   0.2425042), wk =   0.1111111
        k(   19) = (   0.2500000  -0.1443376   0.0808347), wk =   0.0555556
        k(   20) = (   0.2500000  -0.1443376   0.2425042), wk =   0.0555556
        k(   21) = (   0.4166667   0.7216878   0.0808347), wk =   0.0555556
        k(   22) = (   0.4166667   0.7216878   0.2425042), wk =   0.0555556
        k(   23) = (   0.4166667  -0.2405626   0.0808347), wk =   0.0555556
        k(   24) = (   0.4166667  -0.2405626   0.2425042), wk =   0.0555556

     Dense  grid:    29291 G-vectors     FFT dimensions: (  36,  36,  54)

     Smooth grid:    23991 G-vectors     FFT dimensions: (  36,  36,  54)

     Estimated max dynamical RAM per process >       7.96 MB

     Estimated total dynamical RAM >     159.12 MB

     Check: negative core charge=   -0.000016

     The potential is recalculated from file :
     ../tmp//g1/_ph0/sc.save/charge-density

     Starting wfcs are   20 atomic wfcs
     Checking if some PAW data can be deallocated... 

     Band Structure Calculation
     Davidson diagonalization with overlap

     ethr =  4.55E-11,  avg # of iterations = 33.6

     Total points   24
     Diagonalized points   24   Symmetrized points    0

     total cpu time spent up to now is       10.1 secs

     End of band structure calculation

          k = 0.0833 0.1443 0.0808 (  2980 PWs)   bands (ev):

   -38.5955 -38.4999 -17.7666 -17.3901 -17.3633 -17.3154 -17.2528 -17.2284
     5.4246   8.5860  10.4463  11.0827  11.9257  11.9518  11.9863

          k = 0.0833 0.1443 0.2425 (  2987 PWs)   bands (ev):

   -38.5677 -38.5281 -17.6367 -17.4516 -17.3470 -17.3259 -17.2824 -17.2807
     6.2562   7.6051  10.4955  11.1027  11.4064  11.6980  11.8141

          k = 0.0833 0.3368 0.0808 (  2997 PWs)   bands (ev):

   -38.5584 -38.4910 -17.6857 -17.5402 -17.4906 -17.4036 -17.2889 -17.2741
     6.8061   9.3185   9.6984  10.2389  11.4614  11.7356  11.8596

          k = 0.0833 0.3368 0.2425 (  3000 PWs)   bands (ev):

   -38.5387 -38.5108 -17.6794 -17.5996 -17.4094 -17.3758 -17.3270 -17.2932
     7.4320   8.4702  10.0569  10.4418  11.1650  11.4662  12.1158

          k = 0.0833 0.5292 0.0808 (  3010 PWs)   bands (ev):

   -38.5250 -38.4906 -17.7096 -17.6023 -17.5284 -17.4488 -17.3501 -17.3065
     8.3331   9.0222   9.4385   9.7990  11.3839  11.5179  12.0526

          k = 0.0833 0.5292 0.2425 (  2990 PWs)   bands (ev):

   -38.5149 -38.5006 -17.7547 -17.7060 -17.4370 -17.3747 -17.3627 -17.3075
     8.3967   8.7377   9.9710  10.1686  11.2712  11.4439  12.2469

          k = 0.0833-0.4330 0.0808 (  3010 PWs)   bands (ev):

   -38.5386 -38.4894 -17.6813 -17.5829 -17.5357 -17.4350 -17.3187 -17.2965
     7.6579   9.2387   9.5010  10.0096  11.3844  11.6351  11.8755

          k = 0.0833-0.4330 0.2425 (  2992 PWs)   bands (ev):

   -38.5242 -38.5038 -17.7234 -17.6679 -17.4261 -17.3824 -17.3478 -17.3009
     8.0426   8.6942   9.9629  10.2821  11.1954  11.4003  12.1657

          k = 0.0833-0.2406 0.0808 (  2989 PWs)   bands (ev):

   -38.5789 -38.4952 -17.7279 -17.4589 -17.4238 -17.3615 -17.2692 -17.2465
     6.0158   9.0004  10.0457  10.6284  11.6919  11.8134  12.0317

          k = 0.0833-0.2406 0.2425 (  2993 PWs)   bands (ev):

   -38.5545 -38.5198 -17.6477 -17.5191 -17.3831 -17.3525 -17.3033 -17.2867
     6.7772   8.0375  10.2338  10.7629  11.2733  11.5847  12.0185

          k = 0.0833-0.0481 0.0808 (  2973 PWs)   bands (ev):

   -38.6047 -38.5029 -17.7882 -17.3518 -17.3368 -17.2743 -17.2434 -17.2221
     5.1109   8.3329  10.7430  11.4109  11.7505  12.0344  12.0995

          k = 0.0833-0.0481 0.2425 (  2993 PWs)   bands (ev):

   -38.5751 -38.5330 -17.6357 -17.4159 -17.3203 -17.3096 -17.2740 -17.2709
     5.9725   7.3514  10.7109  11.3154  11.4906  11.6220  11.7697

          k = 0.2500 0.4330 0.0808 (  2999 PWs)   bands (ev):

   -38.5252 -38.4904 -17.6320 -17.6255 -17.4966 -17.4856 -17.3730 -17.3365
     8.3021   9.3903   9.6362   9.7376  11.1115  11.4095  12.0097

          k = 0.2500 0.4330 0.2425 (  3007 PWs)   bands (ev):

   -38.5150 -38.5006 -17.7000 -17.6728 -17.4958 -17.4410 -17.3435 -17.2934
     8.6333   9.0951   9.9838  10.1797  10.8165  10.9161  12.1637

          k = 0.2500 0.6255 0.0808 (  3006 PWs)   bands (ev):

   -38.5122 -38.4943 -17.6512 -17.5943 -17.5424 -17.4557 -17.4072 -17.3695
     8.9471   9.3782   9.4836   9.6414  11.0759  11.2006  12.2558

          k = 0.2500 0.6255 0.2425 (  2993 PWs)   bands (ev):

   -38.5069 -38.4995 -17.7003 -17.6781 -17.5388 -17.4677 -17.3305 -17.3010
     9.1033   9.2969   9.9027  10.1497  10.5848  10.7522  12.3531

          k = 0.2500-0.3368 0.0808 (  2998 PWs)   bands (ev):

   -38.5419 -38.4894 -17.6580 -17.5826 -17.5179 -17.4366 -17.3297 -17.3009
     7.5155   9.4591   9.6184   9.9312  11.2524  11.6732  11.7889

          k = 0.2500-0.3368 0.2425 (  3003 PWs)   bands (ev):

   -38.5265 -38.5048 -17.6953 -17.6442 -17.4419 -17.4053 -17.3481 -17.2900
     8.0086   8.8055  10.0427  10.2293  11.0405  11.2031  12.0913

          k = 0.2500-0.1443 0.0808 (  2992 PWs)   bands (ev):

   -38.5716 -38.4935 -17.7122 -17.5005 -17.4357 -17.3873 -17.2655 -17.2581
     6.2871   9.1145   9.8939  10.4987  11.6131  11.8784  11.8802

          k = 0.2500-0.1443 0.2425 (  2991 PWs)   bands (ev):

   -38.5488 -38.5164 -17.6600 -17.5517 -17.3980 -17.3519 -17.3014 -17.2997
     7.0033   8.1907  10.1466  10.6358  11.2549  11.5850  12.0593

          k = 0.4167 0.7217 0.0808 (  3002 PWs)   bands (ev):

   -38.5175 -38.4924 -17.6901 -17.5904 -17.5338 -17.4584 -17.3800 -17.3400
     8.7168   9.1787   9.4791   9.6707  11.2058  11.3409  12.1869

          k = 0.4167 0.7217 0.2425 (  3001 PWs)   bands (ev):

   -38.5101 -38.4997 -17.7348 -17.6946 -17.4917 -17.4223 -17.3451 -17.3006
     8.7350   9.0007  10.0364  10.1646  10.8661  11.0188  12.3754

          k = 0.4167-0.2406 0.0808 (  3015 PWs)   bands (ev):

   -38.5325 -38.4897 -17.7047 -17.5939 -17.5408 -17.4346 -17.3295 -17.2902
     7.9411   9.0519   9.4408   9.9339  11.5344  11.5586  11.9351

          k = 0.4167-0.2406 0.2425 (  2989 PWs)   bands (ev):

   -38.5200 -38.5022 -17.7494 -17.6954 -17.4007 -17.3927 -17.3329 -17.3202
     8.1607   8.6381   9.9356  10.2059  11.4439  11.6117  12.1050

     the Fermi energy is    10.0736 ev
     (compare with:    10.0736 eV, computed in scf)

     Writing config to output data dir ../tmp//g1/_ph0/sc.save/

     phonons at Gamma                                                           

     bravais-lattice index     =            4
     lattice parameter (alat)  =       6.0937  a.u.
     unit-cell volume          =     303.0282 (a.u.)^3
     number of atoms/cell      =            2
     number of atomic types    =            1
     kinetic-energy cut-off    =      70.0000  Ry
     charge density cut-off    =     320.0000  Ry
     convergence threshold     =      1.0E-16
     beta                      =       0.7000
     number of iterations used =            4
     Exchange-correlation= PZ
                           (   1   1   0   0   0   0   0)


     celldm(1)=    6.09369  celldm(2)=    0.00000  celldm(3)=    1.54637
     celldm(4)=    0.00000  celldm(5)=    0.00000  celldm(6)=    0.00000

     crystal axes: (cart. coord. in units of alat)
               a(1) = (  1.0000  0.0000  0.0000 )  
               a(2) = ( -0.5000  0.8660  0.0000 )  
               a(3) = (  0.0000  0.0000  1.5464 )  

     reciprocal axes: (cart. coord. in units 2 pi/alat)
               b(1) = (  1.0000  0.5774 -0.0000 )  
               b(2) = (  0.0000  1.1547  0.0000 )  
               b(3) = (  0.0000 -0.0000  0.6467 )  


     Atoms inside the unit cell: 

     Cartesian axes

     site n.  atom      mass           positions (alat units)
        1     Sc  44.5960   tau(    1) = (    0.00000    0.00000    0.00000  )
        2     Sc  44.5960   tau(    2) = (    0.50000    0.28868    0.77318  )

     Computing dynamical matrix for 
                    q = (   0.0000000   0.0000000   0.0000000 )

     25 Sym.Ops. (with q -> -q+G )


     G cutoff =  300.9889  (   5859 G-vectors)     FFT grid: ( 36, 36, 54)
     G cutoff =  263.3653  (   4798 G-vectors)  smooth grid: ( 36, 36, 54)

     number of k points=    24  Marzari-Vanderbilt smearing, width (Ry)=  0.0200

     PseudoPot. # 1 for Sc read from file:
     /home/atan/sissa_es02/Sc.pz-spn-kjpaw_psl.1.0.0.UPF
     MD5 check sum: 1f9095df0bb42a6568b4e9f256ff075f
     Pseudo is Projector augmented-wave + core cor, Zval = 11.0
     Generated using 'atomic' code by A. Dal Corso  v.7.1
     Shape of augmentation charge: PSQ
     Using radial grid of 1173 points,  6 beta functions with: 
                l(1) =   0
                l(2) =   0
                l(3) =   1
                l(4) =   1
                l(5) =   2
                l(6) =   2
     Q(r) pseudized with 0 coefficients 


     Mode symmetry, D_6h(6/mmm) point group:


     Atomic displacements:
     There are   4 irreducible representations

     Representation     1      1 modes -  To be done

     Representation     2      2 modes -  To be done

     Representation     3      1 modes -  To be done

     Representation     4      2 modes -  To be done



     Alpha used in Ewald sum =   2.8000
     PHONON       :      4.19s CPU      4.38s WALL (       1 calls)


     Representation #   1 mode #   1

     Self-consistent Calculation

     Pert. #  1: Fermi energy shift (Ry) =     0.0000E+00     0.0000E+00

      iter #   1 total cpu time :     5.8 secs   av.it.:  14.5
      thresh= 1.000E-02 alpha_mix =  0.700 |ddv_scf|^2 =  2.405E-04

     Pert. #  1: Fermi energy shift (Ry) =     0.0000E+00     0.0000E+00

      iter #   2 total cpu time :     7.3 secs   av.it.:  19.7
      thresh= 1.551E-03 alpha_mix =  0.700 |ddv_scf|^2 =  7.611E-04

     Pert. #  1: Fermi energy shift (Ry) =     0.0000E+00     0.0000E+00

      iter #   3 total cpu time :     8.7 secs   av.it.:  17.2
      thresh= 2.759E-03 alpha_mix =  0.700 |ddv_scf|^2 =  2.179E-08

     Pert. #  1: Fermi energy shift (Ry) =     0.0000E+00     0.0000E+00

      iter #   4 total cpu time :    10.4 secs   av.it.:  21.9
      thresh= 1.476E-05 alpha_mix =  0.700 |ddv_scf|^2 =  1.173E-09

     Pert. #  1: Fermi energy shift (Ry) =     0.0000E+00     0.0000E+00

      iter #   5 total cpu time :    11.9 secs   av.it.:  19.9
      thresh= 3.425E-06 alpha_mix =  0.700 |ddv_scf|^2 =  2.068E-11

     Pert. #  1: Fermi energy shift (Ry) =     0.0000E+00     0.0000E+00

      iter #   6 total cpu time :    13.4 secs   av.it.:  19.8
      thresh= 4.548E-07 alpha_mix =  0.700 |ddv_scf|^2 =  5.762E-13

     Pert. #  1: Fermi energy shift (Ry) =     0.0000E+00     0.0000E+00

      iter #   7 total cpu time :    15.0 secs   av.it.:  18.9
      thresh= 7.591E-08 alpha_mix =  0.700 |ddv_scf|^2 =  1.926E-15

     Pert. #  1: Fermi energy shift (Ry) =     0.0000E+00     0.0000E+00

      iter #   8 total cpu time :    16.6 secs   av.it.:  20.8
      thresh= 4.389E-09 alpha_mix =  0.700 |ddv_scf|^2 =  1.884E-15

     Pert. #  1: Fermi energy shift (Ry) =     0.0000E+00     0.0000E+00

      iter #   9 total cpu time :    18.0 secs   av.it.:  17.7
      thresh= 4.340E-09 alpha_mix =  0.700 |ddv_scf|^2 =  7.959E-17

     End of self-consistent calculation

     Convergence has been achieved 


     Representation #   2 modes #   2   3

     Self-consistent Calculation

     Pert. #  1: Fermi energy shift (Ry) =     7.2280E-20     2.4489E-40
     Pert. #  2: Fermi energy shift (Ry) =     8.3122E-19     4.8979E-40

      iter #   1 total cpu time :    20.4 secs   av.it.:  13.3
      thresh= 1.000E-02 alpha_mix =  0.700 |ddv_scf|^2 =  2.310E-06

     Pert. #  1: Fermi energy shift (Ry) =     2.7105E-20    -2.3915E-41
     Pert. #  2: Fermi energy shift (Ry) =     3.6140E-20     6.2180E-42

      iter #   2 total cpu time :    23.7 secs   av.it.:  22.1
      thresh= 1.520E-04 alpha_mix =  0.700 |ddv_scf|^2 =  2.178E-07

     Pert. #  1: Fermi energy shift (Ry) =    -9.7578E-19     0.0000E+00
     Pert. #  2: Fermi energy shift (Ry) =     1.4456E-19     1.7219E-41

      iter #   3 total cpu time :    27.0 secs   av.it.:  22.4
      thresh= 4.667E-05 alpha_mix =  0.700 |ddv_scf|^2 =  1.209E-09

     Pert. #  1: Fermi energy shift (Ry) =    -1.0842E-19    -2.2959E-41
     Pert. #  2: Fermi energy shift (Ry) =     1.8070E-19     1.6263E-41

      iter #   4 total cpu time :    30.1 secs   av.it.:  21.0
      thresh= 3.477E-06 alpha_mix =  0.700 |ddv_scf|^2 =  1.378E-11

     Pert. #  1: Fermi energy shift (Ry) =     5.4210E-19    -2.2959E-41
     Pert. #  2: Fermi energy shift (Ry) =     4.6982E-19     1.6263E-41

      iter #   5 total cpu time :    33.4 secs   av.it.:  22.4
      thresh= 3.712E-07 alpha_mix =  0.700 |ddv_scf|^2 =  5.111E-14

     Pert. #  1: Fermi energy shift (Ry) =    -3.2526E-19    -2.2959E-41
     Pert. #  2: Fermi energy shift (Ry) =     1.2649E-19     1.6263E-41

      iter #   6 total cpu time :    36.7 secs   av.it.:  22.6
      thresh= 2.261E-08 alpha_mix =  0.700 |ddv_scf|^2 =  9.029E-16

     Pert. #  1: Fermi energy shift (Ry) =    -3.2526E-19    -2.2959E-41
     Pert. #  2: Fermi energy shift (Ry) =     3.4333E-19     1.6263E-41

      iter #   7 total cpu time :    40.0 secs   av.it.:  22.9
      thresh= 3.005E-09 alpha_mix =  0.700 |ddv_scf|^2 =  5.251E-18

     End of self-consistent calculation

     Convergence has been achieved 


     Representation #   3 mode #   4

     Self-consistent Calculation

     Pert. #  1: Fermi energy shift (Ry) =    -2.2058E-24     0.0000E+00

      iter #   1 total cpu time :    41.3 secs   av.it.:  12.8
      thresh= 1.000E-02 alpha_mix =  0.700 |ddv_scf|^2 =  7.085E-06

     Pert. #  1: Fermi energy shift (Ry) =    -1.1029E-24     0.0000E+00

      iter #   2 total cpu time :    42.8 secs   av.it.:  19.3
      thresh= 2.662E-04 alpha_mix =  0.700 |ddv_scf|^2 =  5.316E-07

     Pert. #  1: Fermi energy shift (Ry) =     5.5145E-25     0.0000E+00

      iter #   3 total cpu time :    44.4 secs   av.it.:  19.3
      thresh= 7.291E-05 alpha_mix =  0.700 |ddv_scf|^2 =  5.345E-09

     Pert. #  1: Fermi energy shift (Ry) =    -1.1029E-24     0.0000E+00

      iter #   4 total cpu time :    45.9 secs   av.it.:  18.5
      thresh= 7.311E-06 alpha_mix =  0.700 |ddv_scf|^2 =  3.558E-11

     Pert. #  1: Fermi energy shift (Ry) =     0.0000E+00     0.0000E+00

      iter #   5 total cpu time :    47.4 secs   av.it.:  19.0
      thresh= 5.965E-07 alpha_mix =  0.700 |ddv_scf|^2 =  2.451E-14

     Pert. #  1: Fermi energy shift (Ry) =    -1.1029E-24     0.0000E+00

      iter #   6 total cpu time :    48.9 secs   av.it.:  19.2
      thresh= 1.565E-08 alpha_mix =  0.700 |ddv_scf|^2 =  1.962E-15

     Pert. #  1: Fermi energy shift (Ry) =     0.0000E+00     0.0000E+00

      iter #   7 total cpu time :    50.4 secs   av.it.:  19.1
      thresh= 4.429E-09 alpha_mix =  0.700 |ddv_scf|^2 =  3.131E-19

     End of self-consistent calculation

     Convergence has been achieved 


     Representation #   4 modes #   5   6

     Self-consistent Calculation

     Pert. #  1: Fermi energy shift (Ry) =     2.2058E-24     2.5077E-37
     Pert. #  2: Fermi energy shift (Ry) =    -2.2058E-24     2.5077E-37

      iter #   1 total cpu time :    52.8 secs   av.it.:  13.2
      thresh= 1.000E-02 alpha_mix =  0.700 |ddv_scf|^2 =  1.939E-06

     Pert. #  1: Fermi energy shift (Ry) =    -1.3786E-24    -3.9183E-39
     Pert. #  2: Fermi energy shift (Ry) =    -1.3786E-25    -3.9183E-39

      iter #   2 total cpu time :    56.1 secs   av.it.:  22.1
      thresh= 1.393E-04 alpha_mix =  0.700 |ddv_scf|^2 =  1.575E-07

     Pert. #  1: Fermi energy shift (Ry) =     5.5145E-25     0.0000E+00
     Pert. #  2: Fermi energy shift (Ry) =     2.7573E-25    -2.4489E-39

      iter #   3 total cpu time :    59.4 secs   av.it.:  22.2
      thresh= 3.968E-05 alpha_mix =  0.700 |ddv_scf|^2 =  1.343E-09

     Pert. #  1: Fermi energy shift (Ry) =     0.0000E+00     0.0000E+00
     Pert. #  2: Fermi energy shift (Ry) =    -1.6544E-24    -3.0612E-41

      iter #   4 total cpu time :    62.5 secs   av.it.:  20.8
      thresh= 3.665E-06 alpha_mix =  0.700 |ddv_scf|^2 =  9.970E-12

     Pert. #  1: Fermi energy shift (Ry) =     1.6544E-24    -6.4572E-42
     Pert. #  2: Fermi energy shift (Ry) =     1.3786E-24     1.4349E-42

      iter #   5 total cpu time :    65.8 secs   av.it.:  21.6
      thresh= 3.157E-07 alpha_mix =  0.700 |ddv_scf|^2 =  5.274E-14

     Pert. #  1: Fermi energy shift (Ry) =     0.0000E+00    -6.8159E-42
     Pert. #  2: Fermi energy shift (Ry) =    -1.1029E-24    -7.1746E-43

      iter #   6 total cpu time :    69.2 secs   av.it.:  23.1
      thresh= 2.297E-08 alpha_mix =  0.700 |ddv_scf|^2 =  1.536E-15

     Pert. #  1: Fermi energy shift (Ry) =    -5.5145E-25    -6.8159E-42
     Pert. #  2: Fermi energy shift (Ry) =     2.7573E-25    -7.1746E-43

      iter #   7 total cpu time :    72.6 secs   av.it.:  22.5
      thresh= 3.920E-09 alpha_mix =  0.700 |ddv_scf|^2 =  7.213E-17

     End of self-consistent calculation

     Convergence has been achieved 

     Number of q in the star =    1
     List of q in the star:
          1   0.000000000   0.000000000   0.000000000

     Diagonalizing the dynamical matrix

     q = (    0.000000000   0.000000000   0.000000000 ) 

 **************************************************************************
     freq (    1) =      -0.266811 [THz] =      -8.899868 [cm-1]
     freq (    2) =      -0.266811 [THz] =      -8.899868 [cm-1]
     freq (    3) =      -0.247841 [THz] =      -8.267071 [cm-1]
     freq (    4) =       4.033209 [THz] =     134.533372 [cm-1]
     freq (    5) =       4.033209 [THz] =     134.533372 [cm-1]
     freq (    6) =       7.190453 [THz] =     239.847703 [cm-1]
 **************************************************************************

     Using the point group D_6h(6/mmm) to classify the modes
     there are 12 classes
     the character table:

       E     2C6   2C3   C2    3C2'  3C2'' i     2S3   2S6   s_h   3s_d  3s_v 
A_1g   1.00  1.00  1.00  1.00  1.00  1.00  1.00  1.00  1.00  1.00  1.00  1.00
A_2g   1.00  1.00  1.00  1.00 -1.00 -1.00  1.00  1.00  1.00  1.00 -1.00 -1.00
B_1g   1.00 -1.00  1.00 -1.00  1.00 -1.00  1.00 -1.00  1.00 -1.00  1.00 -1.00
B_2g   1.00 -1.00  1.00 -1.00 -1.00  1.00  1.00 -1.00  1.00 -1.00 -1.00  1.00
E_1g   2.00  1.00 -1.00 -2.00  0.00  0.00  2.00  1.00 -1.00 -2.00  0.00  0.00
E_2g   2.00 -1.00 -1.00  2.00  0.00  0.00  2.00 -1.00 -1.00  2.00  0.00  0.00
A_1u   1.00  1.00  1.00  1.00  1.00  1.00 -1.00 -1.00 -1.00 -1.00 -1.00 -1.00
A_2u   1.00  1.00  1.00  1.00 -1.00 -1.00 -1.00 -1.00 -1.00 -1.00  1.00  1.00
B_1u   1.00 -1.00  1.00 -1.00  1.00 -1.00 -1.00  1.00 -1.00  1.00 -1.00  1.00
B_2u   1.00 -1.00  1.00 -1.00 -1.00  1.00 -1.00  1.00 -1.00  1.00  1.00 -1.00
E_1u   2.00  1.00 -1.00 -2.00  0.00  0.00 -2.00 -1.00  1.00  2.00  0.00  0.00
E_2u   2.00 -1.00 -1.00  2.00  0.00  0.00 -2.00  1.00  1.00 -2.00  0.00  0.00

     the symmetry operations in each class and the name of the first element:

     E        1
          identity                                               
     2C6      5    6
           60 deg rotation - cryst. axis [0,0,1]                 
     2C3      7    8
          120 deg rotation - cryst. axis [0,0,1]                 
     C2       2
          180 deg rotation - cart. axis [0,0,1]                  
     3C2'     4   12   11
          180 deg rotation - cart. axis [1,0,0]                  
     3C2''    3    9   10
          180 deg rotation - cart. axis [0,1,0]                  
     i       13
          inversion                                              
     2S3     17   18
          inv.  60 deg rotation - cryst. axis [0,0,1]            
     2S6     19   20
          inv. 120 deg rotation - cryst. axis [0,0,1]            
     s_h     14
          inv. 180 deg rotation - cart. axis [0,0,1]             
     3s_d    16   24   23
          inv. 180 deg rotation - cart. axis [1,0,0]             
     3s_v    15   21   22
          inv. 180 deg rotation - cart. axis [0,1,0]             

     Mode symmetry, D_6h(6/mmm) point group:

     freq (   1-   2) =         -8.9  [cm-1]   --> E_1u            I  
     freq (   3-   3) =         -8.3  [cm-1]   --> A_2u            I  
     freq (   4-   5) =        134.5  [cm-1]   --> E_2g            R  
     freq (   6-   6) =        239.8  [cm-1]   --> B_1g               

     THERMO_PW    :   1m17.87s CPU   1m20.04s WALL


   This run was terminated on:   8: 3: 9  24Jan2024            

=------------------------------------------------------------------------------=
   JOB DONE.
=------------------------------------------------------------------------------=
