
     Program THERMO_PW v.7.2 starts on 23Jan2024 at 12: 8:22 

     This program is part of the open-source Quantum ESPRESSO suite
     for quantum simulation of materials; please cite
         "P. Giannozzi et al., J. Phys.:Condens. Matter 21 395502 (2009);
         "P. Giannozzi et al., J. Phys.:Condens. Matter 29 465901 (2017);
         "P. Giannozzi et al., J. Chem. Phys. 152 154105 (2020);
          URL http://www.quantum-espresso.org", 
     in publications or presentations arising from this work. More details at
     http://www.quantum-espresso.org/quote

     Parallel version (MPI), running on    20 processors

     MPI processes distributed on     1 nodes
     K-points division:     npool     =       4
     R & G space division:  proc/nbgrp/npool/nimage =       5
     314876 MiB available memory on the printing compute node when the environment starts

     Reading input from _temporary_1
     file Sc.pz-spn-kjpaw_psl.1.0.0.UPF: wavefunction(s)  3S 3P 3D renormalized

   Info: using nr1, nr2, nr3 values from input

   Info: using nr1, nr2, nr3 values from input

   Info: using nr1, nr2, nr3 values from input


     Doing a phonon calculation

     FFT mesh: (   27,   27,   48 )

     Bravais lattice:

     ibrav=  4: hexagonal
     Cell parameters:

     alat=   6.093687 a.u., c/a=   1.546365


     Starting primitive lattice vectors:
     crystal axes: (cart. coord. in units of alat)

               a(1) = (   1.000000   0.000000   0.000000 )  
               a(2) = (  -0.500000   0.866025   0.000000 )  
               a(3) = (   0.000000   0.000000   1.546365 )  

     Starting reciprocal lattice vectors:
     reciprocal axes: (cart. coord. in units 2 pi/alat)

               b(1) = (  1.000000  0.577350 -0.000000 )  
               b(2) = (  0.000000  1.154701  0.000000 )  
               b(3) = (  0.000000 -0.000000  0.646678 )  

     Starting atomic positions in Cartesian axes:

     site n.     atom                  positions (alat units)
         1           Sc  tau(   1) = (   0.0000000   0.0000000   0.0000000  )
         2           Sc  tau(   2) = (   0.5000000   0.2886751   0.7731825  )

     Starting atomic positions in crystallographic axes:

     site n.     atom                  positions (cryst. coord.)
         1           Sc  tau(   1) = (  0.0000000  0.0000000  0.0000000  )
         2           Sc  tau(   2) = (  0.6666667  0.3333333  0.5000000  )

     The point group 111 D_6h(6/mmm) is compatible with the Bravais lattice.

     The rotation matrices with the order used inside thermo_pw are:

     24 Sym. Ops., with inversion, found (12 have fractional translation)


                          s                  frac. trans.

      isym =  1     identity                                     

 cryst.   s( 1) = (  1    0    0   )
                  (  0    1    0   )
                  (  0    0    1   )

 cart.    s( 1) = (  1.000  0.000  0.000 )
                  (  0.000  1.000  0.000 )
                  (  0.000  0.000  1.000 )


      isym =  2     180 deg rotation - cart. axis [0,0,1]        

 cryst.   s( 2) = ( -1      0      0     )    f =(   0.3333 )
                  (  0     -1      0     )       (  -0.3333 )
                  (  0      0      1     )       (  -0.5000 )

 cart.    s( 2) = ( -1.000  0.000  0.000 )    f =(   0.5000 )
                  (  0.000 -1.000  0.000 )       (  -0.2887 )
                  (  0.000  0.000  1.000 )       (  -0.7732 )


      isym =  3     180 deg rotation - cart. axis [0,1,0]        

 cryst.   s( 3) = ( -1    0    0   )
                  (  1    1    0   )
                  (  0    0   -1   )

 cart.    s( 3) = ( -1.000  0.000  0.000 )
                  (  0.000  1.000  0.000 )
                  (  0.000  0.000 -1.000 )


      isym =  4     180 deg rotation - cart. axis [1,0,0]        

 cryst.   s( 4) = (  1      0      0     )    f =(   0.3333 )
                  ( -1     -1      0     )       (  -0.3333 )
                  (  0      0     -1     )       (   0.5000 )

 cart.    s( 4) = (  1.000  0.000  0.000 )    f =(   0.5000 )
                  (  0.000 -1.000  0.000 )       (  -0.2887 )
                  (  0.000  0.000 -1.000 )       (   0.7732 )


      isym =  5      60 deg rotation - cryst. axis [0,0,1]       

 cryst.   s( 5) = (  1      1      0     )    f =(   0.3333 )
                  ( -1      0      0     )       (  -0.3333 )
                  (  0      0      1     )       (  -0.5000 )

 cart.    s( 5) = (  0.500 -0.866  0.000 )    f =(   0.5000 )
                  (  0.866  0.500  0.000 )       (  -0.2887 )
                  (  0.000  0.000  1.000 )       (  -0.7732 )


      isym =  6      60 deg rotation - cryst. axis [0,0,-1]      

 cryst.   s( 6) = (  0     -1      0     )    f =(   0.3333 )
                  (  1      1      0     )       (  -0.3333 )
                  (  0      0      1     )       (  -0.5000 )

 cart.    s( 6) = (  0.500  0.866  0.000 )    f =(   0.5000 )
                  ( -0.866  0.500  0.000 )       (  -0.2887 )
                  (  0.000  0.000  1.000 )       (  -0.7732 )


      isym =  7     120 deg rotation - cryst. axis [0,0,1]       

 cryst.   s( 7) = (  0    1    0   )
                  ( -1   -1    0   )
                  (  0    0    1   )

 cart.    s( 7) = ( -0.500 -0.866  0.000 )
                  (  0.866 -0.500  0.000 )
                  (  0.000  0.000  1.000 )


      isym =  8     120 deg rotation - cryst. axis [0,0,-1]      

 cryst.   s( 8) = ( -1   -1    0   )
                  (  1    0    0   )
                  (  0    0    1   )

 cart.    s( 8) = ( -0.500  0.866  0.000 )
                  ( -0.866 -0.500  0.000 )
                  (  0.000  0.000  1.000 )


      isym =  9     180 deg rotation - cryst. axis [1,-1,0]      

 cryst.   s( 9) = (  0   -1    0   )
                  ( -1    0    0   )
                  (  0    0   -1   )

 cart.    s( 9) = (  0.500 -0.866  0.000 )
                  ( -0.866 -0.500  0.000 )
                  (  0.000  0.000 -1.000 )


      isym = 10     180 deg rotation - cryst. axis [2,1,0]       

 cryst.   s(10) = (  1    1    0   )
                  (  0   -1    0   )
                  (  0    0   -1   )

 cart.    s(10) = (  0.500  0.866  0.000 )
                  (  0.866 -0.500  0.000 )
                  (  0.000  0.000 -1.000 )


      isym = 11     180 deg rotation - cryst. axis [0,1,0]       

 cryst.   s(11) = ( -1     -1      0     )    f =(   0.3333 )
                  (  0      1      0     )       (  -0.3333 )
                  (  0      0     -1     )       (   0.5000 )

 cart.    s(11) = ( -0.500 -0.866  0.000 )    f =(   0.5000 )
                  ( -0.866  0.500  0.000 )       (  -0.2887 )
                  (  0.000  0.000 -1.000 )       (   0.7732 )


      isym = 12     180 deg rotation - cryst. axis [1,1,0]       

 cryst.   s(12) = (  0      1      0     )    f =(   0.3333 )
                  (  1      0      0     )       (  -0.3333 )
                  (  0      0     -1     )       (   0.5000 )

 cart.    s(12) = ( -0.500  0.866  0.000 )    f =(   0.5000 )
                  (  0.866  0.500  0.000 )       (  -0.2887 )
                  (  0.000  0.000 -1.000 )       (   0.7732 )


      isym = 13     inversion                                    

 cryst.   s(13) = ( -1      0      0     )    f =(   0.3333 )
                  (  0     -1      0     )       (  -0.3333 )
                  (  0      0     -1     )       (   0.5000 )

 cart.    s(13) = ( -1.000  0.000  0.000 )    f =(   0.5000 )
                  (  0.000 -1.000  0.000 )       (  -0.2887 )
                  (  0.000  0.000 -1.000 )       (   0.7732 )


      isym = 14     inv. 180 deg rotation - cart. axis [0,0,1]   

 cryst.   s(14) = (  1    0    0   )
                  (  0    1    0   )
                  (  0    0   -1   )

 cart.    s(14) = (  1.000  0.000  0.000 )
                  (  0.000  1.000  0.000 )
                  (  0.000  0.000 -1.000 )


      isym = 15     inv. 180 deg rotation - cart. axis [0,1,0]   

 cryst.   s(15) = (  1      0      0     )    f =(   0.3333 )
                  ( -1     -1      0     )       (  -0.3333 )
                  (  0      0      1     )       (  -0.5000 )

 cart.    s(15) = (  1.000  0.000  0.000 )    f =(   0.5000 )
                  (  0.000 -1.000  0.000 )       (  -0.2887 )
                  (  0.000  0.000  1.000 )       (  -0.7732 )


      isym = 16     inv. 180 deg rotation - cart. axis [1,0,0]   

 cryst.   s(16) = ( -1    0    0   )
                  (  1    1    0   )
                  (  0    0    1   )

 cart.    s(16) = ( -1.000  0.000  0.000 )
                  (  0.000  1.000  0.000 )
                  (  0.000  0.000  1.000 )


      isym = 17     inv.  60 deg rotation - cryst. axis [0,0,1]  

 cryst.   s(17) = ( -1   -1    0   )
                  (  1    0    0   )
                  (  0    0   -1   )

 cart.    s(17) = ( -0.500  0.866  0.000 )
                  ( -0.866 -0.500  0.000 )
                  (  0.000  0.000 -1.000 )


      isym = 18     inv.  60 deg rotation - cryst. axis [0,0,-1] 

 cryst.   s(18) = (  0    1    0   )
                  ( -1   -1    0   )
                  (  0    0   -1   )

 cart.    s(18) = ( -0.500 -0.866  0.000 )
                  (  0.866 -0.500  0.000 )
                  (  0.000  0.000 -1.000 )


      isym = 19     inv. 120 deg rotation - cryst. axis [0,0,1]  

 cryst.   s(19) = (  0     -1      0     )    f =(   0.3333 )
                  (  1      1      0     )       (  -0.3333 )
                  (  0      0     -1     )       (   0.5000 )

 cart.    s(19) = (  0.500  0.866  0.000 )    f =(   0.5000 )
                  ( -0.866  0.500  0.000 )       (  -0.2887 )
                  (  0.000  0.000 -1.000 )       (   0.7732 )


      isym = 20     inv. 120 deg rotation - cryst. axis [0,0,-1] 

 cryst.   s(20) = (  1      1      0     )    f =(   0.3333 )
                  ( -1      0      0     )       (  -0.3333 )
                  (  0      0     -1     )       (   0.5000 )

 cart.    s(20) = (  0.500 -0.866  0.000 )    f =(   0.5000 )
                  (  0.866  0.500  0.000 )       (  -0.2887 )
                  (  0.000  0.000 -1.000 )       (   0.7732 )


      isym = 21     inv. 180 deg rotation - cryst. axis [1,-1,0] 

 cryst.   s(21) = (  0      1      0     )    f =(   0.3333 )
                  (  1      0      0     )       (  -0.3333 )
                  (  0      0      1     )       (  -0.5000 )

 cart.    s(21) = ( -0.500  0.866  0.000 )    f =(   0.5000 )
                  (  0.866  0.500  0.000 )       (  -0.2887 )
                  (  0.000  0.000  1.000 )       (  -0.7732 )


      isym = 22     inv. 180 deg rotation - cryst. axis [2,1,0]  

 cryst.   s(22) = ( -1     -1      0     )    f =(   0.3333 )
                  (  0      1      0     )       (  -0.3333 )
                  (  0      0      1     )       (  -0.5000 )

 cart.    s(22) = ( -0.500 -0.866  0.000 )    f =(   0.5000 )
                  ( -0.866  0.500  0.000 )       (  -0.2887 )
                  (  0.000  0.000  1.000 )       (  -0.7732 )


      isym = 23     inv. 180 deg rotation - cryst. axis [0,1,0]  

 cryst.   s(23) = (  1    1    0   )
                  (  0   -1    0   )
                  (  0    0    1   )

 cart.    s(23) = (  0.500  0.866  0.000 )
                  (  0.866 -0.500  0.000 )
                  (  0.000  0.000  1.000 )


      isym = 24     inv. 180 deg rotation - cryst. axis [1,1,0]  

 cryst.   s(24) = (  0   -1    0   )
                  ( -1    0    0   )
                  (  0    0    1   )

 cart.    s(24) = (  0.500 -0.866  0.000 )
                  ( -0.866 -0.500  0.000 )
                  (  0.000  0.000  1.000 )


     point group D_6h(6/mmm)
     there are 12 classes
     the character table:

       E     2C6   2C3   C2    3C2'  3C2'' i     2S3   2S6   s_h   3s_d  3s_v 
A_1g   1.00  1.00  1.00  1.00  1.00  1.00  1.00  1.00  1.00  1.00  1.00  1.00
A_2g   1.00  1.00  1.00  1.00 -1.00 -1.00  1.00  1.00  1.00  1.00 -1.00 -1.00
B_1g   1.00 -1.00  1.00 -1.00  1.00 -1.00  1.00 -1.00  1.00 -1.00  1.00 -1.00
B_2g   1.00 -1.00  1.00 -1.00 -1.00  1.00  1.00 -1.00  1.00 -1.00 -1.00  1.00
E_1g   2.00  1.00 -1.00 -2.00  0.00  0.00  2.00  1.00 -1.00 -2.00  0.00  0.00
E_2g   2.00 -1.00 -1.00  2.00  0.00  0.00  2.00 -1.00 -1.00  2.00  0.00  0.00
A_1u   1.00  1.00  1.00  1.00  1.00  1.00 -1.00 -1.00 -1.00 -1.00 -1.00 -1.00
A_2u   1.00  1.00  1.00  1.00 -1.00 -1.00 -1.00 -1.00 -1.00 -1.00  1.00  1.00
B_1u   1.00 -1.00  1.00 -1.00  1.00 -1.00 -1.00  1.00 -1.00  1.00 -1.00  1.00
B_2u   1.00 -1.00  1.00 -1.00 -1.00  1.00 -1.00  1.00 -1.00  1.00  1.00 -1.00
E_1u   2.00  1.00 -1.00 -2.00  0.00  0.00 -2.00 -1.00  1.00  2.00  0.00  0.00
E_2u   2.00 -1.00 -1.00  2.00  0.00  0.00 -2.00  1.00  1.00 -2.00  0.00  0.00

     the symmetry operations in each class and the name of the first element:

     E        1
          identity                                               
     2C6      5    6
           60 deg rotation - cryst. axis [0,0,1]                 
     2C3      7    8
          120 deg rotation - cryst. axis [0,0,1]                 
     C2       2
          180 deg rotation - cart. axis [0,0,1]                  
     3C2'     4   12   11
          180 deg rotation - cart. axis [1,0,0]                  
     3C2''    3    9   10
          180 deg rotation - cart. axis [0,1,0]                  
     i       13
          inversion                                              
     2S3     17   18
          inv.  60 deg rotation - cryst. axis [0,0,1]            
     2S6     19   20
          inv. 120 deg rotation - cryst. axis [0,0,1]            
     s_h     14
          inv. 180 deg rotation - cart. axis [0,0,1]             
     3s_d    16   24   23
          inv. 180 deg rotation - cart. axis [1,0,0]             
     3s_v    15   21   22
          inv. 180 deg rotation - cart. axis [0,1,0]             

     Space group identification,  24 symmetries:

     Bravais lattice   4  hexagonal                               
     Point group number  23 / 111  D_6h(6/mmm)

     The coset representatives of the space group with
     the standard order of operations are:

     Fractional translations in crystal coordinates

      PGS    Fract. transl. (all)          Fract. transl. (no shift)   SGS

        E   1 -0.0000 -0.0000 -0.0000      0.0000  0.0000  0.0000         E   1
       6z  25 -0.3333  0.3333  0.5000      0.0000  0.0000  0.5000       6z3 110
       3z  27 -0.0000 -0.0000 -0.0000      0.0000  0.0000  0.0000        3z  27
       2z   2 -0.3333  0.3333  0.5000      0.0000  0.0000  0.5000       2z1  65
      3-z  28 -0.0000 -0.0000 -0.0000     -0.0000  0.0000  0.0000       3-z  28
      6-z  26 -0.3333  0.3333  0.5000     -0.0000  0.0000  0.5000      6-z3 115
       2x   4 -0.3333  0.3333 -0.5000     -0.5000 -0.0000  0.0000       2x1  67
     2210  30 -0.0000 -0.0000 -0.0000      0.0000  0.0000  0.0000      2210  30
     2110  32 -0.3333  0.3333 -0.5000      0.0000  0.0000  0.0000      2110  32
       2y   3 -0.0000 -0.0000 -0.0000      0.0000  0.0000  0.0000        2y   3
     2010  31 -0.3333  0.3333 -0.5000      0.0000  0.5000  0.0000     20101 124
    21-10  29 -0.0000 -0.0000 -0.0000      0.0000  0.0000  0.0000     21-10  29
        i  33 -0.3333  0.3333 -0.5000      0.0000  0.0000  0.0000         i  33
      i6z  57 -0.0000 -0.0000 -0.0000      0.0000  0.0000  0.0000       i6z  57
      i3z  59 -0.3333  0.3333 -0.5000      0.0000  0.0000  0.0000       i3z  59
      i2z  34 -0.0000 -0.0000 -0.0000      0.0000  0.0000  0.0000       i2z  34
     i3-z  60 -0.3333  0.3333 -0.5000      0.0000  0.0000  0.0000      i3-z  60
     i6-z  58 -0.0000 -0.0000 -0.0000      0.0000  0.0000  0.0000      i6-z  58
      i2x  36 -0.0000 -0.0000 -0.0000      0.0000  0.0000  0.0000       i2x  36
    i2210  62 -0.3333  0.3333  0.5000     -0.0000  0.5000  0.5000    i2210n 167
    i2110  64 -0.0000 -0.0000 -0.0000      0.0000  0.0000  0.0000     i2110  64
      i2y  35 -0.3333  0.3333  0.5000     -0.5000  0.0000  0.5000      i2yn 132
    i2010  63 -0.0000 -0.0000 -0.0000      0.0000  0.0000  0.0000     i2010  63
   i21-10  61 -0.3333  0.3333  0.5000      0.0000 -0.0000  0.5000   i21-10c 163

     PGS = Point group symmetry, SGS = space group symmetry 
     (no shift) means the part of the fractional translation
     that cannot be removed by an origin shift

     Fractional translation shift and origin shift in crystal coordinates

      PGS      FT shift                    &Origin shift                 SGS

        E   1 -0.0000 -0.0000 -0.0000      0.0000  0.0000  0.0000         E   1
       6z  25 -0.3333  0.3333  0.0000     -0.6667 -0.3333  0.0000       6z3 110
       3z  27  0.0000  0.0000  0.0000      0.0000  0.0000  0.0000        3z  27
       2z   2 -0.3333  0.3333  0.0000     -0.1667  0.1667  0.0000       2z1  65
      3-z  28  0.0000  0.0000  0.0000      0.0000  0.0000  0.0000       3-z  28
      6-z  26 -0.3333  0.3333  0.0000      0.3333  0.6667  0.0000      6-z3 115
       2x   4  0.1667  0.3333 -0.5000      0.0833  0.1667 -0.2500       2x1  67
     2210  30  0.0000  0.0000  0.0000      0.0000  0.0000  0.0000      2210  30
     2110  32 -0.3333  0.3333 -0.5000     -0.1667  0.1667 -0.2500      2110  32
       2y   3  0.0000  0.0000  0.0000      0.0000  0.0000  0.0000        2y   3
     2010  31 -0.3333 -0.1667 -0.5000     -0.1667 -0.0833 -0.2500     20101 124
    21-10  29  0.0000  0.0000  0.0000      0.0000  0.0000  0.0000     21-10  29
        i  33 -0.3333  0.3333 -0.5000     -0.1667  0.1667 -0.2500         i  33
      i6z  57 -0.0000 -0.0000 -0.0000      0.0000  0.0000  0.0000       i6z  57
      i3z  59 -0.3333  0.3333 -0.5000      0.3333  0.6667 -0.2500       i3z  59
      i2z  34  0.0000  0.0000  0.0000      0.0000  0.0000  0.0000       i2z  34
     i3-z  60 -0.3333  0.3333 -0.5000     -0.6667 -0.3333 -0.2500      i3-z  60
     i6-z  58 -0.0000 -0.0000 -0.0000      0.0000  0.0000  0.0000      i6-z  58
      i2x  36  0.0000  0.0000  0.0000      0.0000  0.0000  0.0000       i2x  36
    i2210  62 -0.3333 -0.1667  0.0000     -0.1667 -0.0833  0.0000    i2210n 167
    i2110  64  0.0000  0.0000  0.0000      0.0000  0.0000  0.0000     i2110  64
      i2y  35  0.1667  0.3333  0.0000      0.0833  0.1667  0.0000      i2yn 132
    i2010  63  0.0000  0.0000  0.0000      0.0000  0.0000  0.0000     i2010  63
   i21-10  61 -0.3333  0.3333  0.0000     -0.1667  0.1667  0.0000   i21-10c 163


     The origin shift gives the point of application of the symmetry
     Subtract this vector from all atomic coordinates
     to have this symmetry centered at the origin


     Space group number  194

     Space group P6_3/mmc   (group number 194).
     The origin coincides with the ITA tables.

     The Laue class is D_6h(6/mmm)

     ----------------------------------------------------------------------
     Ions are relaxed in each calculation
     ----------------------------------------------------------------------

     Total mass of this unit cell         89.1920 a.m.u.
     Density of this solid                3298.29 kg/m^3         3.2983 g/cm^3

  ++++++++++++++++++++++++++++++++++++++++++++++++++++++++++++++++++++++++++++
     Doing a self-consistent calculation
  ++++++++++++++++++++++++++++++++++++++++++++++++++++++++++++++++++++++++++++

     Data found on file
     Total energy =        -306.87198660 Ry
     Stress (kbar)
      0.0000000      0.0000000      0.0000000
      0.0000000      0.0000000      0.0000000
      0.0000000      0.0000000      0.0000000

     %%%%%%%%%%%%%%%%%%%%%%%%%%%%%%%%%%%%%%%%
     Computing geometry     1
     %%%%%%%%%%%%%%%%%%%%%%%%%%%%%%%%%%%%%%%%

     Waiting for input...
     Reading input from standard input

     Reading xml data from directory:

     ../tmp//g1/sc.save/
     file Sc.pz-spn-kjpaw_psl.1.0.0.UPF: wavefunction(s)  3S 3P 3D renormalized

     IMPORTANT: XC functional enforced from input :
     Exchange-correlation= PZ
                           (   1   1   0   0   0   0   0)
     Any further DFT definition will be discarded
     Please, verify this is what you really want


     Parallelization info
     --------------------
     sticks:   dense  smooth     PW     G-vecs:    dense   smooth      PW
     Min         144     144     44                 4796     4796     826
     Max         145     145     45                 4801     4801     829
     Sum         721     721    223                23991    23991    4139

     Using Slab Decomposition


     Check: negative core charge=   -0.000037
     Reading collected, re-writing distributed wavefunctions

  ++++++++++++++++++++++++++++++++++++++++++++++++++++++++++++++++++++++++++++
     Doing work    1 /     1
     Doing the work of image    1 of geometry    1
      q point number     1, representations:
       0 1 2 3 4
  ++++++++++++++++++++++++++++++++++++++++++++++++++++++++++++++++++++++++++++


                          --------------------------
     Calculation of q =    0.0000000   0.0000000   0.0000000
                          --------------------------


     Bands found: reading from ../tmp//g1/_ph0/

     Reading xml data from directory:

     ../tmp//g1/_ph0/sc.save/
     file Sc.pz-spn-kjpaw_psl.1.0.0.UPF: wavefunction(s)  3S 3P 3D renormalized

     IMPORTANT: XC functional enforced from input :
     Exchange-correlation= PZ
                           (   1   1   0   0   0   0   0)
     Any further DFT definition will be discarded
     Please, verify this is what you really want


     Parallelization info
     --------------------
     sticks:   dense  smooth     PW     G-vecs:    dense   smooth      PW
     Min         102     102     32                 2901     2901     532
     Max         103     103     33                 2902     2902     539
     Sum         511     511    163                14509    14509    2683

     Using Slab Decomposition


     Check: negative core charge=   -0.000061
     read_file_new: Wavefunctions not in collected format?!?
     read_file: Wavefunctions in collected format not available

     phonons at Gamma                                                           

     bravais-lattice index     =            4
     lattice parameter (alat)  =       6.0937  a.u.
     unit-cell volume          =     303.0282 (a.u.)^3
     number of atoms/cell      =            2
     number of atomic types    =            1
     kinetic-energy cut-off    =      50.0000  Ry
     charge density cut-off    =     200.0000  Ry
     convergence threshold     =      1.0E-16
     beta                      =       0.7000
     number of iterations used =            4
     Exchange-correlation= PZ
                           (   1   1   0   0   0   0   0)


     celldm(1)=    6.09369  celldm(2)=    0.00000  celldm(3)=    1.54637
     celldm(4)=    0.00000  celldm(5)=    0.00000  celldm(6)=    0.00000

     crystal axes: (cart. coord. in units of alat)
               a(1) = (  1.0000  0.0000  0.0000 )  
               a(2) = ( -0.5000  0.8660  0.0000 )  
               a(3) = (  0.0000  0.0000  1.5464 )  

     reciprocal axes: (cart. coord. in units 2 pi/alat)
               b(1) = (  1.0000  0.5774 -0.0000 )  
               b(2) = (  0.0000  1.1547  0.0000 )  
               b(3) = (  0.0000 -0.0000  0.6467 )  


     Atoms inside the unit cell: 

     Cartesian axes

     site n.  atom      mass           positions (alat units)
        1     Sc  44.5960   tau(    1) = (    0.00000    0.00000    0.00000  )
        2     Sc  44.5960   tau(    2) = (    0.50000    0.28868    0.77318  )

     Computing dynamical matrix for 
                    q = (   0.0000000   0.0000000   0.0000000 )

     25 Sym.Ops. (with q -> -q+G )


     G cutoff =  188.1181  (   2902 G-vectors)     FFT grid: ( 27, 27, 48)

     number of k points=   168  Marzari-Vanderbilt smearing, width (Ry)=  0.0200

     PseudoPot. # 1 for Sc read from file:
     /home/atan/sissa_es02/Sc.pz-spn-kjpaw_psl.1.0.0.UPF
     MD5 check sum: 1f9095df0bb42a6568b4e9f256ff075f
     Pseudo is Projector augmented-wave + core cor, Zval = 11.0
     Generated using 'atomic' code by A. Dal Corso  v.7.1
     Shape of augmentation charge: PSQ
     Using radial grid of 1173 points,  6 beta functions with: 
                l(1) =   0
                l(2) =   0
                l(3) =   1
                l(4) =   1
                l(5) =   2
                l(6) =   2
     Q(r) pseudized with 0 coefficients 


     Mode symmetry, D_6h(6/mmm) point group:


     Atomic displacements:
     There are   4 irreducible representations

     Representation     1      1 modes -  To be done

     Representation     2      2 modes -  To be done

     Representation     3      1 modes -  To be done

     Representation     4      2 modes -  To be done



     Alpha used in Ewald sum =   1.9000
     PHONON       :      3.02s CPU      3.51s WALL (       1 calls)


     Representation #   1 mode #   1

     Self-consistent Calculation

     Pert. #  1: Fermi energy shift (Ry) =     0.0000E+00     0.0000E+00

      iter #   1 total cpu time :    36.2 secs   av.it.: 125.7
      thresh= 1.000E-02 alpha_mix =  0.700 |ddv_scf|^2 =  1.303E-03

     Pert. #  1: Fermi energy shift (Ry) =     0.0000E+00     0.0000E+00

      iter #   2 total cpu time :    69.6 secs   av.it.: 130.8
      thresh= 3.609E-03 alpha_mix =  0.700 |ddv_scf|^2 =  6.468E-03

     Pert. #  1: Fermi energy shift (Ry) =     0.0000E+00     0.0000E+00

      iter #   3 total cpu time :   101.1 secs   av.it.: 122.9
      thresh= 8.042E-03 alpha_mix =  0.700 |ddv_scf|^2 =  6.411E-06

     Pert. #  1: Fermi energy shift (Ry) =     0.0000E+00     0.0000E+00

      iter #   4 total cpu time :   133.9 secs   av.it.: 128.8
      thresh= 2.532E-04 alpha_mix =  0.700 |ddv_scf|^2 =  4.148E-07

     Pert. #  1: Fermi energy shift (Ry) =     0.0000E+00     0.0000E+00

      iter #   5 total cpu time :   166.4 secs   av.it.: 127.0
      thresh= 6.441E-05 alpha_mix =  0.700 |ddv_scf|^2 =  6.092E-09

     Pert. #  1: Fermi energy shift (Ry) =     0.0000E+00     0.0000E+00

      iter #   6 total cpu time :   200.1 secs   av.it.: 132.0
      thresh= 7.805E-06 alpha_mix =  0.700 |ddv_scf|^2 =  2.714E-10

     Pert. #  1: Fermi energy shift (Ry) =     0.0000E+00     0.0000E+00

      iter #   7 total cpu time :   232.9 secs   av.it.: 129.2
      thresh= 1.647E-06 alpha_mix =  0.700 |ddv_scf|^2 =  2.236E-11

     Pert. #  1: Fermi energy shift (Ry) =     0.0000E+00     0.0000E+00

      iter #   8 total cpu time :   265.6 secs   av.it.: 128.0
      thresh= 4.729E-07 alpha_mix =  0.700 |ddv_scf|^2 =  1.526E-13

     Pert. #  1: Fermi energy shift (Ry) =     0.0000E+00     0.0000E+00

      iter #   9 total cpu time :   298.8 secs   av.it.: 130.5
      thresh= 3.907E-08 alpha_mix =  0.700 |ddv_scf|^2 =  1.544E-14

     Pert. #  1: Fermi energy shift (Ry) =     0.0000E+00     0.0000E+00

      iter #  10 total cpu time :   332.0 secs   av.it.: 130.4
      thresh= 1.243E-08 alpha_mix =  0.700 |ddv_scf|^2 =  3.209E-16

     Pert. #  1: Fermi energy shift (Ry) =     0.0000E+00     0.0000E+00

      iter #  11 total cpu time :   365.4 secs   av.it.: 131.3
      thresh= 1.791E-09 alpha_mix =  0.700 |ddv_scf|^2 =  2.214E-17

     End of self-consistent calculation

     Convergence has been achieved 


     Representation #   2 modes #   2   3

     Self-consistent Calculation

     Pert. #  1: Fermi energy shift (Ry) =     0.0000E+00     2.5679E-34
     Pert. #  2: Fermi energy shift (Ry) =    -1.1565E-18    -5.1358E-34

      iter #   1 total cpu time :   430.8 secs   av.it.: 125.4
      thresh= 1.000E-02 alpha_mix =  0.700 |ddv_scf|^2 =  1.047E-04

     Pert. #  1: Fermi energy shift (Ry) =    -5.7824E-19    -2.5679E-34
     Pert. #  2: Fermi energy shift (Ry) =     7.5171E-18    -4.4938E-34

      iter #   2 total cpu time :   500.6 secs   av.it.: 136.1
      thresh= 1.023E-03 alpha_mix =  0.700 |ddv_scf|^2 =  4.210E-04

     Pert. #  1: Fermi energy shift (Ry) =     4.6259E-18    -1.1556E-33
     Pert. #  2: Fermi energy shift (Ry) =    -1.4456E-18    -2.0543E-33

      iter #   3 total cpu time :   566.8 secs   av.it.: 129.0
      thresh= 2.052E-03 alpha_mix =  0.700 |ddv_scf|^2 =  2.883E-07

     Pert. #  1: Fermi energy shift (Ry) =    -2.3130E-18     2.5679E-34
     Pert. #  2: Fermi energy shift (Ry) =    -2.0238E-18    -5.1358E-34

      iter #   4 total cpu time :   636.0 secs   av.it.: 135.2
      thresh= 5.370E-05 alpha_mix =  0.700 |ddv_scf|^2 =  1.139E-08

     Pert. #  1: Fermi energy shift (Ry) =     0.0000E+00     2.5679E-34
     Pert. #  2: Fermi energy shift (Ry) =    -4.3368E-18    -5.1358E-34

      iter #   5 total cpu time :   704.9 secs   av.it.: 134.1
      thresh= 1.067E-05 alpha_mix =  0.700 |ddv_scf|^2 =  6.603E-10

     Pert. #  1: Fermi energy shift (Ry) =     2.8912E-18     2.5679E-34
     Pert. #  2: Fermi energy shift (Ry) =    -2.8912E-18    -5.1358E-34

      iter #   6 total cpu time :   774.3 secs   av.it.: 135.6
      thresh= 2.570E-06 alpha_mix =  0.700 |ddv_scf|^2 =  1.050E-11

     Pert. #  1: Fermi energy shift (Ry) =     2.3130E-18     2.5679E-34
     Pert. #  2: Fermi energy shift (Ry) =    -1.7347E-18    -5.1358E-34

      iter #   7 total cpu time :   842.9 secs   av.it.: 134.3
      thresh= 3.241E-07 alpha_mix =  0.700 |ddv_scf|^2 =  8.679E-13

     Pert. #  1: Fermi energy shift (Ry) =     5.7824E-19     2.5679E-34
     Pert. #  2: Fermi energy shift (Ry) =    -5.2042E-18    -5.1358E-34

      iter #   8 total cpu time :   912.2 secs   av.it.: 135.2
      thresh= 9.316E-08 alpha_mix =  0.700 |ddv_scf|^2 =  9.990E-14

     Pert. #  1: Fermi energy shift (Ry) =     2.3130E-18     2.5679E-34
     Pert. #  2: Fermi energy shift (Ry) =    -2.8912E-19    -5.1358E-34

      iter #   9 total cpu time :   981.5 secs   av.it.: 135.3
      thresh= 3.161E-08 alpha_mix =  0.700 |ddv_scf|^2 =  1.066E-13

     Pert. #  1: Fermi energy shift (Ry) =    -5.7824E-19     2.5679E-34
     Pert. #  2: Fermi energy shift (Ry) =    -5.2042E-18    -5.1358E-34

      iter #  10 total cpu time :  1048.7 secs   av.it.: 130.9
      thresh= 3.265E-08 alpha_mix =  0.700 |ddv_scf|^2 =  6.275E-16

     Pert. #  1: Fermi energy shift (Ry) =     0.0000E+00     2.5679E-34
     Pert. #  2: Fermi energy shift (Ry) =    -1.1565E-18    -5.1358E-34

      iter #  11 total cpu time :  1117.9 secs   av.it.: 135.7
      thresh= 2.505E-09 alpha_mix =  0.700 |ddv_scf|^2 =  1.742E-17

     End of self-consistent calculation

     Convergence has been achieved 


     Representation #   3 mode #   4

     Self-consistent Calculation

     Pert. #  1: Fermi energy shift (Ry) =    -2.3130E-18     0.0000E+00

      iter #   1 total cpu time :  1150.6 secs   av.it.: 125.4
      thresh= 1.000E-02 alpha_mix =  0.700 |ddv_scf|^2 =  1.221E-04

     Pert. #  1: Fermi energy shift (Ry) =    -1.1565E-18    -2.5679E-34

      iter #   2 total cpu time :  1184.4 secs   av.it.: 132.2
      thresh= 1.105E-03 alpha_mix =  0.700 |ddv_scf|^2 =  6.165E-05

     Pert. #  1: Fermi energy shift (Ry) =    -2.3130E-18     0.0000E+00

      iter #   3 total cpu time :  1217.4 secs   av.it.: 128.6
      thresh= 7.852E-04 alpha_mix =  0.700 |ddv_scf|^2 =  4.345E-07

     Pert. #  1: Fermi energy shift (Ry) =    -2.3130E-18     0.0000E+00

      iter #   4 total cpu time :  1251.1 secs   av.it.: 131.0
      thresh= 6.591E-05 alpha_mix =  0.700 |ddv_scf|^2 =  2.196E-09

     Pert. #  1: Fermi energy shift (Ry) =     2.3130E-18     0.0000E+00

      iter #   5 total cpu time :  1284.4 secs   av.it.: 130.0
      thresh= 4.686E-06 alpha_mix =  0.700 |ddv_scf|^2 =  1.269E-10

     Pert. #  1: Fermi energy shift (Ry) =     2.3130E-18     0.0000E+00

      iter #   6 total cpu time :  1317.8 secs   av.it.: 130.7
      thresh= 1.126E-06 alpha_mix =  0.700 |ddv_scf|^2 =  2.208E-12

     Pert. #  1: Fermi energy shift (Ry) =    -2.3130E-18     0.0000E+00

      iter #   7 total cpu time :  1351.4 secs   av.it.: 131.1
      thresh= 1.486E-07 alpha_mix =  0.700 |ddv_scf|^2 =  2.394E-14

     Pert. #  1: Fermi energy shift (Ry) =    -2.3130E-18     0.0000E+00

      iter #   8 total cpu time :  1384.8 secs   av.it.: 130.6
      thresh= 1.547E-08 alpha_mix =  0.700 |ddv_scf|^2 =  3.000E-15

     Pert. #  1: Fermi energy shift (Ry) =     2.3130E-18     0.0000E+00

      iter #   9 total cpu time :  1418.7 secs   av.it.: 131.6
      thresh= 5.477E-09 alpha_mix =  0.700 |ddv_scf|^2 =  7.785E-16

     Pert. #  1: Fermi energy shift (Ry) =    -2.3130E-18     0.0000E+00

      iter #  10 total cpu time :  1452.0 secs   av.it.: 130.0
      thresh= 2.790E-09 alpha_mix =  0.700 |ddv_scf|^2 =  1.624E-17

     End of self-consistent calculation

     Convergence has been achieved 


     Representation #   4 modes #   5   6

     Self-consistent Calculation

     Pert. #  1: Fermi energy shift (Ry) =    -2.3130E-18     0.0000E+00
     Pert. #  2: Fermi energy shift (Ry) =    -1.7347E-18    -5.1358E-34

      iter #   1 total cpu time :  1517.9 secs   av.it.: 125.1
      thresh= 1.000E-02 alpha_mix =  0.700 |ddv_scf|^2 =  6.713E-05

     Pert. #  1: Fermi energy shift (Ry) =     5.7824E-19    -1.5407E-33
     Pert. #  2: Fermi energy shift (Ry) =     1.4456E-19    -1.0272E-33

      iter #   2 total cpu time :  1587.6 secs   av.it.: 136.4
      thresh= 8.193E-04 alpha_mix =  0.700 |ddv_scf|^2 =  2.343E-04

     Pert. #  1: Fermi energy shift (Ry) =    -1.7347E-18     0.0000E+00
     Pert. #  2: Fermi energy shift (Ry) =    -1.1565E-18    -5.1358E-34

      iter #   3 total cpu time :  1654.1 secs   av.it.: 129.5
      thresh= 1.531E-03 alpha_mix =  0.700 |ddv_scf|^2 =  5.718E-08

     Pert. #  1: Fermi energy shift (Ry) =    -2.8912E-18     0.0000E+00
     Pert. #  2: Fermi energy shift (Ry) =     5.7824E-19    -7.7037E-34

      iter #   4 total cpu time :  1723.3 secs   av.it.: 135.3
      thresh= 2.391E-05 alpha_mix =  0.700 |ddv_scf|^2 =  2.442E-09

     Pert. #  1: Fermi energy shift (Ry) =    -1.7347E-18     0.0000E+00
     Pert. #  2: Fermi energy shift (Ry) =    -1.1565E-18    -7.7037E-34

      iter #   5 total cpu time :  1791.3 secs   av.it.: 132.7
      thresh= 4.942E-06 alpha_mix =  0.700 |ddv_scf|^2 =  3.265E-10

     Pert. #  1: Fermi energy shift (Ry) =    -3.4694E-18     0.0000E+00
     Pert. #  2: Fermi energy shift (Ry) =    -2.3130E-18    -7.7037E-34

      iter #   6 total cpu time :  1860.2 secs   av.it.: 134.6
      thresh= 1.807E-06 alpha_mix =  0.700 |ddv_scf|^2 =  5.442E-12

     Pert. #  1: Fermi energy shift (Ry) =    -2.8912E-18     0.0000E+00
     Pert. #  2: Fermi energy shift (Ry) =    -5.7824E-19    -7.7037E-34

      iter #   7 total cpu time :  1929.7 secs   av.it.: 136.2
      thresh= 2.333E-07 alpha_mix =  0.700 |ddv_scf|^2 =  2.338E-13

     Pert. #  1: Fermi energy shift (Ry) =    -3.4694E-18     0.0000E+00
     Pert. #  2: Fermi energy shift (Ry) =     5.7824E-19    -7.7037E-34

      iter #   8 total cpu time :  1998.3 secs   av.it.: 134.1
      thresh= 4.835E-08 alpha_mix =  0.700 |ddv_scf|^2 =  1.284E-14

     Pert. #  1: Fermi energy shift (Ry) =    -1.7347E-18     0.0000E+00
     Pert. #  2: Fermi energy shift (Ry) =    -5.7824E-19    -7.7037E-34

      iter #   9 total cpu time :  2067.2 secs   av.it.: 135.0
      thresh= 1.133E-08 alpha_mix =  0.700 |ddv_scf|^2 =  9.969E-16

     Pert. #  1: Fermi energy shift (Ry) =    -2.8912E-18     0.0000E+00
     Pert. #  2: Fermi energy shift (Ry) =    -5.7824E-19    -7.7037E-34

      iter #  10 total cpu time :  2134.7 secs   av.it.: 132.0
      thresh= 3.157E-09 alpha_mix =  0.700 |ddv_scf|^2 =  1.520E-17

     End of self-consistent calculation

     Convergence has been achieved 

     Number of q in the star =    1
     List of q in the star:
          1   0.000000000   0.000000000   0.000000000

     Diagonalizing the dynamical matrix

     q = (    0.000000000   0.000000000   0.000000000 ) 

 **************************************************************************
     freq (    1) =    -697.249868 [THz] =  -23257.752119 [cm-1]
     freq (    2) =    -697.249868 [THz] =  -23257.752119 [cm-1]
     freq (    3) =    -688.472129 [THz] =  -22964.958272 [cm-1]
     freq (    4) =    -679.710388 [THz] =  -22672.698062 [cm-1]
     freq (    5) =    -672.799956 [THz] =  -22442.190858 [cm-1]
     freq (    6) =    -672.799956 [THz] =  -22442.190858 [cm-1]
 **************************************************************************

     Using the point group D_6h(6/mmm) to classify the modes
     there are 12 classes
     the character table:

       E     2C6   2C3   C2    3C2'  3C2'' i     2S3   2S6   s_h   3s_d  3s_v 
A_1g   1.00  1.00  1.00  1.00  1.00  1.00  1.00  1.00  1.00  1.00  1.00  1.00
A_2g   1.00  1.00  1.00  1.00 -1.00 -1.00  1.00  1.00  1.00  1.00 -1.00 -1.00
B_1g   1.00 -1.00  1.00 -1.00  1.00 -1.00  1.00 -1.00  1.00 -1.00  1.00 -1.00
B_2g   1.00 -1.00  1.00 -1.00 -1.00  1.00  1.00 -1.00  1.00 -1.00 -1.00  1.00
E_1g   2.00  1.00 -1.00 -2.00  0.00  0.00  2.00  1.00 -1.00 -2.00  0.00  0.00
E_2g   2.00 -1.00 -1.00  2.00  0.00  0.00  2.00 -1.00 -1.00  2.00  0.00  0.00
A_1u   1.00  1.00  1.00  1.00  1.00  1.00 -1.00 -1.00 -1.00 -1.00 -1.00 -1.00
A_2u   1.00  1.00  1.00  1.00 -1.00 -1.00 -1.00 -1.00 -1.00 -1.00  1.00  1.00
B_1u   1.00 -1.00  1.00 -1.00  1.00 -1.00 -1.00  1.00 -1.00  1.00 -1.00  1.00
B_2u   1.00 -1.00  1.00 -1.00 -1.00  1.00 -1.00  1.00 -1.00  1.00  1.00 -1.00
E_1u   2.00  1.00 -1.00 -2.00  0.00  0.00 -2.00 -1.00  1.00  2.00  0.00  0.00
E_2u   2.00 -1.00 -1.00  2.00  0.00  0.00 -2.00  1.00  1.00 -2.00  0.00  0.00

     the symmetry operations in each class and the name of the first element:

     E        1
          identity                                               
     2C6      5    6
           60 deg rotation - cryst. axis [0,0,1]                 
     2C3      7    8
          120 deg rotation - cryst. axis [0,0,1]                 
     C2       2
          180 deg rotation - cart. axis [0,0,1]                  
     3C2'     4   12   11
          180 deg rotation - cart. axis [1,0,0]                  
     3C2''    3    9   10
          180 deg rotation - cart. axis [0,1,0]                  
     i       13
          inversion                                              
     2S3     17   18
          inv.  60 deg rotation - cryst. axis [0,0,1]            
     2S6     19   20
          inv. 120 deg rotation - cryst. axis [0,0,1]            
     s_h     14
          inv. 180 deg rotation - cart. axis [0,0,1]             
     3s_d    16   24   23
          inv. 180 deg rotation - cart. axis [1,0,0]             
     3s_v    15   21   22
          inv. 180 deg rotation - cart. axis [0,1,0]             

     Mode symmetry, D_6h(6/mmm) point group:

     freq (   1-   2) =     -23257.8  [cm-1]   --> E_2g            R  
     freq (   3-   3) =     -22965.0  [cm-1]   --> B_1g               
     freq (   4-   4) =     -22672.7  [cm-1]   --> A_2u            I  
     freq (   5-   6) =     -22442.2  [cm-1]   --> E_1u            I  

     THERMO_PW    :  34m45.15s CPU  35m35.35s WALL


   This run was terminated on:  12:43:57  23Jan2024            

=------------------------------------------------------------------------------=
   JOB DONE.
=------------------------------------------------------------------------------=
