
     Program THERMO_PW v.7.2 starts on 24Jan2024 at  8:30:49 

     This program is part of the open-source Quantum ESPRESSO suite
     for quantum simulation of materials; please cite
         "P. Giannozzi et al., J. Phys.:Condens. Matter 21 395502 (2009);
         "P. Giannozzi et al., J. Phys.:Condens. Matter 29 465901 (2017);
         "P. Giannozzi et al., J. Chem. Phys. 152 154105 (2020);
          URL http://www.quantum-espresso.org", 
     in publications or presentations arising from this work. More details at
     http://www.quantum-espresso.org/quote

     Parallel version (MPI), running on    20 processors

     MPI processes distributed on     1 nodes
     K-points division:     npool     =       4
     R & G space division:  proc/nbgrp/npool/nimage =       5
     315943 MiB available memory on the printing compute node when the environment starts

     Reading input from _temporary_1
     file Sc.pz-spn-kjpaw_psl.1.0.0.UPF: wavefunction(s)  3S 3P 3D renormalized

   Info: using nr1, nr2, nr3 values from input


     Doing a phonon calculation

     FFT mesh: (   36,   36,   54 )

     Bravais lattice:

     ibrav=  4: hexagonal
     Cell parameters:

     alat=   6.093687 a.u., c/a=   1.546365


     Starting primitive lattice vectors:
     crystal axes: (cart. coord. in units of alat)

               a(1) = (   1.000000   0.000000   0.000000 )  
               a(2) = (  -0.500000   0.866025   0.000000 )  
               a(3) = (   0.000000   0.000000   1.546365 )  

     Starting reciprocal lattice vectors:
     reciprocal axes: (cart. coord. in units 2 pi/alat)

               b(1) = (  1.000000  0.577350 -0.000000 )  
               b(2) = (  0.000000  1.154701  0.000000 )  
               b(3) = (  0.000000 -0.000000  0.646678 )  

     Starting atomic positions in Cartesian axes:

     site n.     atom                  positions (alat units)
         1           Sc  tau(   1) = (   0.0000000   0.0000000   0.0000000  )
         2           Sc  tau(   2) = (   0.5000000   0.2886751   0.7731825  )

     Starting atomic positions in crystallographic axes:

     site n.     atom                  positions (cryst. coord.)
         1           Sc  tau(   1) = (  0.0000000  0.0000000  0.0000000  )
         2           Sc  tau(   2) = (  0.6666667  0.3333333  0.5000000  )

     The point group 111 D_6h(6/mmm) is compatible with the Bravais lattice.

     The rotation matrices with the order used inside thermo_pw are:

     24 Sym. Ops., with inversion, found (12 have fractional translation)


                          s                  frac. trans.

      isym =  1     identity                                     

 cryst.   s( 1) = (  1    0    0   )
                  (  0    1    0   )
                  (  0    0    1   )

 cart.    s( 1) = (  1.000  0.000  0.000 )
                  (  0.000  1.000  0.000 )
                  (  0.000  0.000  1.000 )


      isym =  2     180 deg rotation - cart. axis [0,0,1]        

 cryst.   s( 2) = ( -1      0      0     )    f =(   0.3333 )
                  (  0     -1      0     )       (  -0.3333 )
                  (  0      0      1     )       (  -0.5000 )

 cart.    s( 2) = ( -1.000  0.000  0.000 )    f =(   0.5000 )
                  (  0.000 -1.000  0.000 )       (  -0.2887 )
                  (  0.000  0.000  1.000 )       (  -0.7732 )


      isym =  3     180 deg rotation - cart. axis [0,1,0]        

 cryst.   s( 3) = ( -1    0    0   )
                  (  1    1    0   )
                  (  0    0   -1   )

 cart.    s( 3) = ( -1.000  0.000  0.000 )
                  (  0.000  1.000  0.000 )
                  (  0.000  0.000 -1.000 )


      isym =  4     180 deg rotation - cart. axis [1,0,0]        

 cryst.   s( 4) = (  1      0      0     )    f =(   0.3333 )
                  ( -1     -1      0     )       (  -0.3333 )
                  (  0      0     -1     )       (   0.5000 )

 cart.    s( 4) = (  1.000  0.000  0.000 )    f =(   0.5000 )
                  (  0.000 -1.000  0.000 )       (  -0.2887 )
                  (  0.000  0.000 -1.000 )       (   0.7732 )


      isym =  5      60 deg rotation - cryst. axis [0,0,1]       

 cryst.   s( 5) = (  1      1      0     )    f =(   0.3333 )
                  ( -1      0      0     )       (  -0.3333 )
                  (  0      0      1     )       (  -0.5000 )

 cart.    s( 5) = (  0.500 -0.866  0.000 )    f =(   0.5000 )
                  (  0.866  0.500  0.000 )       (  -0.2887 )
                  (  0.000  0.000  1.000 )       (  -0.7732 )


      isym =  6      60 deg rotation - cryst. axis [0,0,-1]      

 cryst.   s( 6) = (  0     -1      0     )    f =(   0.3333 )
                  (  1      1      0     )       (  -0.3333 )
                  (  0      0      1     )       (  -0.5000 )

 cart.    s( 6) = (  0.500  0.866  0.000 )    f =(   0.5000 )
                  ( -0.866  0.500  0.000 )       (  -0.2887 )
                  (  0.000  0.000  1.000 )       (  -0.7732 )


      isym =  7     120 deg rotation - cryst. axis [0,0,1]       

 cryst.   s( 7) = (  0    1    0   )
                  ( -1   -1    0   )
                  (  0    0    1   )

 cart.    s( 7) = ( -0.500 -0.866  0.000 )
                  (  0.866 -0.500  0.000 )
                  (  0.000  0.000  1.000 )


      isym =  8     120 deg rotation - cryst. axis [0,0,-1]      

 cryst.   s( 8) = ( -1   -1    0   )
                  (  1    0    0   )
                  (  0    0    1   )

 cart.    s( 8) = ( -0.500  0.866  0.000 )
                  ( -0.866 -0.500  0.000 )
                  (  0.000  0.000  1.000 )


      isym =  9     180 deg rotation - cryst. axis [1,-1,0]      

 cryst.   s( 9) = (  0   -1    0   )
                  ( -1    0    0   )
                  (  0    0   -1   )

 cart.    s( 9) = (  0.500 -0.866  0.000 )
                  ( -0.866 -0.500  0.000 )
                  (  0.000  0.000 -1.000 )


      isym = 10     180 deg rotation - cryst. axis [2,1,0]       

 cryst.   s(10) = (  1    1    0   )
                  (  0   -1    0   )
                  (  0    0   -1   )

 cart.    s(10) = (  0.500  0.866  0.000 )
                  (  0.866 -0.500  0.000 )
                  (  0.000  0.000 -1.000 )


      isym = 11     180 deg rotation - cryst. axis [0,1,0]       

 cryst.   s(11) = ( -1     -1      0     )    f =(   0.3333 )
                  (  0      1      0     )       (  -0.3333 )
                  (  0      0     -1     )       (   0.5000 )

 cart.    s(11) = ( -0.500 -0.866  0.000 )    f =(   0.5000 )
                  ( -0.866  0.500  0.000 )       (  -0.2887 )
                  (  0.000  0.000 -1.000 )       (   0.7732 )


      isym = 12     180 deg rotation - cryst. axis [1,1,0]       

 cryst.   s(12) = (  0      1      0     )    f =(   0.3333 )
                  (  1      0      0     )       (  -0.3333 )
                  (  0      0     -1     )       (   0.5000 )

 cart.    s(12) = ( -0.500  0.866  0.000 )    f =(   0.5000 )
                  (  0.866  0.500  0.000 )       (  -0.2887 )
                  (  0.000  0.000 -1.000 )       (   0.7732 )


      isym = 13     inversion                                    

 cryst.   s(13) = ( -1      0      0     )    f =(   0.3333 )
                  (  0     -1      0     )       (  -0.3333 )
                  (  0      0     -1     )       (   0.5000 )

 cart.    s(13) = ( -1.000  0.000  0.000 )    f =(   0.5000 )
                  (  0.000 -1.000  0.000 )       (  -0.2887 )
                  (  0.000  0.000 -1.000 )       (   0.7732 )


      isym = 14     inv. 180 deg rotation - cart. axis [0,0,1]   

 cryst.   s(14) = (  1    0    0   )
                  (  0    1    0   )
                  (  0    0   -1   )

 cart.    s(14) = (  1.000  0.000  0.000 )
                  (  0.000  1.000  0.000 )
                  (  0.000  0.000 -1.000 )


      isym = 15     inv. 180 deg rotation - cart. axis [0,1,0]   

 cryst.   s(15) = (  1      0      0     )    f =(   0.3333 )
                  ( -1     -1      0     )       (  -0.3333 )
                  (  0      0      1     )       (  -0.5000 )

 cart.    s(15) = (  1.000  0.000  0.000 )    f =(   0.5000 )
                  (  0.000 -1.000  0.000 )       (  -0.2887 )
                  (  0.000  0.000  1.000 )       (  -0.7732 )


      isym = 16     inv. 180 deg rotation - cart. axis [1,0,0]   

 cryst.   s(16) = ( -1    0    0   )
                  (  1    1    0   )
                  (  0    0    1   )

 cart.    s(16) = ( -1.000  0.000  0.000 )
                  (  0.000  1.000  0.000 )
                  (  0.000  0.000  1.000 )


      isym = 17     inv.  60 deg rotation - cryst. axis [0,0,1]  

 cryst.   s(17) = ( -1   -1    0   )
                  (  1    0    0   )
                  (  0    0   -1   )

 cart.    s(17) = ( -0.500  0.866  0.000 )
                  ( -0.866 -0.500  0.000 )
                  (  0.000  0.000 -1.000 )


      isym = 18     inv.  60 deg rotation - cryst. axis [0,0,-1] 

 cryst.   s(18) = (  0    1    0   )
                  ( -1   -1    0   )
                  (  0    0   -1   )

 cart.    s(18) = ( -0.500 -0.866  0.000 )
                  (  0.866 -0.500  0.000 )
                  (  0.000  0.000 -1.000 )


      isym = 19     inv. 120 deg rotation - cryst. axis [0,0,1]  

 cryst.   s(19) = (  0     -1      0     )    f =(   0.3333 )
                  (  1      1      0     )       (  -0.3333 )
                  (  0      0     -1     )       (   0.5000 )

 cart.    s(19) = (  0.500  0.866  0.000 )    f =(   0.5000 )
                  ( -0.866  0.500  0.000 )       (  -0.2887 )
                  (  0.000  0.000 -1.000 )       (   0.7732 )


      isym = 20     inv. 120 deg rotation - cryst. axis [0,0,-1] 

 cryst.   s(20) = (  1      1      0     )    f =(   0.3333 )
                  ( -1      0      0     )       (  -0.3333 )
                  (  0      0     -1     )       (   0.5000 )

 cart.    s(20) = (  0.500 -0.866  0.000 )    f =(   0.5000 )
                  (  0.866  0.500  0.000 )       (  -0.2887 )
                  (  0.000  0.000 -1.000 )       (   0.7732 )


      isym = 21     inv. 180 deg rotation - cryst. axis [1,-1,0] 

 cryst.   s(21) = (  0      1      0     )    f =(   0.3333 )
                  (  1      0      0     )       (  -0.3333 )
                  (  0      0      1     )       (  -0.5000 )

 cart.    s(21) = ( -0.500  0.866  0.000 )    f =(   0.5000 )
                  (  0.866  0.500  0.000 )       (  -0.2887 )
                  (  0.000  0.000  1.000 )       (  -0.7732 )


      isym = 22     inv. 180 deg rotation - cryst. axis [2,1,0]  

 cryst.   s(22) = ( -1     -1      0     )    f =(   0.3333 )
                  (  0      1      0     )       (  -0.3333 )
                  (  0      0      1     )       (  -0.5000 )

 cart.    s(22) = ( -0.500 -0.866  0.000 )    f =(   0.5000 )
                  ( -0.866  0.500  0.000 )       (  -0.2887 )
                  (  0.000  0.000  1.000 )       (  -0.7732 )


      isym = 23     inv. 180 deg rotation - cryst. axis [0,1,0]  

 cryst.   s(23) = (  1    1    0   )
                  (  0   -1    0   )
                  (  0    0    1   )

 cart.    s(23) = (  0.500  0.866  0.000 )
                  (  0.866 -0.500  0.000 )
                  (  0.000  0.000  1.000 )


      isym = 24     inv. 180 deg rotation - cryst. axis [1,1,0]  

 cryst.   s(24) = (  0   -1    0   )
                  ( -1    0    0   )
                  (  0    0    1   )

 cart.    s(24) = (  0.500 -0.866  0.000 )
                  ( -0.866 -0.500  0.000 )
                  (  0.000  0.000  1.000 )


     point group D_6h(6/mmm)
     there are 12 classes
     the character table:

       E     2C6   2C3   C2    3C2'  3C2'' i     2S3   2S6   s_h   3s_d  3s_v 
A_1g   1.00  1.00  1.00  1.00  1.00  1.00  1.00  1.00  1.00  1.00  1.00  1.00
A_2g   1.00  1.00  1.00  1.00 -1.00 -1.00  1.00  1.00  1.00  1.00 -1.00 -1.00
B_1g   1.00 -1.00  1.00 -1.00  1.00 -1.00  1.00 -1.00  1.00 -1.00  1.00 -1.00
B_2g   1.00 -1.00  1.00 -1.00 -1.00  1.00  1.00 -1.00  1.00 -1.00 -1.00  1.00
E_1g   2.00  1.00 -1.00 -2.00  0.00  0.00  2.00  1.00 -1.00 -2.00  0.00  0.00
E_2g   2.00 -1.00 -1.00  2.00  0.00  0.00  2.00 -1.00 -1.00  2.00  0.00  0.00
A_1u   1.00  1.00  1.00  1.00  1.00  1.00 -1.00 -1.00 -1.00 -1.00 -1.00 -1.00
A_2u   1.00  1.00  1.00  1.00 -1.00 -1.00 -1.00 -1.00 -1.00 -1.00  1.00  1.00
B_1u   1.00 -1.00  1.00 -1.00  1.00 -1.00 -1.00  1.00 -1.00  1.00 -1.00  1.00
B_2u   1.00 -1.00  1.00 -1.00 -1.00  1.00 -1.00  1.00 -1.00  1.00  1.00 -1.00
E_1u   2.00  1.00 -1.00 -2.00  0.00  0.00 -2.00 -1.00  1.00  2.00  0.00  0.00
E_2u   2.00 -1.00 -1.00  2.00  0.00  0.00 -2.00  1.00  1.00 -2.00  0.00  0.00

     the symmetry operations in each class and the name of the first element:

     E        1
          identity                                               
     2C6      5    6
           60 deg rotation - cryst. axis [0,0,1]                 
     2C3      7    8
          120 deg rotation - cryst. axis [0,0,1]                 
     C2       2
          180 deg rotation - cart. axis [0,0,1]                  
     3C2'     4   12   11
          180 deg rotation - cart. axis [1,0,0]                  
     3C2''    3    9   10
          180 deg rotation - cart. axis [0,1,0]                  
     i       13
          inversion                                              
     2S3     17   18
          inv.  60 deg rotation - cryst. axis [0,0,1]            
     2S6     19   20
          inv. 120 deg rotation - cryst. axis [0,0,1]            
     s_h     14
          inv. 180 deg rotation - cart. axis [0,0,1]             
     3s_d    16   24   23
          inv. 180 deg rotation - cart. axis [1,0,0]             
     3s_v    15   21   22
          inv. 180 deg rotation - cart. axis [0,1,0]             

     Space group identification,  24 symmetries:

     Bravais lattice   4  hexagonal                               
     Point group number  23 / 111  D_6h(6/mmm)

     The coset representatives of the space group with
     the standard order of operations are:

     Fractional translations in crystal coordinates

      PGS    Fract. transl. (all)          Fract. transl. (no shift)   SGS

        E   1 -0.0000 -0.0000 -0.0000      0.0000  0.0000  0.0000         E   1
       6z  25 -0.3333  0.3333  0.5000      0.0000  0.0000  0.5000       6z3 110
       3z  27 -0.0000 -0.0000 -0.0000      0.0000  0.0000  0.0000        3z  27
       2z   2 -0.3333  0.3333  0.5000      0.0000  0.0000  0.5000       2z1  65
      3-z  28 -0.0000 -0.0000 -0.0000     -0.0000  0.0000  0.0000       3-z  28
      6-z  26 -0.3333  0.3333  0.5000     -0.0000  0.0000  0.5000      6-z3 115
       2x   4 -0.3333  0.3333 -0.5000     -0.5000 -0.0000  0.0000       2x1  67
     2210  30 -0.0000 -0.0000 -0.0000      0.0000  0.0000  0.0000      2210  30
     2110  32 -0.3333  0.3333 -0.5000      0.0000  0.0000  0.0000      2110  32
       2y   3 -0.0000 -0.0000 -0.0000      0.0000  0.0000  0.0000        2y   3
     2010  31 -0.3333  0.3333 -0.5000      0.0000  0.5000  0.0000     20101 124
    21-10  29 -0.0000 -0.0000 -0.0000      0.0000  0.0000  0.0000     21-10  29
        i  33 -0.3333  0.3333 -0.5000      0.0000  0.0000  0.0000         i  33
      i6z  57 -0.0000 -0.0000 -0.0000      0.0000  0.0000  0.0000       i6z  57
      i3z  59 -0.3333  0.3333 -0.5000      0.0000  0.0000  0.0000       i3z  59
      i2z  34 -0.0000 -0.0000 -0.0000      0.0000  0.0000  0.0000       i2z  34
     i3-z  60 -0.3333  0.3333 -0.5000      0.0000  0.0000  0.0000      i3-z  60
     i6-z  58 -0.0000 -0.0000 -0.0000      0.0000  0.0000  0.0000      i6-z  58
      i2x  36 -0.0000 -0.0000 -0.0000      0.0000  0.0000  0.0000       i2x  36
    i2210  62 -0.3333  0.3333  0.5000     -0.0000  0.5000  0.5000    i2210n 167
    i2110  64 -0.0000 -0.0000 -0.0000      0.0000  0.0000  0.0000     i2110  64
      i2y  35 -0.3333  0.3333  0.5000     -0.5000  0.0000  0.5000      i2yn 132
    i2010  63 -0.0000 -0.0000 -0.0000      0.0000  0.0000  0.0000     i2010  63
   i21-10  61 -0.3333  0.3333  0.5000      0.0000 -0.0000  0.5000   i21-10c 163

     PGS = Point group symmetry, SGS = space group symmetry 
     (no shift) means the part of the fractional translation
     that cannot be removed by an origin shift

     Fractional translation shift and origin shift in crystal coordinates

      PGS      FT shift                    &Origin shift                 SGS

        E   1 -0.0000 -0.0000 -0.0000      0.0000  0.0000  0.0000         E   1
       6z  25 -0.3333  0.3333  0.0000     -0.6667 -0.3333  0.0000       6z3 110
       3z  27  0.0000  0.0000  0.0000      0.0000  0.0000  0.0000        3z  27
       2z   2 -0.3333  0.3333  0.0000     -0.1667  0.1667  0.0000       2z1  65
      3-z  28  0.0000  0.0000  0.0000      0.0000  0.0000  0.0000       3-z  28
      6-z  26 -0.3333  0.3333  0.0000      0.3333  0.6667  0.0000      6-z3 115
       2x   4  0.1667  0.3333 -0.5000      0.0833  0.1667 -0.2500       2x1  67
     2210  30  0.0000  0.0000  0.0000      0.0000  0.0000  0.0000      2210  30
     2110  32 -0.3333  0.3333 -0.5000     -0.1667  0.1667 -0.2500      2110  32
       2y   3  0.0000  0.0000  0.0000      0.0000  0.0000  0.0000        2y   3
     2010  31 -0.3333 -0.1667 -0.5000     -0.1667 -0.0833 -0.2500     20101 124
    21-10  29  0.0000  0.0000  0.0000      0.0000  0.0000  0.0000     21-10  29
        i  33 -0.3333  0.3333 -0.5000     -0.1667  0.1667 -0.2500         i  33
      i6z  57 -0.0000 -0.0000 -0.0000      0.0000  0.0000  0.0000       i6z  57
      i3z  59 -0.3333  0.3333 -0.5000      0.3333  0.6667 -0.2500       i3z  59
      i2z  34  0.0000  0.0000  0.0000      0.0000  0.0000  0.0000       i2z  34
     i3-z  60 -0.3333  0.3333 -0.5000     -0.6667 -0.3333 -0.2500      i3-z  60
     i6-z  58 -0.0000 -0.0000 -0.0000      0.0000  0.0000  0.0000      i6-z  58
      i2x  36  0.0000  0.0000  0.0000      0.0000  0.0000  0.0000       i2x  36
    i2210  62 -0.3333 -0.1667  0.0000     -0.1667 -0.0833  0.0000    i2210n 167
    i2110  64  0.0000  0.0000  0.0000      0.0000  0.0000  0.0000     i2110  64
      i2y  35  0.1667  0.3333  0.0000      0.0833  0.1667  0.0000      i2yn 132
    i2010  63  0.0000  0.0000  0.0000      0.0000  0.0000  0.0000     i2010  63
   i21-10  61 -0.3333  0.3333  0.0000     -0.1667  0.1667  0.0000   i21-10c 163


     The origin shift gives the point of application of the symmetry
     Subtract this vector from all atomic coordinates
     to have this symmetry centered at the origin


     Space group number  194

     Space group P6_3/mmc   (group number 194).
     The origin coincides with the ITA tables.

     The Laue class is D_6h(6/mmm)

     ----------------------------------------------------------------------
     Ions are relaxed in each calculation
     ----------------------------------------------------------------------

     Total mass of this unit cell         89.1920 a.m.u.
     Density of this solid                3298.29 kg/m^3         3.2983 g/cm^3

  ++++++++++++++++++++++++++++++++++++++++++++++++++++++++++++++++++++++++++++
     Doing a self-consistent calculation
  ++++++++++++++++++++++++++++++++++++++++++++++++++++++++++++++++++++++++++++


     Current dimensions of program PWSCF are:
     Max number of different atomic species (ntypx) = 10
     Max number of k-points (npk) = 120000
     Max angular momentum in pseudopotentials (lmaxx) =  4

     WARNING: check_stop already initialized

     K-points division:     npool     =       4
     R & G space division:  proc/nbgrp/npool/nimage =       5
     Subspace diagonalization in iterative solution of the eigenvalue problem:
     a serial algorithm will be used


     Parallelization info
     --------------------
     sticks:   dense  smooth     PW     G-vecs:    dense   smooth      PW
     Min         164     144     43                 5856     4796     835
     Max         165     145     45                 5859     4801     835
     Sum         823     721    223                29291    23991    4175

     Using Slab Decomposition



     bravais-lattice index     =            4
     lattice parameter (alat)  =       6.0937  a.u.
     unit-cell volume          =     303.0282 (a.u.)^3
     number of atoms/cell      =            2
     number of atomic types    =            1
     number of electrons       =        22.00
     number of Kohn-Sham states=           15
     kinetic-energy cutoff     =      70.0000  Ry
     charge density cutoff     =     320.0000  Ry
     scf convergence threshold =      1.0E-10
     mixing beta               =       0.7000
     number of iterations used =            8  plain     mixing
     Exchange-correlation= SLA  PZ   NOGX NOGC
                           (   1   1   0   0   0   0   0)

     celldm(1)=   6.093687  celldm(2)=   0.000000  celldm(3)=   1.546365
     celldm(4)=   0.000000  celldm(5)=   0.000000  celldm(6)=   0.000000

     crystal axes: (cart. coord. in units of alat)
               a(1) = (   1.000000   0.000000   0.000000 )  
               a(2) = (  -0.500000   0.866025   0.000000 )  
               a(3) = (   0.000000   0.000000   1.546365 )  

     reciprocal axes: (cart. coord. in units 2 pi/alat)
               b(1) = (  1.000000  0.577350 -0.000000 )  
               b(2) = (  0.000000  1.154701  0.000000 )  
               b(3) = (  0.000000 -0.000000  0.646678 )  


     PseudoPot. # 1 for Sc read from file:
     /home/atan/sissa_es02/Sc.pz-spn-kjpaw_psl.1.0.0.UPF
     MD5 check sum: 1f9095df0bb42a6568b4e9f256ff075f
     Pseudo is Projector augmented-wave + core cor, Zval = 11.0
     Generated using 'atomic' code by A. Dal Corso  v.7.1
     Shape of augmentation charge: PSQ
     Using radial grid of 1173 points,  6 beta functions with: 
                l(1) =   0
                l(2) =   0
                l(3) =   1
                l(4) =   1
                l(5) =   2
                l(6) =   2
     Q(r) pseudized with 0 coefficients 


     atomic species   valence    mass     pseudopotential
        Sc            11.00    44.59600     Sc( 1.00)

     24 Sym. Ops., with inversion, found (12 have fractional translation)



   Cartesian axes

     site n.     atom                  positions (alat units)
         1           Sc  tau(   1) = (   0.0000000   0.0000000   0.0000000  )
         2           Sc  tau(   2) = (   0.5000000   0.2886751   0.7731825  )

     number of k points=   540  Marzari-Vanderbilt smearing, width (Ry)=  0.0200

     Number of k-points >= 100: set verbosity='high' to print them.

     Dense  grid:    29291 G-vectors     FFT dimensions: (  36,  36,  54)

     Smooth grid:    23991 G-vectors     FFT dimensions: (  36,  36,  54)

     Estimated max dynamical RAM per process >      28.08 MB

     Estimated total dynamical RAM >     540.22 MB

     Check: negative core charge=   -0.000016

     Initial potential from superposition of free atoms

     starting charge      21.9956, renormalised to      22.0000
     Starting wfcs are   20 randomized atomic wfcs
     Checking if some PAW data can be deallocated... 

     total cpu time spent up to now is        2.7 secs

     Self-consistent Calculation

     iteration #  1     ecut=    70.00 Ry     beta= 0.70
     Davidson diagonalization with overlap
     ethr =  1.00E-02,  avg # of iterations =  2.3

     Threshold (ethr) on eigenvalues was too large:
     Diagonalizing with lowered threshold

     Davidson diagonalization with overlap
     c_bands:  1 eigenvalues not converged
     c_bands:  1 eigenvalues not converged
     c_bands:  1 eigenvalues not converged
     c_bands:  1 eigenvalues not converged
     c_bands:  1 eigenvalues not converged
     c_bands:  1 eigenvalues not converged
     c_bands:  2 eigenvalues not converged
     c_bands:  1 eigenvalues not converged
     c_bands:  2 eigenvalues not converged
     c_bands:  1 eigenvalues not converged
     c_bands:  2 eigenvalues not converged
     c_bands:  2 eigenvalues not converged
     c_bands:  1 eigenvalues not converged
     c_bands:  1 eigenvalues not converged
     c_bands:  4 eigenvalues not converged
     c_bands:  1 eigenvalues not converged
     c_bands:  5 eigenvalues not converged
     c_bands:  5 eigenvalues not converged
     c_bands:  3 eigenvalues not converged
     c_bands:  1 eigenvalues not converged
     c_bands:  2 eigenvalues not converged
     c_bands:  3 eigenvalues not converged
     c_bands:  2 eigenvalues not converged
     c_bands:  2 eigenvalues not converged
     c_bands:  1 eigenvalues not converged
     c_bands:  2 eigenvalues not converged
     c_bands:  4 eigenvalues not converged
     c_bands:  5 eigenvalues not converged
     c_bands:  5 eigenvalues not converged
     c_bands:  3 eigenvalues not converged
     c_bands:  5 eigenvalues not converged
     c_bands:  3 eigenvalues not converged
     c_bands:  1 eigenvalues not converged
     c_bands:  1 eigenvalues not converged
     c_bands:  1 eigenvalues not converged
     c_bands:  1 eigenvalues not converged
     c_bands:  1 eigenvalues not converged
     c_bands:  1 eigenvalues not converged
     c_bands:  3 eigenvalues not converged
     c_bands:  2 eigenvalues not converged
     c_bands:  1 eigenvalues not converged
     c_bands:  1 eigenvalues not converged
     c_bands:  1 eigenvalues not converged
     c_bands:  1 eigenvalues not converged
     c_bands:  1 eigenvalues not converged
     c_bands:  1 eigenvalues not converged
     c_bands:  2 eigenvalues not converged
     c_bands:  1 eigenvalues not converged
     c_bands:  1 eigenvalues not converged
     c_bands:  3 eigenvalues not converged
     c_bands:  2 eigenvalues not converged
     c_bands:  2 eigenvalues not converged
     c_bands:  2 eigenvalues not converged
     c_bands:  4 eigenvalues not converged
     c_bands:  1 eigenvalues not converged
     ethr =  1.36E-05,  avg # of iterations = 18.0

     total cpu time spent up to now is       32.6 secs

     total energy              =    -306.87467186 Ry
     estimated scf accuracy    <       0.01670002 Ry

     iteration #  2     ecut=    70.00 Ry     beta= 0.70
     Davidson diagonalization with overlap
     ethr =  7.59E-05,  avg # of iterations =  4.3

     total cpu time spent up to now is       38.9 secs

     total energy              =    -306.87853349 Ry
     estimated scf accuracy    <       0.00099688 Ry

     iteration #  3     ecut=    70.00 Ry     beta= 0.70
     Davidson diagonalization with overlap
     c_bands:  1 eigenvalues not converged
     c_bands:  1 eigenvalues not converged
     c_bands:  1 eigenvalues not converged
     c_bands:  1 eigenvalues not converged
     c_bands:  2 eigenvalues not converged
     c_bands:  1 eigenvalues not converged
     c_bands:  1 eigenvalues not converged
     c_bands:  1 eigenvalues not converged
     ethr =  4.53E-06,  avg # of iterations =  9.2

     total cpu time spent up to now is       49.0 secs

     total energy              =    -306.87937743 Ry
     estimated scf accuracy    <       0.00027241 Ry

     iteration #  4     ecut=    70.00 Ry     beta= 0.70
     Davidson diagonalization with overlap
     c_bands:  2 eigenvalues not converged
     c_bands:  1 eigenvalues not converged
     c_bands:  1 eigenvalues not converged
     ethr =  1.24E-06,  avg # of iterations =  6.6

     total cpu time spent up to now is       56.7 secs

     total energy              =    -306.87951544 Ry
     estimated scf accuracy    <       0.00011857 Ry

     iteration #  5     ecut=    70.00 Ry     beta= 0.70
     Davidson diagonalization with overlap
     ethr =  5.39E-07,  avg # of iterations =  6.1

     total cpu time spent up to now is       64.0 secs

     total energy              =    -306.87956851 Ry
     estimated scf accuracy    <       0.00000637 Ry

     iteration #  6     ecut=    70.00 Ry     beta= 0.70
     Davidson diagonalization with overlap
     c_bands:  1 eigenvalues not converged
     ethr =  2.90E-08,  avg # of iterations = 11.0

     total cpu time spent up to now is       75.2 secs

     total energy              =    -306.87957246 Ry
     estimated scf accuracy    <       0.00001021 Ry

     iteration #  7     ecut=    70.00 Ry     beta= 0.70
     Davidson diagonalization with overlap
     ethr =  2.90E-08,  avg # of iterations =  6.7

     total cpu time spent up to now is       82.9 secs

     total energy              =    -306.87957600 Ry
     estimated scf accuracy    <       0.00000190 Ry

     iteration #  8     ecut=    70.00 Ry     beta= 0.70
     Davidson diagonalization with overlap
     ethr =  8.66E-09,  avg # of iterations =  5.0

     total cpu time spent up to now is       89.4 secs

     total energy              =    -306.87957669 Ry
     estimated scf accuracy    <       0.00000003 Ry

     iteration #  9     ecut=    70.00 Ry     beta= 0.70
     Davidson diagonalization with overlap
     c_bands:  1 eigenvalues not converged
     c_bands:  1 eigenvalues not converged
     c_bands:  2 eigenvalues not converged
     c_bands:  1 eigenvalues not converged
     ethr =  1.58E-10,  avg # of iterations = 15.7

     total cpu time spent up to now is      105.9 secs

     total energy              =    -306.87957688 Ry
     estimated scf accuracy    <       0.00000001 Ry

     iteration # 10     ecut=    70.00 Ry     beta= 0.70
     Davidson diagonalization with overlap
     c_bands:  1 eigenvalues not converged
     ethr =  6.48E-11,  avg # of iterations =  3.2

     total cpu time spent up to now is      111.6 secs

     total energy              =    -306.87957688 Ry
     estimated scf accuracy    <          4.2E-09 Ry

     iteration # 11     ecut=    70.00 Ry     beta= 0.70
     Davidson diagonalization with overlap
     ethr =  1.92E-11,  avg # of iterations =  9.3

     total cpu time spent up to now is      120.8 secs

     total energy              =    -306.87957688 Ry
     estimated scf accuracy    <          6.2E-09 Ry

     iteration # 12     ecut=    70.00 Ry     beta= 0.70
     Davidson diagonalization with overlap
     ethr =  1.92E-11,  avg # of iterations =  1.6

     total cpu time spent up to now is      125.3 secs

     total energy              =    -306.87957688 Ry
     estimated scf accuracy    <          2.1E-09 Ry

     iteration # 13     ecut=    70.00 Ry     beta= 0.70
     Davidson diagonalization with overlap
     ethr =  9.76E-12,  avg # of iterations =  5.6

     total cpu time spent up to now is      131.5 secs

     End of self-consistent calculation

     Number of k-points >= 100: set verbosity='high' to print the bands.

     the Fermi energy is    10.0663 ev

!    total energy              =    -306.87957688 Ry
     total all-electron energy =     -3050.020348 Ry
     estimated scf accuracy    <          2.1E-11 Ry
     smearing contrib. (-TS)   =      -0.00083018 Ry
     internal energy E=F+TS    =    -306.87874670 Ry

     The total energy is F=E-TS. E is the sum of the following terms:
     one-electron contribution =     -67.48750454 Ry
     hartree contribution      =      40.08949183 Ry
     xc contribution           =     -34.67336823 Ry
     ewald contribution        =    -131.05084962 Ry
     one-center paw contrib.   =    -113.75651614 Ry

     convergence has been achieved in  13 iterations

     Writing all to output data dir ../tmp//g1/sc.save/

     %%%%%%%%%%%%%%%%%%%%%%%%%%%%%%%%%%%%%%%%
     Computing geometry     1
     %%%%%%%%%%%%%%%%%%%%%%%%%%%%%%%%%%%%%%%%

     Waiting for input...
     Reading input from standard input

     Reading xml data from directory:

     ../tmp//g1/sc.save/
     file Sc.pz-spn-kjpaw_psl.1.0.0.UPF: wavefunction(s)  3S 3P 3D renormalized

     IMPORTANT: XC functional enforced from input :
     Exchange-correlation= PZ
                           (   1   1   0   0   0   0   0)
     Any further DFT definition will be discarded
     Please, verify this is what you really want


     Parallelization info
     --------------------
     sticks:   dense  smooth     PW     G-vecs:    dense   smooth      PW
     Min         164     144     43                 5856     4796     835
     Max         165     145     45                 5859     4801     835
     Sum         823     721    223                29291    23991    4175

     Using Slab Decomposition


     Check: negative core charge=   -0.000016
     Reading collected, re-writing distributed wavefunctions

  ++++++++++++++++++++++++++++++++++++++++++++++++++++++++++++++++++++++++++++
     Doing work    1 /     1
     Doing the work of image    1 of geometry    1
      q point number     1, representations:
       0 1 2 3 4
  ++++++++++++++++++++++++++++++++++++++++++++++++++++++++++++++++++++++++++++


                          --------------------------
     Calculation of q =    0.0000000   0.0000000   0.0000000
                          --------------------------


     Parallelization info
     --------------------
     sticks:   dense  smooth     PW     G-vecs:    dense   smooth      PW
     Min         164     144     43                 5856     4796     835
     Max         165     145     45                 5859     4801     835
     Sum         823     721    223                29291    23991    4175

     Using Slab Decomposition


     Title: 
     phonons at Gamma                                                           


     bravais-lattice index     =            4
     lattice parameter (alat)  =       6.0937  a.u.
     unit-cell volume          =     303.0282 (a.u.)^3
     number of atoms/cell      =            2
     number of atomic types    =            1
     number of electrons       =        22.00
     number of Kohn-Sham states=           15
     kinetic-energy cutoff     =      70.0000  Ry
     charge density cutoff     =     320.0000  Ry
     Exchange-correlation= PZ
                           (   1   1   0   0   0   0   0)

     celldm(1)=   6.093687  celldm(2)=   0.000000  celldm(3)=   1.546365
     celldm(4)=   0.000000  celldm(5)=   0.000000  celldm(6)=   0.000000

     crystal axes: (cart. coord. in units of alat)
               a(1) = (   1.000000   0.000000   0.000000 )  
               a(2) = (  -0.500000   0.866025   0.000000 )  
               a(3) = (   0.000000   0.000000   1.546365 )  

     reciprocal axes: (cart. coord. in units 2 pi/alat)
               b(1) = (  1.000000  0.577350 -0.000000 )  
               b(2) = (  0.000000  1.154701  0.000000 )  
               b(3) = (  0.000000 -0.000000  0.646678 )  


     PseudoPot. # 1 for Sc read from file:
     /home/atan/sissa_es02/Sc.pz-spn-kjpaw_psl.1.0.0.UPF
     MD5 check sum: 1f9095df0bb42a6568b4e9f256ff075f
     Pseudo is Projector augmented-wave + core cor, Zval = 11.0
     Generated using 'atomic' code by A. Dal Corso  v.7.1
     Shape of augmentation charge: PSQ
     Using radial grid of 1173 points,  6 beta functions with: 
                l(1) =   0
                l(2) =   0
                l(3) =   1
                l(4) =   1
                l(5) =   2
                l(6) =   2
     Q(r) pseudized with 0 coefficients 


     atomic species   valence    mass     pseudopotential
        Sc            11.00    44.59600     Sc( 1.00)

     24 Sym. Ops., with inversion, found (12 have fractional translation)



   Cartesian axes

     site n.     atom                  positions (alat units)
         1           Sc  tau(   1) = (   0.0000000   0.0000000   0.0000000  )
         2           Sc  tau(   2) = (   0.5000000   0.2886751   0.7731825  )

     number of k points=   540  Marzari-Vanderbilt smearing, width (Ry)=  0.0200

     Number of k-points >= 100: set verbosity='high' to print them.

     Dense  grid:    29291 G-vectors     FFT dimensions: (  36,  36,  54)

     Smooth grid:    23991 G-vectors     FFT dimensions: (  36,  36,  54)

     Estimated max dynamical RAM per process >       7.96 MB

     Estimated total dynamical RAM >     159.12 MB

     Check: negative core charge=   -0.000016

     The potential is recalculated from file :
     ../tmp//g1/_ph0/sc.save/charge-density

     Starting wfcs are   20 atomic wfcs
     Checking if some PAW data can be deallocated... 

     Band Structure Calculation
     Davidson diagonalization with overlap
     c_bands:  1 eigenvalues not converged

     ethr =  4.55E-11,  avg # of iterations = 38.8

     Total points  540
     Diagonalized points  540   Symmetrized points    0

     total cpu time spent up to now is      182.0 secs

     End of band structure calculation

     Number of k-points >= 100: set verbosity='high' to print the bands.

     the Fermi energy is    10.0663 ev
     (compare with:    10.0663 eV, computed in scf)

     Writing config to output data dir ../tmp//g1/_ph0/sc.save/

     phonons at Gamma                                                           

     bravais-lattice index     =            4
     lattice parameter (alat)  =       6.0937  a.u.
     unit-cell volume          =     303.0282 (a.u.)^3
     number of atoms/cell      =            2
     number of atomic types    =            1
     kinetic-energy cut-off    =      70.0000  Ry
     charge density cut-off    =     320.0000  Ry
     convergence threshold     =      1.0E-16
     beta                      =       0.7000
     number of iterations used =            4
     Exchange-correlation= PZ
                           (   1   1   0   0   0   0   0)


     celldm(1)=    6.09369  celldm(2)=    0.00000  celldm(3)=    1.54637
     celldm(4)=    0.00000  celldm(5)=    0.00000  celldm(6)=    0.00000

     crystal axes: (cart. coord. in units of alat)
               a(1) = (  1.0000  0.0000  0.0000 )  
               a(2) = ( -0.5000  0.8660  0.0000 )  
               a(3) = (  0.0000  0.0000  1.5464 )  

     reciprocal axes: (cart. coord. in units 2 pi/alat)
               b(1) = (  1.0000  0.5774 -0.0000 )  
               b(2) = (  0.0000  1.1547  0.0000 )  
               b(3) = (  0.0000 -0.0000  0.6467 )  


     Atoms inside the unit cell: 

     Cartesian axes

     site n.  atom      mass           positions (alat units)
        1     Sc  44.5960   tau(    1) = (    0.00000    0.00000    0.00000  )
        2     Sc  44.5960   tau(    2) = (    0.50000    0.28868    0.77318  )

     Computing dynamical matrix for 
                    q = (   0.0000000   0.0000000   0.0000000 )

     25 Sym.Ops. (with q -> -q+G )


     G cutoff =  300.9889  (   5858 G-vectors)     FFT grid: ( 36, 36, 54)
     G cutoff =  263.3653  (   4798 G-vectors)  smooth grid: ( 36, 36, 54)

     number of k points=   540  Marzari-Vanderbilt smearing, width (Ry)=  0.0200

     PseudoPot. # 1 for Sc read from file:
     /home/atan/sissa_es02/Sc.pz-spn-kjpaw_psl.1.0.0.UPF
     MD5 check sum: 1f9095df0bb42a6568b4e9f256ff075f
     Pseudo is Projector augmented-wave + core cor, Zval = 11.0
     Generated using 'atomic' code by A. Dal Corso  v.7.1
     Shape of augmentation charge: PSQ
     Using radial grid of 1173 points,  6 beta functions with: 
                l(1) =   0
                l(2) =   0
                l(3) =   1
                l(4) =   1
                l(5) =   2
                l(6) =   2
     Q(r) pseudized with 0 coefficients 


     Mode symmetry, D_6h(6/mmm) point group:


     Atomic displacements:
     There are   4 irreducible representations

     Representation     1      1 modes -  To be done

     Representation     2      2 modes -  To be done

     Representation     3      1 modes -  To be done

     Representation     4      2 modes -  To be done



     Alpha used in Ewald sum =   2.8000
     PHONON       :     56.50s CPU     57.84s WALL (       1 calls)


     Representation #   1 mode #   1

     Self-consistent Calculation

     Pert. #  1: Fermi energy shift (Ry) =     0.0000E+00     0.0000E+00

      iter #   1 total cpu time :    82.1 secs   av.it.:  14.8
      thresh= 1.000E-02 alpha_mix =  0.700 |ddv_scf|^2 =  2.364E-04

     Pert. #  1: Fermi energy shift (Ry) =     0.0000E+00     0.0000E+00

      iter #   2 total cpu time :   112.7 secs   av.it.:  20.2
      thresh= 1.538E-03 alpha_mix =  0.700 |ddv_scf|^2 =  7.281E-04

     Pert. #  1: Fermi energy shift (Ry) =     0.0000E+00     0.0000E+00

      iter #   3 total cpu time :   139.7 secs   av.it.:  17.5
      thresh= 2.698E-03 alpha_mix =  0.700 |ddv_scf|^2 =  2.246E-08

     Pert. #  1: Fermi energy shift (Ry) =     0.0000E+00     0.0000E+00

      iter #   4 total cpu time :   172.4 secs   av.it.:  22.2
      thresh= 1.499E-05 alpha_mix =  0.700 |ddv_scf|^2 =  1.160E-09

     Pert. #  1: Fermi energy shift (Ry) =     0.0000E+00     0.0000E+00

      iter #   5 total cpu time :   202.5 secs   av.it.:  20.1
      thresh= 3.405E-06 alpha_mix =  0.700 |ddv_scf|^2 =  1.945E-11

     Pert. #  1: Fermi energy shift (Ry) =     0.0000E+00     0.0000E+00

      iter #   6 total cpu time :   231.8 secs   av.it.:  20.0
      thresh= 4.411E-07 alpha_mix =  0.700 |ddv_scf|^2 =  5.538E-13

     Pert. #  1: Fermi energy shift (Ry) =     0.0000E+00     0.0000E+00

      iter #   7 total cpu time :   260.4 secs   av.it.:  19.1
      thresh= 7.442E-08 alpha_mix =  0.700 |ddv_scf|^2 =  1.726E-15

     Pert. #  1: Fermi energy shift (Ry) =     0.0000E+00     0.0000E+00

      iter #   8 total cpu time :   291.7 secs   av.it.:  21.2
      thresh= 4.155E-09 alpha_mix =  0.700 |ddv_scf|^2 =  1.464E-15

     Pert. #  1: Fermi energy shift (Ry) =     0.0000E+00     0.0000E+00

      iter #   9 total cpu time :   319.7 secs   av.it.:  18.1
      thresh= 3.826E-09 alpha_mix =  0.700 |ddv_scf|^2 =  6.664E-17

     End of self-consistent calculation

     Convergence has been achieved 


     Representation #   2 modes #   2   3

     Self-consistent Calculation

     Pert. #  1: Fermi energy shift (Ry) =    -7.2280E-20    -5.8162E-40
     Pert. #  2: Fermi energy shift (Ry) =     4.3368E-19     3.8265E-40

      iter #   1 total cpu time :   364.1 secs   av.it.:  13.2
      thresh= 1.000E-02 alpha_mix =  0.700 |ddv_scf|^2 =  2.308E-06

     Pert. #  1: Fermi energy shift (Ry) =     1.4456E-19    -4.9744E-41
     Pert. #  2: Fermi energy shift (Ry) =     4.5175E-20     3.1568E-41

      iter #   2 total cpu time :   431.1 secs   av.it.:  22.2
      thresh= 1.519E-04 alpha_mix =  0.700 |ddv_scf|^2 =  2.165E-07

     Pert. #  1: Fermi energy shift (Ry) =     6.1438E-19    -2.2959E-41
     Pert. #  2: Fermi energy shift (Ry) =     0.0000E+00     1.6263E-41

      iter #   3 total cpu time :   498.0 secs   av.it.:  22.3
      thresh= 4.653E-05 alpha_mix =  0.700 |ddv_scf|^2 =  1.207E-09

     Pert. #  1: Fermi energy shift (Ry) =     3.6140E-20    -1.8176E-41
     Pert. #  2: Fermi energy shift (Ry) =     1.8070E-19     1.1958E-41

      iter #   4 total cpu time :   560.3 secs   av.it.:  21.0
      thresh= 3.474E-06 alpha_mix =  0.700 |ddv_scf|^2 =  1.370E-11

     Pert. #  1: Fermi energy shift (Ry) =    -3.6140E-19    -1.8176E-41
     Pert. #  2: Fermi energy shift (Ry) =     0.0000E+00     1.1958E-41

      iter #   5 total cpu time :   626.8 secs   av.it.:  22.3
      thresh= 3.702E-07 alpha_mix =  0.700 |ddv_scf|^2 =  5.332E-14

     Pert. #  1: Fermi energy shift (Ry) =    -6.8666E-19    -1.8176E-41
     Pert. #  2: Fermi energy shift (Ry) =     5.6017E-19     1.1958E-41

      iter #   6 total cpu time :   693.0 secs   av.it.:  22.2
      thresh= 2.309E-08 alpha_mix =  0.700 |ddv_scf|^2 =  1.087E-15

     Pert. #  1: Fermi energy shift (Ry) =    -4.6982E-19    -1.8176E-41
     Pert. #  2: Fermi energy shift (Ry) =     9.0350E-20     1.1958E-41

      iter #   7 total cpu time :   761.0 secs   av.it.:  22.8
      thresh= 3.297E-09 alpha_mix =  0.700 |ddv_scf|^2 =  5.946E-18

     End of self-consistent calculation

     Convergence has been achieved 


     Representation #   3 mode #   4

     Self-consistent Calculation

     Pert. #  1: Fermi energy shift (Ry) =     1.1029E-24     1.2539E-37

      iter #   1 total cpu time :   783.5 secs   av.it.:  12.9
      thresh= 1.000E-02 alpha_mix =  0.700 |ddv_scf|^2 =  7.080E-06

     Pert. #  1: Fermi energy shift (Ry) =     5.5145E-25     0.0000E+00

      iter #   2 total cpu time :   812.6 secs   av.it.:  19.5
      thresh= 2.661E-04 alpha_mix =  0.700 |ddv_scf|^2 =  5.304E-07

     Pert. #  1: Fermi energy shift (Ry) =     5.5145E-25     0.0000E+00

      iter #   3 total cpu time :   842.0 secs   av.it.:  19.7
      thresh= 7.283E-05 alpha_mix =  0.700 |ddv_scf|^2 =  5.340E-09

     Pert. #  1: Fermi energy shift (Ry) =     1.1029E-24     6.1224E-41

      iter #   4 total cpu time :   869.8 secs   av.it.:  18.8
      thresh= 7.307E-06 alpha_mix =  0.700 |ddv_scf|^2 =  3.561E-11

     Pert. #  1: Fermi energy shift (Ry) =     0.0000E+00     0.0000E+00

      iter #   5 total cpu time :   898.1 secs   av.it.:  19.1
      thresh= 5.967E-07 alpha_mix =  0.700 |ddv_scf|^2 =  2.456E-14

     Pert. #  1: Fermi energy shift (Ry) =     1.1029E-24     0.0000E+00

      iter #   6 total cpu time :   926.8 secs   av.it.:  19.4
      thresh= 1.567E-08 alpha_mix =  0.700 |ddv_scf|^2 =  1.964E-15

     Pert. #  1: Fermi energy shift (Ry) =     5.5145E-25     0.0000E+00

      iter #   7 total cpu time :   955.7 secs   av.it.:  19.4
      thresh= 4.432E-09 alpha_mix =  0.700 |ddv_scf|^2 =  2.849E-19

     End of self-consistent calculation

     Convergence has been achieved 


     Representation #   4 modes #   5   6

     Self-consistent Calculation

     Pert. #  1: Fermi energy shift (Ry) =     1.3786E-25     0.0000E+00
     Pert. #  2: Fermi energy shift (Ry) =    -1.3786E-25    -1.8808E-37

      iter #   1 total cpu time :   999.7 secs   av.it.:  13.1
      thresh= 1.000E-02 alpha_mix =  0.700 |ddv_scf|^2 =  1.940E-06

     Pert. #  1: Fermi energy shift (Ry) =    -3.7912E-25    -3.9183E-39
     Pert. #  2: Fermi energy shift (Ry) =     1.0340E-25    -1.9592E-39

      iter #   2 total cpu time :  1066.2 secs   av.it.:  22.1
      thresh= 1.393E-04 alpha_mix =  0.700 |ddv_scf|^2 =  1.576E-07

     Pert. #  1: Fermi energy shift (Ry) =     0.0000E+00     9.7958E-40
     Pert. #  2: Fermi energy shift (Ry) =     0.0000E+00     4.8979E-40

      iter #   3 total cpu time :  1132.9 secs   av.it.:  22.3
      thresh= 3.970E-05 alpha_mix =  0.700 |ddv_scf|^2 =  1.343E-09

     Pert. #  1: Fermi energy shift (Ry) =     1.3786E-25     3.0612E-41
     Pert. #  2: Fermi energy shift (Ry) =     0.0000E+00     3.0612E-41

      iter #   4 total cpu time :  1195.4 secs   av.it.:  21.0
      thresh= 3.665E-06 alpha_mix =  0.700 |ddv_scf|^2 =  9.948E-12

     Pert. #  1: Fermi energy shift (Ry) =    -2.7573E-25    -1.9132E-42
     Pert. #  2: Fermi energy shift (Ry) =    -1.3786E-25    -3.8265E-42

      iter #   5 total cpu time :  1259.8 secs   av.it.:  21.6
      thresh= 3.154E-07 alpha_mix =  0.700 |ddv_scf|^2 =  5.047E-14

     Pert. #  1: Fermi energy shift (Ry) =    -1.3786E-25     5.7397E-42
     Pert. #  2: Fermi energy shift (Ry) =     0.0000E+00     9.5662E-43

      iter #   6 total cpu time :  1328.2 secs   av.it.:  23.0
      thresh= 2.247E-08 alpha_mix =  0.700 |ddv_scf|^2 =  1.508E-15

     Pert. #  1: Fermi energy shift (Ry) =    -1.3786E-25     0.0000E+00
     Pert. #  2: Fermi energy shift (Ry) =     1.3786E-25    -9.5662E-43

      iter #   7 total cpu time :  1395.3 secs   av.it.:  22.5
      thresh= 3.883E-09 alpha_mix =  0.700 |ddv_scf|^2 =  6.895E-17

     End of self-consistent calculation

     Convergence has been achieved 

     Number of q in the star =    1
     List of q in the star:
          1   0.000000000   0.000000000   0.000000000

     Diagonalizing the dynamical matrix

     q = (    0.000000000   0.000000000   0.000000000 ) 

 **************************************************************************
     freq (    1) =      -0.321314 [THz] =     -10.717889 [cm-1]
     freq (    2) =      -0.321314 [THz] =     -10.717889 [cm-1]
     freq (    3) =      -0.306913 [THz] =     -10.237521 [cm-1]
     freq (    4) =       4.188588 [THz] =     139.716251 [cm-1]
     freq (    5) =       4.188588 [THz] =     139.716251 [cm-1]
     freq (    6) =       7.284415 [THz] =     242.981937 [cm-1]
 **************************************************************************

     Using the point group D_6h(6/mmm) to classify the modes
     there are 12 classes
     the character table:

       E     2C6   2C3   C2    3C2'  3C2'' i     2S3   2S6   s_h   3s_d  3s_v 
A_1g   1.00  1.00  1.00  1.00  1.00  1.00  1.00  1.00  1.00  1.00  1.00  1.00
A_2g   1.00  1.00  1.00  1.00 -1.00 -1.00  1.00  1.00  1.00  1.00 -1.00 -1.00
B_1g   1.00 -1.00  1.00 -1.00  1.00 -1.00  1.00 -1.00  1.00 -1.00  1.00 -1.00
B_2g   1.00 -1.00  1.00 -1.00 -1.00  1.00  1.00 -1.00  1.00 -1.00 -1.00  1.00
E_1g   2.00  1.00 -1.00 -2.00  0.00  0.00  2.00  1.00 -1.00 -2.00  0.00  0.00
E_2g   2.00 -1.00 -1.00  2.00  0.00  0.00  2.00 -1.00 -1.00  2.00  0.00  0.00
A_1u   1.00  1.00  1.00  1.00  1.00  1.00 -1.00 -1.00 -1.00 -1.00 -1.00 -1.00
A_2u   1.00  1.00  1.00  1.00 -1.00 -1.00 -1.00 -1.00 -1.00 -1.00  1.00  1.00
B_1u   1.00 -1.00  1.00 -1.00  1.00 -1.00 -1.00  1.00 -1.00  1.00 -1.00  1.00
B_2u   1.00 -1.00  1.00 -1.00 -1.00  1.00 -1.00  1.00 -1.00  1.00  1.00 -1.00
E_1u   2.00  1.00 -1.00 -2.00  0.00  0.00 -2.00 -1.00  1.00  2.00  0.00  0.00
E_2u   2.00 -1.00 -1.00  2.00  0.00  0.00 -2.00  1.00  1.00 -2.00  0.00  0.00

     the symmetry operations in each class and the name of the first element:

     E        1
          identity                                               
     2C6      5    6
           60 deg rotation - cryst. axis [0,0,1]                 
     2C3      7    8
          120 deg rotation - cryst. axis [0,0,1]                 
     C2       2
          180 deg rotation - cart. axis [0,0,1]                  
     3C2'     4   12   11
          180 deg rotation - cart. axis [1,0,0]                  
     3C2''    3    9   10
          180 deg rotation - cart. axis [0,1,0]                  
     i       13
          inversion                                              
     2S3     17   18
          inv.  60 deg rotation - cryst. axis [0,0,1]            
     2S6     19   20
          inv. 120 deg rotation - cryst. axis [0,0,1]            
     s_h     14
          inv. 180 deg rotation - cart. axis [0,0,1]             
     3s_d    16   24   23
          inv. 180 deg rotation - cart. axis [1,0,0]             
     3s_v    15   21   22
          inv. 180 deg rotation - cart. axis [0,1,0]             

     Mode symmetry, D_6h(6/mmm) point group:

     freq (   1-   2) =        -10.7  [cm-1]   --> E_1u            I  
     freq (   3-   3) =        -10.2  [cm-1]   --> A_2u            I  
     freq (   4-   5) =        139.7  [cm-1]   --> E_2g            R  
     freq (   6-   6) =        243.0  [cm-1]   --> B_1g               

     THERMO_PW    :  24m58.66s CPU  25m28.46s WALL


   This run was terminated on:   8:56:18  24Jan2024            

=------------------------------------------------------------------------------=
   JOB DONE.
=------------------------------------------------------------------------------=
